2024-12-02 22:25:48,438 - 進入函式：wait_for_scan_complete
2024-12-02 22:25:48,438 - 進入函式：check_scan
2024-12-02 22:25:49,612 - 離開函式：check_scan
2024-12-02 22:25:51,942 - 進入函式：check_scan
2024-12-02 22:25:52,279 - 離開函式：check_scan
2024-12-02 22:25:53,444 - === 時間戳記 2024-12-02 22:25:53.444894 ===
目前執行函式：wait_for_scan_complete

2024-12-02 22:25:54,614 - 進入函式：check_scan
2024-12-02 22:25:54,615 - 離開函式：check_scan
2024-12-02 22:25:54,616 - 離開函式：wait_for_scan_complete
2024-12-02 22:27:50,677 - 進入函式：wait_for_scan_complete
2024-12-02 22:27:50,677 - 進入函式：check_scan
2024-12-02 22:27:53,000 - 離開函式：check_scan
2024-12-02 22:27:53,574 - === 時間戳記 2024-12-02 22:27:53.574940 ===
目前執行函式：wait_for_scan_complete

2024-12-02 22:27:55,339 - 進入函式：check_scan
2024-12-02 22:27:55,684 - 離開函式：check_scan
2024-12-02 22:27:58,024 - 進入函式：check_scan
2024-12-02 22:27:58,372 - 離開函式：check_scan
2024-12-02 22:27:58,579 - === 時間戳記 2024-12-02 22:27:58.579926 ===
目前執行函式：wait_for_scan_complete

2024-12-02 22:28:00,712 - 進入函式：check_scan
2024-12-02 22:28:01,051 - 離開函式：check_scan
2024-12-02 22:28:03,381 - 進入函式：check_scan
2024-12-02 22:28:03,586 - === 時間戳記 2024-12-02 22:28:03.586021 ===
目前執行函式：wait_for_scan_complete -> check_scan

2024-12-02 22:28:03,722 - 離開函式：check_scan
2024-12-02 22:28:06,059 - 進入函式：check_scan
2024-12-02 22:28:06,408 - 離開函式：check_scan
2024-12-02 22:28:08,591 - === 時間戳記 2024-12-02 22:28:08.591666 ===
目前執行函式：wait_for_scan_complete

2024-12-02 22:28:08,744 - 進入函式：check_scan
2024-12-02 22:28:09,093 - 離開函式：check_scan
2024-12-02 22:28:11,436 - 進入函式：check_scan
2024-12-02 22:28:11,785 - 離開函式：check_scan
2024-12-02 22:28:13,597 - === 時間戳記 2024-12-02 22:28:13.597456 ===
目前執行函式：wait_for_scan_complete

2024-12-02 22:28:14,129 - 進入函式：check_scan
2024-12-02 22:28:14,478 - 離開函式：check_scan
2024-12-02 22:28:16,818 - 進入函式：check_scan
2024-12-02 22:28:17,162 - 離開函式：check_scan
2024-12-02 22:28:18,602 - === 時間戳記 2024-12-02 22:28:18.602864 ===
目前執行函式：wait_for_scan_complete

2024-12-02 22:28:19,504 - 進入函式：check_scan
2024-12-02 22:28:19,849 - 離開函式：check_scan
2024-12-02 22:28:22,187 - 進入函式：check_scan
2024-12-02 22:28:22,530 - 離開函式：check_scan
2024-12-02 22:28:23,608 - === 時間戳記 2024-12-02 22:28:23.608401 ===
目前執行函式：wait_for_scan_complete

2024-12-02 22:28:24,873 - 進入函式：check_scan
2024-12-02 22:28:25,221 - 離開函式：check_scan
2024-12-02 22:28:27,563 - 進入函式：check_scan
2024-12-02 22:28:27,910 - 離開函式：check_scan
2024-12-02 22:28:28,614 - === 時間戳記 2024-12-02 22:28:28.614405 ===
目前執行函式：wait_for_scan_complete

2024-12-02 22:28:30,253 - 進入函式：check_scan
2024-12-02 22:28:30,599 - 離開函式：check_scan
2024-12-02 22:28:32,941 - 進入函式：check_scan
2024-12-02 22:28:33,288 - 離開函式：check_scan
2024-12-02 22:28:33,620 - === 時間戳記 2024-12-02 22:28:33.620322 ===
目前執行函式：wait_for_scan_complete

2024-12-02 22:28:35,631 - 進入函式：check_scan
2024-12-02 22:28:35,978 - 離開函式：check_scan
2024-12-02 22:28:38,321 - 進入函式：check_scan
2024-12-02 22:28:38,625 - === 時間戳記 2024-12-02 22:28:38.625489 ===
目前執行函式：wait_for_scan_complete -> check_scan

2024-12-02 22:28:38,667 - 離開函式：check_scan
2024-12-02 22:28:41,009 - 進入函式：check_scan
2024-12-02 22:28:41,352 - 離開函式：check_scan
2024-12-02 22:28:43,632 - === 時間戳記 2024-12-02 22:28:43.632478 ===
目前執行函式：wait_for_scan_complete

2024-12-02 22:28:43,693 - 進入函式：check_scan
2024-12-02 22:28:44,042 - 離開函式：check_scan
2024-12-02 22:28:46,384 - 進入函式：check_scan
2024-12-02 22:28:46,731 - 離開函式：check_scan
2024-12-02 22:28:48,638 - === 時間戳記 2024-12-02 22:28:48.638812 ===
目前執行函式：wait_for_scan_complete

2024-12-02 22:28:49,074 - 進入函式：check_scan
2024-12-02 22:28:49,423 - 離開函式：check_scan
2024-12-02 22:28:51,765 - 進入函式：check_scan
2024-12-02 22:28:52,114 - 離開函式：check_scan
2024-12-02 22:28:53,644 - === 時間戳記 2024-12-02 22:28:53.644538 ===
目前執行函式：wait_for_scan_complete

2024-12-02 22:28:54,455 - 進入函式：check_scan
2024-12-02 22:28:54,803 - 離開函式：check_scan
2024-12-02 22:28:57,145 - 進入函式：check_scan
2024-12-02 22:28:57,495 - 離開函式：check_scan
2024-12-02 22:28:58,649 - === 時間戳記 2024-12-02 22:28:58.649724 ===
目前執行函式：wait_for_scan_complete

2024-12-02 22:28:59,838 - 進入函式：check_scan
2024-12-02 22:29:00,185 - 離開函式：check_scan
2024-12-02 22:29:02,527 - 進入函式：check_scan
2024-12-02 22:29:02,874 - 離開函式：check_scan
2024-12-02 22:29:03,655 - === 時間戳記 2024-12-02 22:29:03.655404 ===
目前執行函式：wait_for_scan_complete

2024-12-02 22:29:05,217 - 進入函式：check_scan
2024-12-02 22:29:05,565 - 離開函式：check_scan
2024-12-02 22:29:07,909 - 進入函式：check_scan
2024-12-02 22:29:08,256 - 離開函式：check_scan
2024-12-02 22:29:08,661 - === 時間戳記 2024-12-02 22:29:08.661582 ===
目前執行函式：wait_for_scan_complete

2024-12-02 22:29:10,598 - 進入函式：check_scan
2024-12-02 22:29:10,945 - 離開函式：check_scan
2024-12-02 22:29:13,288 - 進入函式：check_scan
2024-12-02 22:29:13,636 - 離開函式：check_scan
2024-12-02 22:29:13,668 - === 時間戳記 2024-12-02 22:29:13.668112 ===
目前執行函式：wait_for_scan_complete

2024-12-02 22:29:15,981 - 進入函式：check_scan
2024-12-02 22:29:16,328 - 離開函式：check_scan
2024-12-02 22:29:18,670 - 進入函式：check_scan
2024-12-02 22:29:18,674 - === 時間戳記 2024-12-02 22:29:18.674543 ===
目前執行函式：wait_for_scan_complete -> check_scan

2024-12-02 22:29:19,019 - 離開函式：check_scan
2024-12-02 22:29:21,364 - 進入函式：check_scan
2024-12-02 22:29:21,710 - 離開函式：check_scan
2024-12-02 22:29:23,680 - === 時間戳記 2024-12-02 22:29:23.680456 ===
目前執行函式：wait_for_scan_complete

2024-12-02 22:29:24,055 - 進入函式：check_scan
2024-12-02 22:29:24,406 - 離開函式：check_scan
2024-12-02 22:29:26,746 - 進入函式：check_scan
2024-12-02 22:29:27,093 - 離開函式：check_scan
2024-12-02 22:29:28,686 - === 時間戳記 2024-12-02 22:29:28.686200 ===
目前執行函式：wait_for_scan_complete

2024-12-02 22:29:29,436 - 進入函式：check_scan
2024-12-02 22:29:29,786 - 離開函式：check_scan
2024-12-02 22:29:32,128 - 進入函式：check_scan
2024-12-02 22:29:32,476 - 離開函式：check_scan
2024-12-02 22:29:33,692 - === 時間戳記 2024-12-02 22:29:33.692579 ===
目前執行函式：wait_for_scan_complete

2024-12-02 22:29:34,818 - 進入函式：check_scan
2024-12-02 22:29:35,167 - 離開函式：check_scan
2024-12-02 22:29:37,510 - 進入函式：check_scan
2024-12-02 22:29:37,859 - 離開函式：check_scan
2024-12-02 22:29:38,698 - === 時間戳記 2024-12-02 22:29:38.698475 ===
目前執行函式：wait_for_scan_complete

2024-12-02 22:29:40,203 - 進入函式：check_scan
2024-12-02 22:29:40,551 - 離開函式：check_scan
2024-12-02 22:29:42,893 - 進入函式：check_scan
2024-12-02 22:29:43,243 - 離開函式：check_scan
2024-12-02 22:29:43,704 - === 時間戳記 2024-12-02 22:29:43.704101 ===
目前執行函式：wait_for_scan_complete

2024-12-02 22:29:45,584 - 進入函式：check_scan
2024-12-02 22:29:45,933 - 離開函式：check_scan
2024-12-02 22:29:48,275 - 進入函式：check_scan
2024-12-02 22:29:48,625 - 離開函式：check_scan
2024-12-02 22:29:48,711 - === 時間戳記 2024-12-02 22:29:48.711583 ===
目前執行函式：wait_for_scan_complete

2024-12-02 22:29:50,967 - 進入函式：check_scan
2024-12-02 22:29:51,315 - 離開函式：check_scan
2024-12-02 22:29:53,659 - 進入函式：check_scan
2024-12-02 22:29:53,717 - === 時間戳記 2024-12-02 22:29:53.717887 ===
目前執行函式：wait_for_scan_complete -> check_scan

2024-12-02 22:29:54,008 - 離開函式：check_scan
2024-12-02 22:29:56,351 - 進入函式：check_scan
2024-12-02 22:29:56,699 - 離開函式：check_scan
2024-12-02 22:29:58,723 - === 時間戳記 2024-12-02 22:29:58.723212 ===
目前執行函式：wait_for_scan_complete

2024-12-02 22:29:59,042 - 進入函式：check_scan
2024-12-02 22:29:59,390 - 離開函式：check_scan
2024-12-02 22:30:01,732 - 進入函式：check_scan
2024-12-02 22:30:02,083 - 離開函式：check_scan
2024-12-02 22:30:03,730 - === 時間戳記 2024-12-02 22:30:03.730284 ===
目前執行函式：wait_for_scan_complete

2024-12-02 22:30:04,422 - 進入函式：check_scan
2024-12-02 22:30:04,771 - 離開函式：check_scan
2024-12-02 22:30:07,114 - 進入函式：check_scan
2024-12-02 22:30:07,116 - 離開函式：check_scan
2024-12-02 22:30:07,116 - 離開函式：wait_for_scan_complete
2024-12-02 22:32:02,864 - 進入函式：wait_for_scan_complete
2024-12-02 22:32:02,864 - 進入函式：check_scan
2024-12-02 22:32:03,852 - === 時間戳記 2024-12-02 22:32:03.852037 ===
目前執行函式：wait_for_scan_complete -> check_scan

2024-12-02 22:32:05,185 - 離開函式：check_scan
2024-12-02 22:32:07,528 - 進入函式：check_scan
2024-12-02 22:32:07,873 - 離開函式：check_scan
2024-12-02 22:32:08,858 - === 時間戳記 2024-12-02 22:32:08.858252 ===
目前執行函式：wait_for_scan_complete

2024-12-02 22:32:10,213 - 進入函式：check_scan
2024-12-02 22:32:10,562 - 離開函式：check_scan
2024-12-02 22:32:12,904 - 進入函式：check_scan
2024-12-02 22:32:13,251 - 離開函式：check_scan
2024-12-02 22:32:13,866 - === 時間戳記 2024-12-02 22:32:13.866082 ===
目前執行函式：wait_for_scan_complete

2024-12-02 22:32:15,594 - 進入函式：check_scan
2024-12-02 22:32:15,942 - 離開函式：check_scan
2024-12-02 22:32:18,287 - 進入函式：check_scan
2024-12-02 22:32:18,637 - 離開函式：check_scan
2024-12-02 22:32:18,874 - === 時間戳記 2024-12-02 22:32:18.874367 ===
目前執行函式：wait_for_scan_complete

2024-12-02 22:32:20,979 - 進入函式：check_scan
2024-12-02 22:32:21,326 - 離開函式：check_scan
2024-12-02 22:32:23,668 - 進入函式：check_scan
2024-12-02 22:32:23,881 - === 時間戳記 2024-12-02 22:32:23.881291 ===
目前執行函式：wait_for_scan_complete -> check_scan

2024-12-02 22:32:24,017 - 離開函式：check_scan
2024-12-02 22:32:26,360 - 進入函式：check_scan
2024-12-02 22:32:26,708 - 離開函式：check_scan
2024-12-02 22:32:28,887 - === 時間戳記 2024-12-02 22:32:28.887186 ===
目前執行函式：wait_for_scan_complete

2024-12-02 22:32:29,054 - 進入函式：check_scan
2024-12-02 22:32:29,403 - 離開函式：check_scan
2024-12-02 22:32:31,745 - 進入函式：check_scan
2024-12-02 22:32:32,094 - 離開函式：check_scan
2024-12-02 22:32:33,893 - === 時間戳記 2024-12-02 22:32:33.893393 ===
目前執行函式：wait_for_scan_complete

2024-12-02 22:32:34,437 - 進入函式：check_scan
2024-12-02 22:32:34,785 - 離開函式：check_scan
2024-12-02 22:32:37,127 - 進入函式：check_scan
2024-12-02 22:32:37,475 - 離開函式：check_scan
2024-12-02 22:32:38,900 - === 時間戳記 2024-12-02 22:32:38.900353 ===
目前執行函式：wait_for_scan_complete

2024-12-02 22:32:39,819 - 進入函式：check_scan
2024-12-02 22:32:40,167 - 離開函式：check_scan
2024-12-02 22:32:42,511 - 進入函式：check_scan
2024-12-02 22:32:42,859 - 離開函式：check_scan
2024-12-02 22:32:43,906 - === 時間戳記 2024-12-02 22:32:43.906466 ===
目前執行函式：wait_for_scan_complete

2024-12-02 22:32:45,201 - 進入函式：check_scan
2024-12-02 22:32:45,549 - 離開函式：check_scan
2024-12-02 22:32:47,891 - 進入函式：check_scan
2024-12-02 22:32:48,240 - 離開函式：check_scan
2024-12-02 22:32:48,912 - === 時間戳記 2024-12-02 22:32:48.912622 ===
目前執行函式：wait_for_scan_complete

2024-12-02 22:32:50,582 - 進入函式：check_scan
2024-12-02 22:32:50,931 - 離開函式：check_scan
2024-12-02 22:32:53,275 - 進入函式：check_scan
2024-12-02 22:32:53,621 - 離開函式：check_scan
2024-12-02 22:32:53,921 - === 時間戳記 2024-12-02 22:32:53.921571 ===
目前執行函式：wait_for_scan_complete

2024-12-02 22:32:55,964 - 進入函式：check_scan
2024-12-02 22:32:56,311 - 離開函式：check_scan
2024-12-02 22:32:58,654 - 進入函式：check_scan
2024-12-02 22:32:58,927 - === 時間戳記 2024-12-02 22:32:58.927684 ===
目前執行函式：wait_for_scan_complete -> check_scan

2024-12-02 22:32:59,002 - 離開函式：check_scan
2024-12-02 22:33:01,343 - 進入函式：check_scan
2024-12-02 22:33:01,695 - 離開函式：check_scan
2024-12-02 22:33:03,934 - === 時間戳記 2024-12-02 22:33:03.934883 ===
目前執行函式：wait_for_scan_complete

2024-12-02 22:33:04,034 - 進入函式：check_scan
2024-12-02 22:33:04,382 - 離開函式：check_scan
2024-12-02 22:33:06,725 - 進入函式：check_scan
2024-12-02 22:33:07,076 - 離開函式：check_scan
2024-12-02 22:33:08,940 - === 時間戳記 2024-12-02 22:33:08.940619 ===
目前執行函式：wait_for_scan_complete

2024-12-02 22:33:09,416 - 進入函式：check_scan
2024-12-02 22:33:09,763 - 離開函式：check_scan
2024-12-02 22:33:12,106 - 進入函式：check_scan
2024-12-02 22:33:12,454 - 離開函式：check_scan
2024-12-02 22:33:13,946 - === 時間戳記 2024-12-02 22:33:13.946674 ===
目前執行函式：wait_for_scan_complete

2024-12-02 22:33:14,797 - 進入函式：check_scan
2024-12-02 22:33:15,139 - 離開函式：check_scan
2024-12-02 22:33:17,469 - 進入函式：check_scan
2024-12-02 22:33:17,810 - 離開函式：check_scan
2024-12-02 22:33:18,952 - === 時間戳記 2024-12-02 22:33:18.952528 ===
目前執行函式：wait_for_scan_complete

2024-12-02 22:33:20,151 - 進入函式：check_scan
2024-12-02 22:33:20,497 - 離開函式：check_scan
2024-12-02 22:33:22,840 - 進入函式：check_scan
2024-12-02 22:33:23,188 - 離開函式：check_scan
2024-12-02 22:33:23,959 - === 時間戳記 2024-12-02 22:33:23.959119 ===
目前執行函式：wait_for_scan_complete

2024-12-02 22:33:25,530 - 進入函式：check_scan
2024-12-02 22:33:25,877 - 離開函式：check_scan
2024-12-02 22:33:28,219 - 進入函式：check_scan
2024-12-02 22:33:28,568 - 離開函式：check_scan
2024-12-02 22:33:28,966 - === 時間戳記 2024-12-02 22:33:28.966753 ===
目前執行函式：wait_for_scan_complete

2024-12-02 22:33:30,908 - 進入函式：check_scan
2024-12-02 22:33:31,257 - 離開函式：check_scan
2024-12-02 22:33:33,600 - 進入函式：check_scan
2024-12-02 22:33:33,946 - 離開函式：check_scan
2024-12-02 22:33:33,973 - === 時間戳記 2024-12-02 22:33:33.973047 ===
目前執行函式：wait_for_scan_complete

2024-12-02 22:33:36,286 - 進入函式：check_scan
2024-12-02 22:33:36,634 - 離開函式：check_scan
2024-12-02 22:33:38,978 - 進入函式：check_scan
2024-12-02 22:33:38,979 - === 時間戳記 2024-12-02 22:33:38.979887 ===
目前執行函式：wait_for_scan_complete -> check_scan

2024-12-02 22:33:39,326 - 離開函式：check_scan
2024-12-02 22:33:41,668 - 進入函式：check_scan
2024-12-02 22:33:42,019 - 離開函式：check_scan
2024-12-02 22:33:43,986 - === 時間戳記 2024-12-02 22:33:43.986606 ===
目前執行函式：wait_for_scan_complete

2024-12-02 22:33:44,359 - 進入函式：check_scan
2024-12-02 22:33:44,707 - 離開函式：check_scan
2024-12-02 22:33:47,050 - 進入函式：check_scan
2024-12-02 22:33:47,398 - 離開函式：check_scan
2024-12-02 22:33:48,993 - === 時間戳記 2024-12-02 22:33:48.993532 ===
目前執行函式：wait_for_scan_complete

2024-12-02 22:33:49,741 - 進入函式：check_scan
2024-12-02 22:33:50,089 - 離開函式：check_scan
2024-12-02 22:33:52,431 - 進入函式：check_scan
2024-12-02 22:33:52,779 - 離開函式：check_scan
2024-12-02 22:33:54,000 - === 時間戳記 2024-12-02 22:33:54.000737 ===
目前執行函式：wait_for_scan_complete

2024-12-02 22:33:55,120 - 進入函式：check_scan
2024-12-02 22:33:55,468 - 離開函式：check_scan
2024-12-02 22:33:57,812 - 進入函式：check_scan
2024-12-02 22:33:58,159 - 離開函式：check_scan
2024-12-02 22:33:59,009 - === 時間戳記 2024-12-02 22:33:59.009400 ===
目前執行函式：wait_for_scan_complete

2024-12-02 22:34:00,501 - 進入函式：check_scan
2024-12-02 22:34:00,850 - 離開函式：check_scan
2024-12-02 22:34:03,194 - 進入函式：check_scan
2024-12-02 22:34:03,541 - 離開函式：check_scan
2024-12-02 22:34:04,016 - === 時間戳記 2024-12-02 22:34:04.016429 ===
目前執行函式：wait_for_scan_complete

2024-12-02 22:34:05,884 - 進入函式：check_scan
2024-12-02 22:34:06,232 - 離開函式：check_scan
2024-12-02 22:34:08,575 - 進入函式：check_scan
2024-12-02 22:34:08,923 - 離開函式：check_scan
2024-12-02 22:34:09,023 - === 時間戳記 2024-12-02 22:34:09.023362 ===
目前執行函式：wait_for_scan_complete

2024-12-02 22:34:11,265 - 進入函式：check_scan
2024-12-02 22:34:11,615 - 離開函式：check_scan
2024-12-02 22:34:13,959 - 進入函式：check_scan
2024-12-02 22:34:14,030 - === 時間戳記 2024-12-02 22:34:14.030707 ===
目前執行函式：wait_for_scan_complete -> check_scan

2024-12-02 22:34:14,308 - 離開函式：check_scan
2024-12-02 22:34:16,651 - 進入函式：check_scan
2024-12-02 22:34:16,999 - 離開函式：check_scan
2024-12-02 22:34:19,038 - === 時間戳記 2024-12-02 22:34:19.038900 ===
目前執行函式：wait_for_scan_complete

2024-12-02 22:34:19,341 - 進入函式：check_scan
2024-12-02 22:34:19,342 - 離開函式：check_scan
2024-12-02 22:34:19,342 - 離開函式：wait_for_scan_complete
2024-12-02 22:36:14,753 - 進入函式：wait_for_scan_complete
2024-12-02 22:36:14,753 - 進入函式：check_scan
2024-12-02 22:36:17,071 - 離開函式：check_scan
2024-12-02 22:36:19,185 - === 時間戳記 2024-12-02 22:36:19.185942 ===
目前執行函式：wait_for_scan_complete

2024-12-02 22:36:19,412 - 進入函式：check_scan
2024-12-02 22:36:19,756 - 離開函式：check_scan
2024-12-02 22:36:22,095 - 進入函式：check_scan
2024-12-02 22:36:22,443 - 離開函式：check_scan
2024-12-02 22:36:24,193 - === 時間戳記 2024-12-02 22:36:24.193648 ===
目前執行函式：wait_for_scan_complete

2024-12-02 22:36:24,782 - 進入函式：check_scan
2024-12-02 22:36:25,130 - 離開函式：check_scan
2024-12-02 22:36:27,472 - 進入函式：check_scan
2024-12-02 22:36:27,826 - 離開函式：check_scan
2024-12-02 22:36:29,199 - === 時間戳記 2024-12-02 22:36:29.199107 ===
目前執行函式：wait_for_scan_complete

2024-12-02 22:36:30,165 - 進入函式：check_scan
2024-12-02 22:36:30,514 - 離開函式：check_scan
2024-12-02 22:36:32,856 - 進入函式：check_scan
2024-12-02 22:36:33,204 - 離開函式：check_scan
2024-12-02 22:36:34,205 - === 時間戳記 2024-12-02 22:36:34.205042 ===
目前執行函式：wait_for_scan_complete

2024-12-02 22:36:35,546 - 進入函式：check_scan
2024-12-02 22:36:35,893 - 離開函式：check_scan
2024-12-02 22:36:38,234 - 進入函式：check_scan
2024-12-02 22:36:38,586 - 離開函式：check_scan
2024-12-02 22:36:39,211 - === 時間戳記 2024-12-02 22:36:39.211426 ===
目前執行函式：wait_for_scan_complete

2024-12-02 22:36:40,916 - 進入函式：check_scan
2024-12-02 22:36:41,253 - 離開函式：check_scan
2024-12-02 22:36:43,593 - 進入函式：check_scan
2024-12-02 22:36:43,940 - 離開函式：check_scan
2024-12-02 22:36:44,216 - === 時間戳記 2024-12-02 22:36:44.216665 ===
目前執行函式：wait_for_scan_complete

2024-12-02 22:36:46,281 - 進入函式：check_scan
2024-12-02 22:36:46,630 - 離開函式：check_scan
2024-12-02 22:36:48,973 - 進入函式：check_scan
2024-12-02 22:36:49,223 - === 時間戳記 2024-12-02 22:36:49.223023 ===
目前執行函式：wait_for_scan_complete -> check_scan

2024-12-02 22:36:49,319 - 離開函式：check_scan
2024-12-02 22:36:51,660 - 進入函式：check_scan
2024-12-02 22:36:52,006 - 離開函式：check_scan
2024-12-02 22:36:54,228 - === 時間戳記 2024-12-02 22:36:54.228853 ===
目前執行函式：wait_for_scan_complete

2024-12-02 22:36:54,347 - 進入函式：check_scan
2024-12-02 22:36:54,694 - 離開函式：check_scan
2024-12-02 22:36:57,036 - 進入函式：check_scan
2024-12-02 22:36:57,376 - 離開函式：check_scan
2024-12-02 22:36:59,233 - === 時間戳記 2024-12-02 22:36:59.233913 ===
目前執行函式：wait_for_scan_complete

2024-12-02 22:36:59,706 - 進入函式：check_scan
2024-12-02 22:37:00,042 - 離開函式：check_scan
2024-12-02 22:37:02,377 - 進入函式：check_scan
2024-12-02 22:37:02,723 - 離開函式：check_scan
2024-12-02 22:37:04,241 - === 時間戳記 2024-12-02 22:37:04.241341 ===
目前執行函式：wait_for_scan_complete

2024-12-02 22:37:05,063 - 進入函式：check_scan
2024-12-02 22:37:05,408 - 離開函式：check_scan
2024-12-02 22:37:07,749 - 進入函式：check_scan
2024-12-02 22:37:08,095 - 離開函式：check_scan
2024-12-02 22:37:09,247 - === 時間戳記 2024-12-02 22:37:09.247263 ===
目前執行函式：wait_for_scan_complete

2024-12-02 22:37:10,436 - 進入函式：check_scan
2024-12-02 22:37:10,784 - 離開函式：check_scan
2024-12-02 22:37:13,123 - 進入函式：check_scan
2024-12-02 22:37:13,471 - 離開函式：check_scan
2024-12-02 22:37:14,253 - === 時間戳記 2024-12-02 22:37:14.253472 ===
目前執行函式：wait_for_scan_complete

2024-12-02 22:37:15,812 - 進入函式：check_scan
2024-12-02 22:37:16,158 - 離開函式：check_scan
2024-12-02 22:37:18,498 - 進入函式：check_scan
2024-12-02 22:37:18,845 - 離開函式：check_scan
2024-12-02 22:37:19,259 - === 時間戳記 2024-12-02 22:37:19.259715 ===
目前執行函式：wait_for_scan_complete

2024-12-02 22:37:21,191 - 進入函式：check_scan
2024-12-02 22:37:21,537 - 離開函式：check_scan
2024-12-02 22:37:23,877 - 進入函式：check_scan
2024-12-02 22:37:24,224 - 離開函式：check_scan
2024-12-02 22:37:24,265 - === 時間戳記 2024-12-02 22:37:24.265893 ===
目前執行函式：wait_for_scan_complete

2024-12-02 22:37:26,564 - 進入函式：check_scan
2024-12-02 22:37:26,911 - 離開函式：check_scan
2024-12-02 22:37:29,252 - 進入函式：check_scan
2024-12-02 22:37:29,271 - === 時間戳記 2024-12-02 22:37:29.271342 ===
目前執行函式：wait_for_scan_complete -> check_scan

2024-12-02 22:37:29,598 - 離開函式：check_scan
2024-12-02 22:37:31,942 - 進入函式：check_scan
2024-12-02 22:37:32,288 - 離開函式：check_scan
2024-12-02 22:37:34,277 - === 時間戳記 2024-12-02 22:37:34.277427 ===
目前執行函式：wait_for_scan_complete

2024-12-02 22:37:34,629 - 進入函式：check_scan
2024-12-02 22:37:34,976 - 離開函式：check_scan
2024-12-02 22:37:37,322 - 進入函式：check_scan
2024-12-02 22:37:37,669 - 離開函式：check_scan
2024-12-02 22:37:39,283 - === 時間戳記 2024-12-02 22:37:39.283163 ===
目前執行函式：wait_for_scan_complete

2024-12-02 22:37:40,009 - 進入函式：check_scan
2024-12-02 22:37:40,360 - 離開函式：check_scan
2024-12-02 22:37:42,700 - 進入函式：check_scan
2024-12-02 22:37:43,046 - 離開函式：check_scan
2024-12-02 22:37:44,289 - === 時間戳記 2024-12-02 22:37:44.289657 ===
目前執行函式：wait_for_scan_complete

2024-12-02 22:37:45,388 - 進入函式：check_scan
2024-12-02 22:37:45,735 - 離開函式：check_scan
2024-12-02 22:37:48,075 - 進入函式：check_scan
2024-12-02 22:37:48,421 - 離開函式：check_scan
2024-12-02 22:37:49,296 - === 時間戳記 2024-12-02 22:37:49.296069 ===
目前執行函式：wait_for_scan_complete

2024-12-02 22:37:50,761 - 進入函式：check_scan
2024-12-02 22:37:51,108 - 離開函式：check_scan
2024-12-02 22:37:53,449 - 進入函式：check_scan
2024-12-02 22:37:53,796 - 離開函式：check_scan
2024-12-02 22:37:54,302 - === 時間戳記 2024-12-02 22:37:54.302525 ===
目前執行函式：wait_for_scan_complete

2024-12-02 22:37:56,137 - 進入函式：check_scan
2024-12-02 22:37:56,484 - 離開函式：check_scan
2024-12-02 22:37:58,823 - 進入函式：check_scan
2024-12-02 22:37:59,171 - 離開函式：check_scan
2024-12-02 22:37:59,309 - === 時間戳記 2024-12-02 22:37:59.309189 ===
目前執行函式：wait_for_scan_complete

2024-12-02 22:38:01,514 - 進入函式：check_scan
2024-12-02 22:38:01,860 - 離開函式：check_scan
2024-12-02 22:38:04,201 - 進入函式：check_scan
2024-12-02 22:38:04,314 - === 時間戳記 2024-12-02 22:38:04.314458 ===
目前執行函式：wait_for_scan_complete -> check_scan

2024-12-02 22:38:04,551 - 離開函式：check_scan
2024-12-02 22:38:06,892 - 進入函式：check_scan
2024-12-02 22:38:07,238 - 離開函式：check_scan
2024-12-02 22:38:09,320 - === 時間戳記 2024-12-02 22:38:09.320394 ===
目前執行函式：wait_for_scan_complete

2024-12-02 22:38:09,579 - 進入函式：check_scan
2024-12-02 22:38:09,926 - 離開函式：check_scan
2024-12-02 22:38:12,268 - 進入函式：check_scan
2024-12-02 22:38:12,614 - 離開函式：check_scan
2024-12-02 22:38:14,327 - === 時間戳記 2024-12-02 22:38:14.327332 ===
目前執行函式：wait_for_scan_complete

2024-12-02 22:38:14,954 - 進入函式：check_scan
2024-12-02 22:38:15,301 - 離開函式：check_scan
2024-12-02 22:38:17,643 - 進入函式：check_scan
2024-12-02 22:38:17,991 - 離開函式：check_scan
2024-12-02 22:38:19,333 - === 時間戳記 2024-12-02 22:38:19.333872 ===
目前執行函式：wait_for_scan_complete

2024-12-02 22:38:20,331 - 進入函式：check_scan
2024-12-02 22:38:20,678 - 離開函式：check_scan
2024-12-02 22:38:23,020 - 進入函式：check_scan
2024-12-02 22:38:23,366 - 離開函式：check_scan
2024-12-02 22:38:24,339 - === 時間戳記 2024-12-02 22:38:24.339678 ===
目前執行函式：wait_for_scan_complete

2024-12-02 22:38:25,708 - 進入函式：check_scan
2024-12-02 22:38:26,056 - 離開函式：check_scan
2024-12-02 22:38:28,398 - 進入函式：check_scan
2024-12-02 22:38:28,399 - 離開函式：check_scan
2024-12-02 22:38:28,399 - 離開函式：wait_for_scan_complete
