2024-12-04 16:52:55,004 - 進入函式：wait_for_scan_complete
2024-12-04 16:52:55,004 - 進入函式：check_scan
2024-12-04 16:52:56,282 - 離開函式：check_scan
2024-12-04 16:52:58,622 - 進入函式：check_scan
2024-12-04 16:52:58,964 - 離開函式：check_scan
2024-12-04 16:53:00,010 - === 時間戳記 2024-12-04 16:53:00.010397 ===
目前執行函式：wait_for_scan_complete

2024-12-04 16:53:01,296 - 進入函式：check_scan
2024-12-04 16:53:01,302 - 離開函式：check_scan
2024-12-04 16:53:01,303 - 離開函式：wait_for_scan_complete
2024-12-04 16:55:00,637 - 進入函式：wait_for_scan_complete
2024-12-04 16:55:00,637 - 進入函式：check_scan
2024-12-04 16:55:02,956 - 離開函式：check_scan
2024-12-04 16:55:05,169 - === 時間戳記 2024-12-04 16:55:05.169963 ===
目前執行函式：wait_for_scan_complete

2024-12-04 16:55:05,294 - 進入函式：check_scan
2024-12-04 16:55:05,639 - 離開函式：check_scan
2024-12-04 16:55:07,977 - 進入函式：check_scan
2024-12-04 16:55:08,323 - 離開函式：check_scan
2024-12-04 16:55:10,176 - === 時間戳記 2024-12-04 16:55:10.176211 ===
目前執行函式：wait_for_scan_complete

2024-12-04 16:55:10,663 - 進入函式：check_scan
2024-12-04 16:55:11,018 - 離開函式：check_scan
2024-12-04 16:55:13,365 - 進入函式：check_scan
2024-12-04 16:55:13,715 - 離開函式：check_scan
2024-12-04 16:55:15,183 - === 時間戳記 2024-12-04 16:55:15.183676 ===
目前執行函式：wait_for_scan_complete

2024-12-04 16:55:16,059 - 進入函式：check_scan
2024-12-04 16:55:16,412 - 離開函式：check_scan
2024-12-04 16:55:18,757 - 進入函式：check_scan
2024-12-04 16:55:19,109 - 離開函式：check_scan
2024-12-04 16:55:20,189 - === 時間戳記 2024-12-04 16:55:20.189335 ===
目前執行函式：wait_for_scan_complete

2024-12-04 16:55:21,450 - 進入函式：check_scan
2024-12-04 16:55:21,804 - 離開函式：check_scan
2024-12-04 16:55:24,140 - 進入函式：check_scan
2024-12-04 16:55:24,493 - 離開函式：check_scan
2024-12-04 16:55:25,195 - === 時間戳記 2024-12-04 16:55:25.195681 ===
目前執行函式：wait_for_scan_complete

2024-12-04 16:55:26,840 - 進入函式：check_scan
2024-12-04 16:55:27,185 - 離開函式：check_scan
2024-12-04 16:55:29,535 - 進入函式：check_scan
2024-12-04 16:55:29,882 - 離開函式：check_scan
2024-12-04 16:55:30,200 - === 時間戳記 2024-12-04 16:55:30.200546 ===
目前執行函式：wait_for_scan_complete

2024-12-04 16:55:32,223 - 進入函式：check_scan
2024-12-04 16:55:32,573 - 離開函式：check_scan
2024-12-04 16:55:34,913 - 進入函式：check_scan
2024-12-04 16:55:35,207 - === 時間戳記 2024-12-04 16:55:35.207399 ===
目前執行函式：check_scan -> wait_for_scan_complete

2024-12-04 16:55:35,269 - 離開函式：check_scan
2024-12-04 16:55:37,609 - 進入函式：check_scan
2024-12-04 16:55:37,967 - 離開函式：check_scan
2024-12-04 16:55:40,216 - === 時間戳記 2024-12-04 16:55:40.216626 ===
目前執行函式：wait_for_scan_complete

2024-12-04 16:55:40,317 - 進入函式：check_scan
2024-12-04 16:55:40,664 - 離開函式：check_scan
2024-12-04 16:55:43,007 - 進入函式：check_scan
2024-12-04 16:55:43,360 - 離開函式：check_scan
2024-12-04 16:55:45,223 - === 時間戳記 2024-12-04 16:55:45.223481 ===
目前執行函式：wait_for_scan_complete

2024-12-04 16:55:45,704 - 進入函式：check_scan
2024-12-04 16:55:46,058 - 離開函式：check_scan
2024-12-04 16:55:48,404 - 進入函式：check_scan
2024-12-04 16:55:48,754 - 離開函式：check_scan
2024-12-04 16:55:50,231 - === 時間戳記 2024-12-04 16:55:50.231198 ===
目前執行函式：wait_for_scan_complete

2024-12-04 16:55:51,101 - 進入函式：check_scan
2024-12-04 16:55:51,449 - 離開函式：check_scan
2024-12-04 16:55:53,793 - 進入函式：check_scan
2024-12-04 16:55:54,148 - 離開函式：check_scan
2024-12-04 16:55:55,237 - === 時間戳記 2024-12-04 16:55:55.237589 ===
目前執行函式：wait_for_scan_complete

2024-12-04 16:55:56,488 - 進入函式：check_scan
2024-12-04 16:55:56,836 - 離開函式：check_scan
2024-12-04 16:55:59,178 - 進入函式：check_scan
2024-12-04 16:55:59,524 - 離開函式：check_scan
2024-12-04 16:56:00,245 - === 時間戳記 2024-12-04 16:56:00.245477 ===
目前執行函式：wait_for_scan_complete

2024-12-04 16:56:01,869 - 進入函式：check_scan
2024-12-04 16:56:02,214 - 離開函式：check_scan
2024-12-04 16:56:04,566 - 進入函式：check_scan
2024-12-04 16:56:04,916 - 離開函式：check_scan
2024-12-04 16:56:05,254 - === 時間戳記 2024-12-04 16:56:05.254089 ===
目前執行函式：wait_for_scan_complete

2024-12-04 16:56:07,259 - 進入函式：check_scan
2024-12-04 16:56:07,611 - 離開函式：check_scan
2024-12-04 16:56:09,954 - 進入函式：check_scan
2024-12-04 16:56:10,260 - === 時間戳記 2024-12-04 16:56:10.260988 ===
目前執行函式：check_scan -> wait_for_scan_complete

2024-12-04 16:56:10,301 - 離開函式：check_scan
2024-12-04 16:56:12,638 - 進入函式：check_scan
2024-12-04 16:56:12,986 - 離開函式：check_scan
2024-12-04 16:56:15,267 - === 時間戳記 2024-12-04 16:56:15.267669 ===
目前執行函式：wait_for_scan_complete

2024-12-04 16:56:15,327 - 進入函式：check_scan
2024-12-04 16:56:15,674 - 離開函式：check_scan
2024-12-04 16:56:18,016 - 進入函式：check_scan
2024-12-04 16:56:18,360 - 離開函式：check_scan
2024-12-04 16:56:20,273 - === 時間戳記 2024-12-04 16:56:20.273277 ===
目前執行函式：wait_for_scan_complete

2024-12-04 16:56:20,709 - 進入函式：check_scan
2024-12-04 16:56:21,053 - 離開函式：check_scan
2024-12-04 16:56:23,397 - 進入函式：check_scan
2024-12-04 16:56:23,751 - 離開函式：check_scan
2024-12-04 16:56:25,279 - === 時間戳記 2024-12-04 16:56:25.279143 ===
目前執行函式：wait_for_scan_complete

2024-12-04 16:56:26,096 - 進入函式：check_scan
2024-12-04 16:56:26,446 - 離開函式：check_scan
2024-12-04 16:56:28,786 - 進入函式：check_scan
2024-12-04 16:56:29,138 - 離開函式：check_scan
2024-12-04 16:56:30,285 - === 時間戳記 2024-12-04 16:56:30.285733 ===
目前執行函式：wait_for_scan_complete

2024-12-04 16:56:31,483 - 進入函式：check_scan
2024-12-04 16:56:31,831 - 離開函式：check_scan
2024-12-04 16:56:34,178 - 進入函式：check_scan
2024-12-04 16:56:34,521 - 離開函式：check_scan
2024-12-04 16:56:35,292 - === 時間戳記 2024-12-04 16:56:35.292700 ===
目前執行函式：wait_for_scan_complete

2024-12-04 16:56:36,862 - 進入函式：check_scan
2024-12-04 16:56:37,215 - 離開函式：check_scan
2024-12-04 16:56:39,552 - 進入函式：check_scan
2024-12-04 16:56:39,888 - 離開函式：check_scan
2024-12-04 16:56:40,300 - === 時間戳記 2024-12-04 16:56:40.300735 ===
目前執行函式：wait_for_scan_complete

2024-12-04 16:56:42,220 - 進入函式：check_scan
2024-12-04 16:56:42,567 - 離開函式：check_scan
2024-12-04 16:56:44,906 - 進入函式：check_scan
2024-12-04 16:56:45,249 - 離開函式：check_scan
2024-12-04 16:56:45,308 - === 時間戳記 2024-12-04 16:56:45.308262 ===
目前執行函式：wait_for_scan_complete

2024-12-04 16:56:47,597 - 進入函式：check_scan
2024-12-04 16:56:47,948 - 離開函式：check_scan
2024-12-04 16:56:50,295 - 進入函式：check_scan
2024-12-04 16:56:50,317 - === 時間戳記 2024-12-04 16:56:50.317563 ===
目前執行函式：check_scan -> wait_for_scan_complete

2024-12-04 16:56:50,648 - 離開函式：check_scan
2024-12-04 16:56:52,994 - 進入函式：check_scan
2024-12-04 16:56:53,336 - 離開函式：check_scan
2024-12-04 16:56:55,322 - === 時間戳記 2024-12-04 16:56:55.322210 ===
目前執行函式：wait_for_scan_complete

2024-12-04 16:56:55,667 - 進入函式：check_scan
2024-12-04 16:56:56,007 - 離開函式：check_scan
2024-12-04 16:56:58,351 - 進入函式：check_scan
2024-12-04 16:56:58,696 - 離開函式：check_scan
2024-12-04 16:57:00,327 - === 時間戳記 2024-12-04 16:57:00.327542 ===
目前執行函式：wait_for_scan_complete

2024-12-04 16:57:01,036 - 進入函式：check_scan
2024-12-04 16:57:01,383 - 離開函式：check_scan
2024-12-04 16:57:03,725 - 進入函式：check_scan
2024-12-04 16:57:04,068 - 離開函式：check_scan
2024-12-04 16:57:05,335 - === 時間戳記 2024-12-04 16:57:05.335162 ===
目前執行函式：wait_for_scan_complete

2024-12-04 16:57:06,408 - 進入函式：check_scan
2024-12-04 16:57:06,754 - 離開函式：check_scan
2024-12-04 16:57:09,093 - 進入函式：check_scan
2024-12-04 16:57:09,442 - 離開函式：check_scan
2024-12-04 16:57:10,340 - === 時間戳記 2024-12-04 16:57:10.340665 ===
目前執行函式：wait_for_scan_complete

2024-12-04 16:57:11,781 - 進入函式：check_scan
2024-12-04 16:57:12,132 - 離開函式：check_scan
2024-12-04 16:57:14,477 - 進入函式：check_scan
2024-12-04 16:57:14,828 - 離開函式：check_scan
2024-12-04 16:57:15,345 - === 時間戳記 2024-12-04 16:57:15.345388 ===
目前執行函式：wait_for_scan_complete

2024-12-04 16:57:17,166 - 進入函式：check_scan
2024-12-04 16:57:17,516 - 離開函式：check_scan
2024-12-04 16:57:19,859 - 進入函式：check_scan
2024-12-04 16:57:20,205 - 離開函式：check_scan
2024-12-04 16:57:20,351 - === 時間戳記 2024-12-04 16:57:20.351130 ===
目前執行函式：wait_for_scan_complete

2024-12-04 16:57:22,543 - 進入函式：check_scan
2024-12-04 16:57:22,897 - 離開函式：check_scan
2024-12-04 16:57:25,245 - 進入函式：check_scan
2024-12-04 16:57:25,358 - === 時間戳記 2024-12-04 16:57:25.358018 ===
目前執行函式：check_scan -> wait_for_scan_complete

2024-12-04 16:57:25,595 - 離開函式：check_scan
2024-12-04 16:57:27,935 - 進入函式：check_scan
2024-12-04 16:57:28,281 - 離開函式：check_scan
2024-12-04 16:57:30,364 - === 時間戳記 2024-12-04 16:57:30.364915 ===
目前執行函式：wait_for_scan_complete

2024-12-04 16:57:30,628 - 進入函式：check_scan
2024-12-04 16:57:30,975 - 離開函式：check_scan
2024-12-04 16:57:33,314 - 進入函式：check_scan
2024-12-04 16:57:33,659 - 離開函式：check_scan
2024-12-04 16:57:35,370 - === 時間戳記 2024-12-04 16:57:35.370065 ===
目前執行函式：wait_for_scan_complete

2024-12-04 16:57:36,007 - 進入函式：check_scan
2024-12-04 16:57:36,353 - 離開函式：check_scan
2024-12-04 16:57:38,698 - 進入函式：check_scan
2024-12-04 16:57:39,049 - 離開函式：check_scan
2024-12-04 16:57:40,377 - === 時間戳記 2024-12-04 16:57:40.377215 ===
目前執行函式：wait_for_scan_complete

2024-12-04 16:57:41,390 - 進入函式：check_scan
2024-12-04 16:57:41,841 - 離開函式：check_scan
2024-12-04 16:57:42,842 - 進入函式：check_scan
2024-12-04 16:57:43,190 - 離開函式：check_scan
2024-12-04 16:57:45,384 - === 時間戳記 2024-12-04 16:57:45.384210 ===
目前執行函式：wait_for_scan_complete

2024-12-04 16:57:45,536 - 進入函式：check_scan
2024-12-04 16:57:45,880 - 離開函式：check_scan
2024-12-04 16:57:48,230 - 進入函式：check_scan
2024-12-04 16:57:48,572 - 離開函式：check_scan
2024-12-04 16:57:50,389 - === 時間戳記 2024-12-04 16:57:50.389972 ===
目前執行函式：wait_for_scan_complete

2024-12-04 16:57:50,923 - 進入函式：check_scan
2024-12-04 16:57:51,260 - 離開函式：check_scan
2024-12-04 16:57:53,616 - 進入函式：check_scan
2024-12-04 16:57:53,963 - 離開函式：check_scan
2024-12-04 16:57:55,396 - === 時間戳記 2024-12-04 16:57:55.396520 ===
目前執行函式：wait_for_scan_complete

2024-12-04 16:57:56,312 - 進入函式：check_scan
2024-12-04 16:57:56,650 - 離開函式：check_scan
2024-12-04 16:57:59,003 - 進入函式：check_scan
2024-12-04 16:57:59,346 - 離開函式：check_scan
2024-12-04 16:58:00,403 - === 時間戳記 2024-12-04 16:58:00.403551 ===
目前執行函式：wait_for_scan_complete

2024-12-04 16:58:01,698 - 進入函式：check_scan
2024-12-04 16:58:02,037 - 離開函式：check_scan
2024-12-04 16:58:04,391 - 進入函式：check_scan
2024-12-04 16:58:04,733 - 離開函式：check_scan
2024-12-04 16:58:05,409 - === 時間戳記 2024-12-04 16:58:05.409016 ===
目前執行函式：wait_for_scan_complete

2024-12-04 16:58:07,083 - 進入函式：check_scan
2024-12-04 16:58:07,424 - 離開函式：check_scan
2024-12-04 16:58:09,773 - 進入函式：check_scan
2024-12-04 16:58:10,120 - 離開函式：check_scan
2024-12-04 16:58:10,414 - === 時間戳記 2024-12-04 16:58:10.414205 ===
目前執行函式：wait_for_scan_complete

2024-12-04 16:58:12,466 - 進入函式：check_scan
2024-12-04 16:58:12,807 - 離開函式：check_scan
2024-12-04 16:58:15,162 - 進入函式：check_scan
2024-12-04 16:58:15,420 - === 時間戳記 2024-12-04 16:58:15.420282 ===
目前執行函式：check_scan -> wait_for_scan_complete

2024-12-04 16:58:15,501 - 離開函式：check_scan
2024-12-04 16:58:17,853 - 進入函式：check_scan
2024-12-04 16:58:18,199 - 離開函式：check_scan
2024-12-04 16:58:20,427 - === 時間戳記 2024-12-04 16:58:20.427382 ===
目前執行函式：wait_for_scan_complete

2024-12-04 16:58:20,550 - 進入函式：check_scan
2024-12-04 16:58:20,893 - 離開函式：check_scan
2024-12-04 16:58:23,239 - 進入函式：check_scan
2024-12-04 16:58:23,589 - 離開函式：check_scan
2024-12-04 16:58:25,435 - === 時間戳記 2024-12-04 16:58:25.435491 ===
目前執行函式：wait_for_scan_complete

2024-12-04 16:58:25,936 - 進入函式：check_scan
2024-12-04 16:58:26,273 - 離開函式：check_scan
2024-12-04 16:58:28,619 - 進入函式：check_scan
2024-12-04 16:58:28,965 - 離開函式：check_scan
2024-12-04 16:58:30,443 - === 時間戳記 2024-12-04 16:58:30.443343 ===
目前執行函式：wait_for_scan_complete

2024-12-04 16:58:31,314 - 進入函式：check_scan
2024-12-04 16:58:31,660 - 離開函式：check_scan
2024-12-04 16:58:34,004 - 進入函式：check_scan
2024-12-04 16:58:34,349 - 離開函式：check_scan
2024-12-04 16:58:35,450 - === 時間戳記 2024-12-04 16:58:35.450333 ===
目前執行函式：wait_for_scan_complete

2024-12-04 16:58:36,697 - 進入函式：check_scan
2024-12-04 16:58:37,044 - 離開函式：check_scan
2024-12-04 16:58:39,392 - 進入函式：check_scan
2024-12-04 16:58:39,739 - 離開函式：check_scan
2024-12-04 16:58:40,457 - === 時間戳記 2024-12-04 16:58:40.457212 ===
目前執行函式：wait_for_scan_complete

2024-12-04 16:58:42,093 - 進入函式：check_scan
2024-12-04 16:58:42,433 - 離開函式：check_scan
2024-12-04 16:58:44,781 - 進入函式：check_scan
2024-12-04 16:58:45,120 - 離開函式：check_scan
2024-12-04 16:58:45,466 - === 時間戳記 2024-12-04 16:58:45.466164 ===
目前執行函式：wait_for_scan_complete

2024-12-04 16:58:47,473 - 進入函式：check_scan
2024-12-04 16:58:47,812 - 離開函式：check_scan
2024-12-04 16:58:50,167 - 進入函式：check_scan
2024-12-04 16:58:50,474 - === 時間戳記 2024-12-04 16:58:50.474873 ===
目前執行函式：check_scan -> wait_for_scan_complete

2024-12-04 16:58:50,510 - 離開函式：check_scan
2024-12-04 16:58:52,118 - 進入函式：check_scan
2024-12-04 16:58:52,121 - 離開函式：check_scan
2024-12-04 16:58:54,352 - 進入函式：check_scan
2024-12-04 16:58:54,701 - 離開函式：check_scan
2024-12-04 16:58:55,483 - === 時間戳記 2024-12-04 16:58:55.483526 ===
目前執行函式：wait_for_scan_complete

2024-12-04 16:58:57,043 - 進入函式：check_scan
2024-12-04 16:58:57,392 - 離開函式：check_scan
2024-12-04 16:58:59,736 - 進入函式：check_scan
2024-12-04 16:59:00,086 - 離開函式：check_scan
2024-12-04 16:59:00,489 - === 時間戳記 2024-12-04 16:59:00.489779 ===
目前執行函式：wait_for_scan_complete

2024-12-04 16:59:02,435 - 進入函式：check_scan
2024-12-04 16:59:02,780 - 離開函式：check_scan
2024-12-04 16:59:05,130 - 進入函式：check_scan
2024-12-04 16:59:05,476 - 離開函式：check_scan
2024-12-04 16:59:05,496 - === 時間戳記 2024-12-04 16:59:05.496494 ===
目前執行函式：wait_for_scan_complete

2024-12-04 16:59:07,826 - 進入函式：check_scan
2024-12-04 16:59:08,171 - 離開函式：check_scan
2024-12-04 16:59:10,504 - === 時間戳記 2024-12-04 16:59:10.504298 ===
目前執行函式：wait_for_scan_complete

2024-12-04 16:59:10,513 - 進入函式：check_scan
2024-12-04 16:59:10,863 - 離開函式：check_scan
2024-12-04 16:59:13,203 - 進入函式：check_scan
2024-12-04 16:59:13,550 - 離開函式：check_scan
2024-12-04 16:59:15,511 - === 時間戳記 2024-12-04 16:59:15.511819 ===
目前執行函式：wait_for_scan_complete

2024-12-04 16:59:15,896 - 進入函式：check_scan
2024-12-04 16:59:16,241 - 離開函式：check_scan
2024-12-04 16:59:18,583 - 進入函式：check_scan
2024-12-04 16:59:18,932 - 離開函式：check_scan
2024-12-04 16:59:20,518 - === 時間戳記 2024-12-04 16:59:20.518876 ===
目前執行函式：wait_for_scan_complete

2024-12-04 16:59:21,277 - 進入函式：check_scan
2024-12-04 16:59:21,624 - 離開函式：check_scan
2024-12-04 16:59:23,972 - 進入函式：check_scan
2024-12-04 16:59:24,320 - 離開函式：check_scan
2024-12-04 16:59:25,525 - === 時間戳記 2024-12-04 16:59:25.525574 ===
目前執行函式：wait_for_scan_complete

2024-12-04 16:59:26,662 - 進入函式：check_scan
2024-12-04 16:59:27,010 - 離開函式：check_scan
2024-12-04 16:59:29,355 - 進入函式：check_scan
2024-12-04 16:59:29,710 - 離開函式：check_scan
2024-12-04 16:59:30,532 - === 時間戳記 2024-12-04 16:59:30.532667 ===
目前執行函式：wait_for_scan_complete

2024-12-04 16:59:32,060 - 進入函式：check_scan
2024-12-04 16:59:32,063 - 離開函式：check_scan
2024-12-04 16:59:32,063 - 離開函式：wait_for_scan_complete
2024-12-04 17:01:23,668 - 進入函式：wait_for_scan_complete
2024-12-04 17:01:23,668 - 進入函式：check_scan
2024-12-04 17:01:25,695 - === 時間戳記 2024-12-04 17:01:25.695304 ===
目前執行函式：check_scan -> wait_for_scan_complete

2024-12-04 17:01:25,984 - 離開函式：check_scan
2024-12-04 17:01:28,325 - 進入函式：check_scan
2024-12-04 17:01:28,670 - 離開函式：check_scan
2024-12-04 17:01:30,704 - === 時間戳記 2024-12-04 17:01:30.704041 ===
目前執行函式：wait_for_scan_complete

2024-12-04 17:01:31,010 - 進入函式：check_scan
2024-12-04 17:01:31,356 - 離開函式：check_scan
2024-12-04 17:01:33,698 - 進入函式：check_scan
2024-12-04 17:01:34,043 - 離開函式：check_scan
2024-12-04 17:01:35,711 - === 時間戳記 2024-12-04 17:01:35.711461 ===
目前執行函式：wait_for_scan_complete

2024-12-04 17:01:36,383 - 進入函式：check_scan
2024-12-04 17:01:36,730 - 離開函式：check_scan
2024-12-04 17:01:39,070 - 進入函式：check_scan
2024-12-04 17:01:39,417 - 離開函式：check_scan
2024-12-04 17:01:40,716 - === 時間戳記 2024-12-04 17:01:40.716889 ===
目前執行函式：wait_for_scan_complete

2024-12-04 17:01:41,760 - 進入函式：check_scan
2024-12-04 17:01:42,106 - 離開函式：check_scan
2024-12-04 17:01:44,449 - 進入函式：check_scan
2024-12-04 17:01:44,794 - 離開函式：check_scan
2024-12-04 17:01:45,722 - === 時間戳記 2024-12-04 17:01:45.722536 ===
目前執行函式：wait_for_scan_complete

2024-12-04 17:01:47,137 - 進入函式：check_scan
2024-12-04 17:01:47,482 - 離開函式：check_scan
2024-12-04 17:01:49,824 - 進入函式：check_scan
2024-12-04 17:01:50,170 - 離開函式：check_scan
2024-12-04 17:01:50,728 - === 時間戳記 2024-12-04 17:01:50.728730 ===
目前執行函式：wait_for_scan_complete

2024-12-04 17:01:52,510 - 進入函式：check_scan
2024-12-04 17:01:52,765 - 離開函式：check_scan
2024-12-04 17:01:53,855 - 進入函式：check_scan
2024-12-04 17:01:54,193 - 離開函式：check_scan
2024-12-04 17:01:55,735 - === 時間戳記 2024-12-04 17:01:55.735900 ===
目前執行函式：wait_for_scan_complete

2024-12-04 17:01:56,541 - 進入函式：check_scan
2024-12-04 17:01:56,882 - 離開函式：check_scan
2024-12-04 17:01:59,229 - 進入函式：check_scan
2024-12-04 17:01:59,568 - 離開函式：check_scan
2024-12-04 17:02:00,742 - === 時間戳記 2024-12-04 17:02:00.742312 ===
目前執行函式：wait_for_scan_complete

2024-12-04 17:02:01,915 - 進入函式：check_scan
2024-12-04 17:02:02,257 - 離開函式：check_scan
2024-12-04 17:02:03,823 - 進入函式：check_scan
2024-12-04 17:02:03,824 - 離開函式：check_scan
2024-12-04 17:02:05,750 - === 時間戳記 2024-12-04 17:02:05.750276 ===
目前執行函式：wait_for_scan_complete

2024-12-04 17:02:06,057 - 進入函式：check_scan
2024-12-04 17:02:06,404 - 離開函式：check_scan
2024-12-04 17:02:08,745 - 進入函式：check_scan
2024-12-04 17:02:09,091 - 離開函式：check_scan
2024-12-04 17:02:10,758 - === 時間戳記 2024-12-04 17:02:10.758022 ===
目前執行函式：wait_for_scan_complete

2024-12-04 17:02:11,433 - 進入函式：check_scan
2024-12-04 17:02:11,779 - 離開函式：check_scan
2024-12-04 17:02:14,120 - 進入函式：check_scan
2024-12-04 17:02:14,186 - 離開函式：check_scan
2024-12-04 17:02:15,670 - 進入函式：check_scan
2024-12-04 17:02:15,766 - === 時間戳記 2024-12-04 17:02:15.766333 ===
目前執行函式：check_scan -> wait_for_scan_complete

2024-12-04 17:02:16,009 - 離開函式：check_scan
2024-12-04 17:02:18,355 - 進入函式：check_scan
2024-12-04 17:02:18,695 - 離開函式：check_scan
2024-12-04 17:02:20,773 - === 時間戳記 2024-12-04 17:02:20.773379 ===
目前執行函式：wait_for_scan_complete

2024-12-04 17:02:21,041 - 進入函式：check_scan
2024-12-04 17:02:21,383 - 離開函式：check_scan
2024-12-04 17:02:23,729 - 進入函式：check_scan
2024-12-04 17:02:24,068 - 離開函式：check_scan
2024-12-04 17:02:25,735 - 進入函式：check_scan
2024-12-04 17:02:25,738 - 離開函式：check_scan
2024-12-04 17:02:25,781 - === 時間戳記 2024-12-04 17:02:25.781354 ===
目前執行函式：wait_for_scan_complete

2024-12-04 17:02:27,953 - 進入函式：check_scan
2024-12-04 17:02:28,288 - 離開函式：check_scan
2024-12-04 17:02:30,619 - 進入函式：check_scan
2024-12-04 17:02:30,788 - === 時間戳記 2024-12-04 17:02:30.788452 ===
目前執行函式：check_scan -> wait_for_scan_complete

2024-12-04 17:02:30,963 - 離開函式：check_scan
2024-12-04 17:02:33,303 - 進入函式：check_scan
2024-12-04 17:02:33,650 - 離開函式：check_scan
2024-12-04 17:02:35,795 - === 時間戳記 2024-12-04 17:02:35.795173 ===
目前執行函式：wait_for_scan_complete

2024-12-04 17:02:35,991 - 進入函式：check_scan
2024-12-04 17:02:36,306 - 離開函式：check_scan
2024-12-04 17:02:37,334 - 進入函式：check_scan
2024-12-04 17:02:37,676 - 離開函式：check_scan
2024-12-04 17:02:40,020 - 進入函式：check_scan
2024-12-04 17:02:40,355 - 離開函式：check_scan
2024-12-04 17:02:40,801 - === 時間戳記 2024-12-04 17:02:40.801491 ===
目前執行函式：wait_for_scan_complete

2024-12-04 17:02:42,699 - 進入函式：check_scan
2024-12-04 17:02:43,039 - 離開函式：check_scan
2024-12-04 17:02:45,388 - 進入函式：check_scan
2024-12-04 17:02:45,733 - 離開函式：check_scan
2024-12-04 17:02:45,807 - === 時間戳記 2024-12-04 17:02:45.807510 ===
目前執行函式：wait_for_scan_complete

2024-12-04 17:02:48,070 - 進入函式：check_scan
2024-12-04 17:02:48,075 - 離開函式：check_scan
2024-12-04 17:02:49,820 - 進入函式：check_scan
2024-12-04 17:02:50,160 - 離開函式：check_scan
2024-12-04 17:02:50,815 - === 時間戳記 2024-12-04 17:02:50.815343 ===
目前執行函式：wait_for_scan_complete

2024-12-04 17:02:52,493 - 進入函式：check_scan
2024-12-04 17:02:52,842 - 離開函式：check_scan
2024-12-04 17:02:55,184 - 進入函式：check_scan
2024-12-04 17:02:55,538 - 離開函式：check_scan
2024-12-04 17:02:55,822 - === 時間戳記 2024-12-04 17:02:55.822457 ===
目前執行函式：wait_for_scan_complete

2024-12-04 17:02:57,879 - 進入函式：check_scan
2024-12-04 17:02:58,229 - 離開函式：check_scan
2024-12-04 17:03:00,579 - 進入函式：check_scan
2024-12-04 17:03:00,748 - 離開函式：check_scan
2024-12-04 17:03:00,829 - === 時間戳記 2024-12-04 17:03:00.829867 ===
目前執行函式：wait_for_scan_complete

2024-12-04 17:03:02,228 - 進入函式：check_scan
2024-12-04 17:03:02,574 - 離開函式：check_scan
2024-12-04 17:03:04,930 - 進入函式：check_scan
2024-12-04 17:03:05,268 - 離開函式：check_scan
2024-12-04 17:03:05,837 - === 時間戳記 2024-12-04 17:03:05.837863 ===
目前執行函式：wait_for_scan_complete

2024-12-04 17:03:07,624 - 進入函式：check_scan
2024-12-04 17:03:07,968 - 離開函式：check_scan
2024-12-04 17:03:10,316 - 進入函式：check_scan
2024-12-04 17:03:10,665 - 離開函式：check_scan
2024-12-04 17:03:10,846 - === 時間戳記 2024-12-04 17:03:10.846620 ===
目前執行函式：wait_for_scan_complete

2024-12-04 17:03:12,484 - 進入函式：check_scan
2024-12-04 17:03:12,486 - 離開函式：check_scan
2024-12-04 17:03:14,718 - 進入函式：check_scan
2024-12-04 17:03:15,066 - 離開函式：check_scan
2024-12-04 17:03:15,855 - === 時間戳記 2024-12-04 17:03:15.855158 ===
目前執行函式：wait_for_scan_complete

2024-12-04 17:03:17,409 - 進入函式：check_scan
2024-12-04 17:03:17,755 - 離開函式：check_scan
2024-12-04 17:03:20,109 - 進入函式：check_scan
2024-12-04 17:03:20,463 - 離開函式：check_scan
2024-12-04 17:03:20,863 - === 時間戳記 2024-12-04 17:03:20.863357 ===
目前執行函式：wait_for_scan_complete

2024-12-04 17:03:22,805 - 進入函式：check_scan
2024-12-04 17:03:23,160 - 離開函式：check_scan
2024-12-04 17:03:25,509 - 進入函式：check_scan
2024-12-04 17:03:25,860 - 離開函式：check_scan
2024-12-04 17:03:25,869 - === 時間戳記 2024-12-04 17:03:25.869876 ===
目前執行函式：wait_for_scan_complete

2024-12-04 17:03:28,209 - 進入函式：check_scan
2024-12-04 17:03:28,564 - 離開函式：check_scan
2024-12-04 17:03:30,875 - === 時間戳記 2024-12-04 17:03:30.875715 ===
目前執行函式：wait_for_scan_complete

2024-12-04 17:03:30,908 - 進入函式：check_scan
2024-12-04 17:03:31,256 - 離開函式：check_scan
2024-12-04 17:03:33,601 - 進入函式：check_scan
2024-12-04 17:03:33,955 - 離開函式：check_scan
2024-12-04 17:03:35,882 - === 時間戳記 2024-12-04 17:03:35.882467 ===
目前執行函式：wait_for_scan_complete

2024-12-04 17:03:36,299 - 進入函式：check_scan
2024-12-04 17:03:36,646 - 離開函式：check_scan
2024-12-04 17:03:38,992 - 進入函式：check_scan
2024-12-04 17:03:39,345 - 離開函式：check_scan
2024-12-04 17:03:40,889 - === 時間戳記 2024-12-04 17:03:40.889188 ===
目前執行函式：wait_for_scan_complete

2024-12-04 17:03:41,689 - 進入函式：check_scan
2024-12-04 17:03:42,043 - 離開函式：check_scan
2024-12-04 17:03:44,388 - 進入函式：check_scan
2024-12-04 17:03:44,737 - 離開函式：check_scan
2024-12-04 17:03:45,897 - === 時間戳記 2024-12-04 17:03:45.897674 ===
目前執行函式：wait_for_scan_complete

2024-12-04 17:03:47,078 - 進入函式：check_scan
2024-12-04 17:03:47,431 - 離開函式：check_scan
2024-12-04 17:03:49,778 - 進入函式：check_scan
2024-12-04 17:03:50,131 - 離開函式：check_scan
2024-12-04 17:03:50,906 - === 時間戳記 2024-12-04 17:03:50.906122 ===
目前執行函式：wait_for_scan_complete

2024-12-04 17:03:52,472 - 進入函式：check_scan
2024-12-04 17:03:52,826 - 離開函式：check_scan
2024-12-04 17:03:55,165 - 進入函式：check_scan
2024-12-04 17:03:55,520 - 離開函式：check_scan
2024-12-04 17:03:55,914 - === 時間戳記 2024-12-04 17:03:55.914124 ===
目前執行函式：wait_for_scan_complete

2024-12-04 17:03:57,869 - 進入函式：check_scan
2024-12-04 17:03:57,873 - 離開函式：check_scan
2024-12-04 17:03:57,874 - 離開函式：wait_for_scan_complete
