2024-11-28 00:47:11,534 - 進入函式：scan_on
2024-11-28 00:47:11,545 - 離開函式：scan_on
2024-11-28 00:47:12,339 - 進入函式：is_scanning
2024-11-28 00:47:13,257 - 離開函式：is_scanning
2024-11-28 00:47:13,257 - 進入函式：scan_off
2024-11-28 00:47:13,876 - 離開函式：scan_off
2024-11-28 00:47:29,391 - 進入函式：scan_on
2024-11-28 00:47:29,396 - 離開函式：scan_on
2024-11-28 00:47:30,947 - 進入函式：is_scanning
2024-11-28 00:47:31,552 - === 時間戳記 2024-11-28 00:47:31.552552 ===
目前執行函式：is_scanning

2024-11-28 00:47:31,867 - 離開函式：is_scanning
2024-11-28 00:47:31,867 - 進入函式：scan_off
2024-11-28 00:47:33,724 - 離開函式：scan_off
2024-11-28 00:48:04,321 - 進入函式：scan_on
2024-11-28 00:48:06,175 - 離開函式：scan_on
2024-11-28 00:48:07,099 - 進入函式：is_scanning
2024-11-28 00:48:08,027 - 離開函式：is_scanning
2024-11-28 00:48:08,027 - 進入函式：scan_off
2024-11-28 00:48:09,880 - 離開函式：scan_off
