2024-12-04 06:54:37,545 - 進入函式：set_position
2024-12-04 06:54:37,618 - 離開函式：set_position
2024-12-04 06:55:09,411 - 進入函式：set_position
2024-12-04 06:55:09,488 - 離開函式：set_position
2024-12-04 06:58:25,372 - 進入函式：wait_for_scan_complete
2024-12-04 06:58:25,372 - 進入函式：check_scan
2024-12-04 06:58:27,832 - === 時間戳記 2024-12-04 06:58:27.832953 ===
目前執行函式：check_scan -> wait_for_scan_complete

2024-12-04 06:58:32,587 - 離開函式：check_scan
2024-12-04 06:58:32,839 - === 時間戳記 2024-12-04 06:58:32.839203 ===
目前執行函式：wait_for_scan_complete

2024-12-04 06:58:34,284 - 進入函式：check_scan
2024-12-04 06:58:34,286 - 離開函式：check_scan
2024-12-04 06:58:35,669 - 進入函式：check_scan
2024-12-04 06:58:35,676 - 離開函式：check_scan
2024-12-04 06:58:35,676 - 離開函式：wait_for_scan_complete
2024-12-04 06:58:55,175 - 進入函式：wait_for_scan_complete
2024-12-04 06:58:55,175 - 進入函式：check_scan
2024-12-04 06:58:56,446 - 離開函式：check_scan
2024-12-04 06:58:57,871 - === 時間戳記 2024-12-04 06:58:57.871954 ===
目前執行函式：wait_for_scan_complete

2024-12-04 06:58:58,133 - 進入函式：check_scan
2024-12-04 06:58:58,136 - 離開函式：check_scan
2024-12-04 06:58:59,516 - 進入函式：check_scan
2024-12-04 06:58:59,522 - 離開函式：check_scan
2024-12-04 06:59:00,902 - 進入函式：check_scan
2024-12-04 06:59:00,905 - 離開函式：check_scan
2024-12-04 06:59:02,285 - 進入函式：check_scan
2024-12-04 06:59:02,286 - 離開函式：check_scan
2024-12-04 06:59:02,880 - === 時間戳記 2024-12-04 06:59:02.880222 ===
目前執行函式：wait_for_scan_complete

2024-12-04 06:59:03,677 - 進入函式：check_scan
2024-12-04 06:59:03,688 - 離開函式：check_scan
2024-12-04 06:59:05,072 - 進入函式：check_scan
2024-12-04 06:59:05,084 - 離開函式：check_scan
2024-12-04 06:59:06,443 - 進入函式：check_scan
2024-12-04 06:59:06,446 - 離開函式：check_scan
2024-12-04 06:59:07,818 - 進入函式：check_scan
2024-12-04 06:59:07,823 - 離開函式：check_scan
2024-12-04 06:59:07,889 - === 時間戳記 2024-12-04 06:59:07.889307 ===
目前執行函式：wait_for_scan_complete

2024-12-04 06:59:09,200 - 進入函式：check_scan
2024-12-04 06:59:09,212 - 離開函式：check_scan
2024-12-04 06:59:10,584 - 進入函式：check_scan
2024-12-04 06:59:10,596 - 離開函式：check_scan
2024-12-04 06:59:11,967 - 進入函式：check_scan
2024-12-04 06:59:11,968 - 離開函式：check_scan
2024-12-04 06:59:12,895 - === 時間戳記 2024-12-04 06:59:12.895205 ===
目前執行函式：wait_for_scan_complete

2024-12-04 06:59:13,356 - 進入函式：check_scan
2024-12-04 06:59:13,367 - 離開函式：check_scan
2024-12-04 06:59:14,746 - 進入函式：check_scan
2024-12-04 06:59:14,749 - 離開函式：check_scan
2024-12-04 06:59:16,133 - 進入函式：check_scan
2024-12-04 06:59:16,142 - 離開函式：check_scan
2024-12-04 06:59:17,515 - 進入函式：check_scan
2024-12-04 06:59:17,523 - 離開函式：check_scan
2024-12-04 06:59:17,904 - === 時間戳記 2024-12-04 06:59:17.904588 ===
目前執行函式：wait_for_scan_complete

2024-12-04 06:59:18,902 - 進入函式：check_scan
2024-12-04 06:59:18,904 - 離開函式：check_scan
2024-12-04 06:59:20,281 - 進入函式：check_scan
2024-12-04 06:59:20,283 - 離開函式：check_scan
2024-12-04 06:59:21,665 - 進入函式：check_scan
2024-12-04 06:59:21,676 - 離開函式：check_scan
2024-12-04 06:59:22,913 - === 時間戳記 2024-12-04 06:59:22.913261 ===
目前執行函式：wait_for_scan_complete

2024-12-04 06:59:23,052 - 進入函式：check_scan
2024-12-04 06:59:23,054 - 離開函式：check_scan
2024-12-04 06:59:24,423 - 進入函式：check_scan
2024-12-04 06:59:24,428 - 離開函式：check_scan
2024-12-04 06:59:25,803 - 進入函式：check_scan
2024-12-04 06:59:25,806 - 離開函式：check_scan
2024-12-04 06:59:27,177 - 進入函式：check_scan
2024-12-04 06:59:27,180 - 離開函式：check_scan
2024-12-04 06:59:27,920 - === 時間戳記 2024-12-04 06:59:27.920146 ===
目前執行函式：wait_for_scan_complete

2024-12-04 06:59:28,559 - 進入函式：check_scan
2024-12-04 06:59:28,567 - 離開函式：check_scan
2024-12-04 06:59:29,950 - 進入函式：check_scan
2024-12-04 06:59:29,961 - 離開函式：check_scan
2024-12-04 06:59:31,332 - 進入函式：check_scan
2024-12-04 06:59:31,339 - 離開函式：check_scan
2024-12-04 06:59:32,717 - 進入函式：check_scan
2024-12-04 06:59:32,720 - 離開函式：check_scan
2024-12-04 06:59:32,926 - === 時間戳記 2024-12-04 06:59:32.926970 ===
目前執行函式：wait_for_scan_complete

2024-12-04 06:59:34,105 - 進入函式：check_scan
2024-12-04 06:59:34,114 - 離開函式：check_scan
2024-12-04 06:59:35,499 - 進入函式：check_scan
2024-12-04 06:59:35,508 - 離開函式：check_scan
2024-12-04 06:59:36,893 - 進入函式：check_scan
2024-12-04 06:59:36,894 - 離開函式：check_scan
2024-12-04 06:59:37,935 - === 時間戳記 2024-12-04 06:59:37.935335 ===
目前執行函式：wait_for_scan_complete

2024-12-04 06:59:38,284 - 進入函式：check_scan
2024-12-04 06:59:38,287 - 離開函式：check_scan
2024-12-04 06:59:39,670 - 進入函式：check_scan
2024-12-04 06:59:39,682 - 離開函式：check_scan
2024-12-04 06:59:41,056 - 進入函式：check_scan
2024-12-04 06:59:41,066 - 離開函式：check_scan
2024-12-04 06:59:42,439 - 進入函式：check_scan
2024-12-04 06:59:42,444 - 離開函式：check_scan
2024-12-04 06:59:42,943 - === 時間戳記 2024-12-04 06:59:42.943368 ===
目前執行函式：wait_for_scan_complete

2024-12-04 06:59:43,816 - 進入函式：check_scan
2024-12-04 06:59:43,827 - 離開函式：check_scan
2024-12-04 06:59:43,828 - 離開函式：wait_for_scan_complete
2024-12-04 07:00:12,848 - 進入函式：wait_for_scan_complete
2024-12-04 07:00:12,848 - 進入函式：check_scan
2024-12-04 07:00:12,859 - 離開函式：check_scan
2024-12-04 07:00:12,860 - 離開函式：wait_for_scan_complete
2024-12-04 07:00:31,043 - 進入函式：wait_for_scan_complete
2024-12-04 07:00:31,043 - 進入函式：check_scan
2024-12-04 07:00:31,434 - 離開函式：check_scan
2024-12-04 07:00:33,013 - === 時間戳記 2024-12-04 07:00:33.013421 ===
目前執行函式：wait_for_scan_complete

2024-12-04 07:00:33,129 - 進入函式：check_scan
2024-12-04 07:00:33,134 - 離開函式：check_scan
2024-12-04 07:00:34,511 - 進入函式：check_scan
2024-12-04 07:00:34,524 - 離開函式：check_scan
2024-12-04 07:00:35,909 - 進入函式：check_scan
2024-12-04 07:00:35,912 - 離開函式：check_scan
