2024-12-02 22:13:05,745 - 進入函式：wait_for_scan_complete
2024-12-02 22:13:05,745 - 進入函式：check_scan
2024-12-02 22:13:07,091 - 離開函式：check_scan
2024-12-02 22:13:09,423 - 進入函式：check_scan
2024-12-02 22:13:09,767 - 離開函式：check_scan
2024-12-02 22:13:10,751 - === 時間戳記 2024-12-02 22:13:10.751434 ===
目前執行函式：wait_for_scan_complete

2024-12-02 22:13:12,106 - 進入函式：check_scan
2024-12-02 22:13:12,108 - 離開函式：check_scan
2024-12-02 22:13:12,108 - 離開函式：wait_for_scan_complete
2024-12-02 22:13:12,923 - 進入函式：wait_for_scan_complete
2024-12-02 22:13:12,923 - 進入函式：check_scan
2024-12-02 22:13:14,100 - 離開函式：check_scan
2024-12-02 22:13:15,757 - === 時間戳記 2024-12-02 22:13:15.757061 ===
目前執行函式：wait_for_scan_complete

2024-12-02 22:13:16,430 - 進入函式：check_scan
2024-12-02 22:13:16,767 - 離開函式：check_scan
2024-12-02 22:13:19,104 - 進入函式：check_scan
2024-12-02 22:13:19,451 - 離開函式：check_scan
2024-12-02 22:13:20,762 - === 時間戳記 2024-12-02 22:13:20.762484 ===
目前執行函式：wait_for_scan_complete

2024-12-02 22:13:21,792 - 進入函式：check_scan
2024-12-02 22:13:22,138 - 離開函式：check_scan
2024-12-02 22:13:24,479 - 進入函式：check_scan
2024-12-02 22:13:24,815 - 離開函式：check_scan
2024-12-02 22:13:25,768 - === 時間戳記 2024-12-02 22:13:25.768425 ===
目前執行函式：wait_for_scan_complete

2024-12-02 22:13:27,145 - 進入函式：check_scan
2024-12-02 22:13:27,481 - 離開函式：check_scan
2024-12-02 22:13:29,815 - 進入函式：check_scan
2024-12-02 22:13:30,160 - 離開函式：check_scan
2024-12-02 22:13:30,773 - === 時間戳記 2024-12-02 22:13:30.773636 ===
目前執行函式：wait_for_scan_complete

2024-12-02 22:13:32,499 - 進入函式：check_scan
2024-12-02 22:13:32,842 - 離開函式：check_scan
2024-12-02 22:13:35,172 - 進入函式：check_scan
2024-12-02 22:13:35,508 - 離開函式：check_scan
2024-12-02 22:13:35,778 - === 時間戳記 2024-12-02 22:13:35.778927 ===
目前執行函式：wait_for_scan_complete

2024-12-02 22:13:37,839 - 進入函式：check_scan
2024-12-02 22:13:38,176 - 離開函式：check_scan
2024-12-02 22:13:39,505 - 離開函式：wait_for_scan_complete
