2024-12-01 01:54:32,223 - 進入函式：wait_for_scan_complete
2024-12-01 01:54:32,223 - 進入函式：check_scan
2024-12-01 01:54:33,399 - 離開函式：check_scan
2024-12-01 01:54:35,740 - 進入函式：check_scan
2024-12-01 01:54:36,077 - 離開函式：check_scan
2024-12-01 01:54:37,229 - === 時間戳記 2024-12-01 01:54:37.229459 ===
目前執行函式：wait_for_scan_complete

2024-12-01 01:54:38,406 - 進入函式：check_scan
2024-12-01 01:54:38,746 - 離開函式：check_scan
2024-12-01 01:54:41,090 - 進入函式：check_scan
2024-12-01 01:54:41,442 - 離開函式：check_scan
2024-12-01 01:54:42,235 - === 時間戳記 2024-12-01 01:54:42.235626 ===
目前執行函式：wait_for_scan_complete

2024-12-01 01:54:43,786 - 進入函式：check_scan
2024-12-01 01:54:44,134 - 離開函式：check_scan
2024-12-01 01:54:46,480 - 進入函式：check_scan
2024-12-01 01:54:46,833 - 離開函式：check_scan
2024-12-01 01:54:47,241 - === 時間戳記 2024-12-01 01:54:47.241198 ===
目前執行函式：wait_for_scan_complete

2024-12-01 01:54:49,178 - 進入函式：check_scan
2024-12-01 01:54:49,530 - 離開函式：check_scan
2024-12-01 01:54:51,867 - 進入函式：check_scan
2024-12-01 01:54:52,203 - 離開函式：check_scan
2024-12-01 01:54:52,247 - === 時間戳記 2024-12-01 01:54:52.247201 ===
目前執行函式：wait_for_scan_complete

2024-12-01 01:54:54,533 - 進入函式：check_scan
2024-12-01 01:54:54,873 - 離開函式：check_scan
2024-12-01 01:54:57,209 - 進入函式：check_scan
2024-12-01 01:54:57,252 - === 時間戳記 2024-12-01 01:54:57.252942 ===
目前執行函式：wait_for_scan_complete -> check_scan

2024-12-01 01:54:57,558 - 離開函式：check_scan
2024-12-01 01:54:59,888 - 進入函式：check_scan
2024-12-01 01:55:00,223 - 離開函式：check_scan
2024-12-01 01:55:02,258 - === 時間戳記 2024-12-01 01:55:02.258045 ===
目前執行函式：wait_for_scan_complete

2024-12-01 01:55:02,555 - 進入函式：check_scan
2024-12-01 01:55:02,904 - 離開函式：check_scan
2024-12-01 01:55:05,242 - 進入函式：check_scan
2024-12-01 01:55:05,592 - 離開函式：check_scan
2024-12-01 01:55:07,264 - === 時間戳記 2024-12-01 01:55:07.264072 ===
目前執行函式：wait_for_scan_complete

2024-12-01 01:55:07,930 - 進入函式：check_scan
2024-12-01 01:55:08,265 - 離開函式：check_scan
2024-12-01 01:55:10,595 - 進入函式：check_scan
2024-12-01 01:55:10,936 - 離開函式：check_scan
2024-12-01 01:55:12,269 - === 時間戳記 2024-12-01 01:55:12.269045 ===
目前執行函式：wait_for_scan_complete

2024-12-01 01:55:13,288 - 進入函式：check_scan
2024-12-01 01:55:13,636 - 離開函式：check_scan
2024-12-01 01:55:15,982 - 進入函式：check_scan
2024-12-01 01:55:16,333 - 離開函式：check_scan
2024-12-01 01:55:17,273 - === 時間戳記 2024-12-01 01:55:17.273581 ===
目前執行函式：wait_for_scan_complete

2024-12-01 01:55:18,674 - 進入函式：check_scan
2024-12-01 01:55:19,025 - 離開函式：check_scan
2024-12-01 01:55:21,368 - 進入函式：check_scan
2024-12-01 01:55:21,722 - 離開函式：check_scan
2024-12-01 01:55:22,281 - === 時間戳記 2024-12-01 01:55:22.281450 ===
目前執行函式：wait_for_scan_complete

2024-12-01 01:55:24,065 - 進入函式：check_scan
2024-12-01 01:55:24,416 - 離開函式：check_scan
2024-12-01 01:55:26,767 - 進入函式：check_scan
2024-12-01 01:55:27,114 - 離開函式：check_scan
2024-12-01 01:55:27,287 - === 時間戳記 2024-12-01 01:55:27.287369 ===
目前執行函式：wait_for_scan_complete

2024-12-01 01:55:29,451 - 進入函式：check_scan
2024-12-01 01:55:29,786 - 離開函式：check_scan
2024-12-01 01:55:32,117 - 進入函式：check_scan
2024-12-01 01:55:32,292 - === 時間戳記 2024-12-01 01:55:32.292822 ===
目前執行函式：wait_for_scan_complete -> check_scan

2024-12-01 01:55:32,453 - 離開函式：check_scan
2024-12-01 01:55:34,795 - 進入函式：check_scan
2024-12-01 01:55:35,143 - 離開函式：check_scan
2024-12-01 01:55:37,297 - === 時間戳記 2024-12-01 01:55:37.297863 ===
目前執行函式：wait_for_scan_complete

2024-12-01 01:55:37,488 - 進入函式：check_scan
2024-12-01 01:55:37,836 - 離開函式：check_scan
2024-12-01 01:55:40,180 - 進入函式：check_scan
2024-12-01 01:55:40,528 - 離開函式：check_scan
2024-12-01 01:55:42,303 - === 時間戳記 2024-12-01 01:55:42.303352 ===
目前執行函式：wait_for_scan_complete

2024-12-01 01:55:42,877 - 進入函式：check_scan
2024-12-01 01:55:43,226 - 離開函式：check_scan
2024-12-01 01:55:45,569 - 進入函式：check_scan
2024-12-01 01:55:45,919 - 離開函式：check_scan
2024-12-01 01:55:47,308 - === 時間戳記 2024-12-01 01:55:47.308778 ===
目前執行函式：wait_for_scan_complete

2024-12-01 01:55:48,264 - 進入函式：check_scan
2024-12-01 01:55:48,611 - 離開函式：check_scan
2024-12-01 01:55:50,955 - 進入函式：check_scan
2024-12-01 01:55:51,303 - 離開函式：check_scan
2024-12-01 01:55:52,313 - === 時間戳記 2024-12-01 01:55:52.313859 ===
目前執行函式：wait_for_scan_complete

2024-12-01 01:55:53,647 - 進入函式：check_scan
2024-12-01 01:55:53,996 - 離開函式：check_scan
2024-12-01 01:55:56,339 - 進入函式：check_scan
2024-12-01 01:55:56,688 - 離開函式：check_scan
2024-12-01 01:55:57,319 - === 時間戳記 2024-12-01 01:55:57.319816 ===
目前執行函式：wait_for_scan_complete

2024-12-01 01:55:59,031 - 進入函式：check_scan
2024-12-01 01:55:59,379 - 離開函式：check_scan
2024-12-01 01:56:01,724 - 進入函式：check_scan
2024-12-01 01:56:02,074 - 離開函式：check_scan
2024-12-01 01:56:02,325 - === 時間戳記 2024-12-01 01:56:02.325749 ===
目前執行函式：wait_for_scan_complete

2024-12-01 01:56:04,419 - 進入函式：check_scan
2024-12-01 01:56:04,770 - 離開函式：check_scan
2024-12-01 01:56:07,113 - 進入函式：check_scan
2024-12-01 01:56:07,331 - === 時間戳記 2024-12-01 01:56:07.331525 ===
目前執行函式：wait_for_scan_complete -> check_scan

2024-12-01 01:56:07,462 - 離開函式：check_scan
2024-12-01 01:56:09,807 - 進入函式：check_scan
2024-12-01 01:56:10,157 - 離開函式：check_scan
2024-12-01 01:56:12,337 - === 時間戳記 2024-12-01 01:56:12.337290 ===
目前執行函式：wait_for_scan_complete

2024-12-01 01:56:12,501 - 進入函式：check_scan
2024-12-01 01:56:12,849 - 離開函式：check_scan
2024-12-01 01:56:15,188 - 進入函式：check_scan
2024-12-01 01:56:15,525 - 離開函式：check_scan
2024-12-01 01:56:17,343 - === 時間戳記 2024-12-01 01:56:17.343260 ===
目前執行函式：wait_for_scan_complete

2024-12-01 01:56:17,853 - 進入函式：check_scan
2024-12-01 01:56:18,189 - 離開函式：check_scan
2024-12-01 01:56:20,525 - 進入函式：check_scan
2024-12-01 01:56:20,874 - 離開函式：check_scan
2024-12-01 01:56:22,348 - === 時間戳記 2024-12-01 01:56:22.348320 ===
目前執行函式：wait_for_scan_complete

2024-12-01 01:56:23,218 - 進入函式：check_scan
2024-12-01 01:56:23,566 - 離開函式：check_scan
2024-12-01 01:56:25,910 - 進入函式：check_scan
2024-12-01 01:56:26,260 - 離開函式：check_scan
2024-12-01 01:56:27,353 - === 時間戳記 2024-12-01 01:56:27.353494 ===
目前執行函式：wait_for_scan_complete

2024-12-01 01:56:28,604 - 進入函式：check_scan
2024-12-01 01:56:28,953 - 離開函式：check_scan
2024-12-01 01:56:31,300 - 進入函式：check_scan
2024-12-01 01:56:31,634 - 離開函式：check_scan
2024-12-01 01:56:32,360 - === 時間戳記 2024-12-01 01:56:32.360695 ===
目前執行函式：wait_for_scan_complete

2024-12-01 01:56:33,963 - 進入函式：check_scan
2024-12-01 01:56:34,298 - 離開函式：check_scan
2024-12-01 01:56:36,637 - 進入函式：check_scan
2024-12-01 01:56:36,988 - 離開函式：check_scan
2024-12-01 01:56:37,366 - === 時間戳記 2024-12-01 01:56:37.366190 ===
目前執行函式：wait_for_scan_complete

2024-12-01 01:56:39,332 - 進入函式：check_scan
2024-12-01 01:56:39,681 - 離開函式：check_scan
2024-12-01 01:56:42,025 - 進入函式：check_scan
2024-12-01 01:56:42,372 - === 時間戳記 2024-12-01 01:56:42.372433 ===
目前執行函式：wait_for_scan_complete -> check_scan

2024-12-01 01:56:42,374 - 離開函式：check_scan
2024-12-01 01:56:44,717 - 進入函式：check_scan
2024-12-01 01:56:45,067 - 離開函式：check_scan
2024-12-01 01:56:47,378 - === 時間戳記 2024-12-01 01:56:47.378944 ===
目前執行函式：wait_for_scan_complete

2024-12-01 01:56:47,410 - 進入函式：check_scan
2024-12-01 01:56:47,759 - 離開函式：check_scan
2024-12-01 01:56:50,102 - 進入函式：check_scan
2024-12-01 01:56:50,451 - 離開函式：check_scan
2024-12-01 01:56:52,383 - === 時間戳記 2024-12-01 01:56:52.383372 ===
目前執行函式：wait_for_scan_complete

2024-12-01 01:56:52,796 - 進入函式：check_scan
2024-12-01 01:56:53,144 - 離開函式：check_scan
2024-12-01 01:56:55,488 - 進入函式：check_scan
2024-12-01 01:56:55,837 - 離開函式：check_scan
2024-12-01 01:56:57,389 - === 時間戳記 2024-12-01 01:56:57.389506 ===
目前執行函式：wait_for_scan_complete

2024-12-01 01:56:58,181 - 進入函式：check_scan
2024-12-01 01:56:58,530 - 離開函式：check_scan
2024-12-01 01:57:00,874 - 進入函式：check_scan
2024-12-01 01:57:01,223 - 離開函式：check_scan
2024-12-01 01:57:02,393 - === 時間戳記 2024-12-01 01:57:02.393952 ===
目前執行函式：wait_for_scan_complete

2024-12-01 01:57:03,567 - 進入函式：check_scan
2024-12-01 01:57:03,916 - 離開函式：check_scan
2024-12-01 01:57:06,260 - 進入函式：check_scan
2024-12-01 01:57:06,609 - 離開函式：check_scan
2024-12-01 01:57:07,399 - === 時間戳記 2024-12-01 01:57:07.399906 ===
目前執行函式：wait_for_scan_complete

2024-12-01 01:57:08,952 - 進入函式：check_scan
2024-12-01 01:57:09,302 - 離開函式：check_scan
2024-12-01 01:57:11,646 - 進入函式：check_scan
2024-12-01 01:57:11,995 - 離開函式：check_scan
2024-12-01 01:57:12,406 - === 時間戳記 2024-12-01 01:57:12.406162 ===
目前執行函式：wait_for_scan_complete

2024-12-01 01:57:14,340 - 進入函式：check_scan
2024-12-01 01:57:14,688 - 離開函式：check_scan
2024-12-01 01:57:17,032 - 進入函式：check_scan
2024-12-01 01:57:17,381 - 離開函式：check_scan
2024-12-01 01:57:17,411 - === 時間戳記 2024-12-01 01:57:17.411891 ===
目前執行函式：wait_for_scan_complete

2024-12-01 01:57:19,725 - 進入函式：check_scan
2024-12-01 01:57:20,075 - 離開函式：check_scan
2024-12-01 01:57:22,417 - === 時間戳記 2024-12-01 01:57:22.417269 ===
目前執行函式：wait_for_scan_complete

2024-12-01 01:57:22,419 - 進入函式：check_scan
2024-12-01 01:57:22,771 - 離開函式：check_scan
2024-12-01 01:57:25,112 - 進入函式：check_scan
2024-12-01 01:57:25,462 - 離開函式：check_scan
2024-12-01 01:57:27,423 - === 時間戳記 2024-12-01 01:57:27.423268 ===
目前執行函式：wait_for_scan_complete

2024-12-01 01:57:27,807 - 進入函式：check_scan
2024-12-01 01:57:28,159 - 離開函式：check_scan
2024-12-01 01:57:30,501 - 進入函式：check_scan
2024-12-01 01:57:30,851 - 離開函式：check_scan
2024-12-01 01:57:32,429 - === 時間戳記 2024-12-01 01:57:32.429744 ===
目前執行函式：wait_for_scan_complete

2024-12-01 01:57:33,194 - 進入函式：check_scan
2024-12-01 01:57:33,545 - 離開函式：check_scan
2024-12-01 01:57:35,887 - 進入函式：check_scan
2024-12-01 01:57:36,237 - 離開函式：check_scan
2024-12-01 01:57:37,434 - === 時間戳記 2024-12-01 01:57:37.434809 ===
目前執行函式：wait_for_scan_complete

2024-12-01 01:57:38,580 - 進入函式：check_scan
2024-12-01 01:57:38,929 - 離開函式：check_scan
2024-12-01 01:57:41,275 - 進入函式：check_scan
2024-12-01 01:57:41,625 - 離開函式：check_scan
2024-12-01 01:57:42,439 - === 時間戳記 2024-12-01 01:57:42.439778 ===
目前執行函式：wait_for_scan_complete

2024-12-01 01:57:43,970 - 進入函式：check_scan
2024-12-01 01:57:44,319 - 離開函式：check_scan
2024-12-01 01:57:46,662 - 進入函式：check_scan
2024-12-01 01:57:47,011 - 離開函式：check_scan
2024-12-01 01:57:47,444 - === 時間戳記 2024-12-01 01:57:47.444167 ===
目前執行函式：wait_for_scan_complete

2024-12-01 01:57:49,355 - 進入函式：check_scan
2024-12-01 01:57:49,704 - 離開函式：check_scan
2024-12-01 01:57:52,048 - 進入函式：check_scan
2024-12-01 01:57:52,398 - 離開函式：check_scan
2024-12-01 01:57:52,448 - === 時間戳記 2024-12-01 01:57:52.448751 ===
目前執行函式：wait_for_scan_complete

2024-12-01 01:57:54,738 - 進入函式：check_scan
2024-12-01 01:57:55,074 - 離開函式：check_scan
2024-12-01 01:57:57,403 - 進入函式：check_scan
2024-12-01 01:57:57,453 - === 時間戳記 2024-12-01 01:57:57.453463 ===
目前執行函式：wait_for_scan_complete -> check_scan

2024-12-01 01:57:57,743 - 離開函式：check_scan
2024-12-01 01:58:00,088 - 進入函式：check_scan
2024-12-01 01:58:00,436 - 離開函式：check_scan
2024-12-01 01:58:02,460 - === 時間戳記 2024-12-01 01:58:02.460231 ===
目前執行函式：wait_for_scan_complete

2024-12-01 01:58:02,781 - 進入函式：check_scan
2024-12-01 01:58:03,129 - 離開函式：check_scan
2024-12-01 01:58:05,475 - 進入函式：check_scan
2024-12-01 01:58:05,824 - 離開函式：check_scan
2024-12-01 01:58:07,465 - === 時間戳記 2024-12-01 01:58:07.465140 ===
目前執行函式：wait_for_scan_complete

2024-12-01 01:58:08,169 - 進入函式：check_scan
2024-12-01 01:58:08,520 - 離開函式：check_scan
2024-12-01 01:58:10,865 - 進入函式：check_scan
2024-12-01 01:58:11,213 - 離開函式：check_scan
2024-12-01 01:58:12,469 - === 時間戳記 2024-12-01 01:58:12.469735 ===
目前執行函式：wait_for_scan_complete

2024-12-01 01:58:13,559 - 進入函式：check_scan
2024-12-01 01:58:13,908 - 離開函式：check_scan
2024-12-01 01:58:16,252 - 進入函式：check_scan
2024-12-01 01:58:16,601 - 離開函式：check_scan
2024-12-01 01:58:17,475 - === 時間戳記 2024-12-01 01:58:17.475019 ===
目前執行函式：wait_for_scan_complete

2024-12-01 01:58:18,946 - 進入函式：check_scan
2024-12-01 01:58:19,296 - 離開函式：check_scan
2024-12-01 01:58:21,640 - 進入函式：check_scan
2024-12-01 01:58:21,989 - 離開函式：check_scan
2024-12-01 01:58:22,481 - === 時間戳記 2024-12-01 01:58:22.481473 ===
目前執行函式：wait_for_scan_complete

2024-12-01 01:58:24,334 - 進入函式：check_scan
2024-12-01 01:58:24,684 - 離開函式：check_scan
2024-12-01 01:58:27,028 - 進入函式：check_scan
2024-12-01 01:58:27,378 - 離開函式：check_scan
2024-12-01 01:58:27,486 - === 時間戳記 2024-12-01 01:58:27.486677 ===
目前執行函式：wait_for_scan_complete

2024-12-01 01:58:29,722 - 進入函式：check_scan
2024-12-01 01:58:30,071 - 離開函式：check_scan
2024-12-01 01:58:32,416 - 進入函式：check_scan
2024-12-01 01:58:32,491 - === 時間戳記 2024-12-01 01:58:32.491032 ===
目前執行函式：wait_for_scan_complete -> check_scan

2024-12-01 01:58:32,768 - 離開函式：check_scan
2024-12-01 01:58:35,112 - 進入函式：check_scan
2024-12-01 01:58:35,462 - 離開函式：check_scan
2024-12-01 01:58:37,496 - === 時間戳記 2024-12-01 01:58:37.496299 ===
目前執行函式：wait_for_scan_complete

2024-12-01 01:58:37,807 - 進入函式：check_scan
2024-12-01 01:58:38,156 - 離開函式：check_scan
2024-12-01 01:58:40,501 - 進入函式：check_scan
2024-12-01 01:58:40,851 - 離開函式：check_scan
2024-12-01 01:58:42,501 - === 時間戳記 2024-12-01 01:58:42.501284 ===
目前執行函式：wait_for_scan_complete

2024-12-01 01:58:43,197 - 進入函式：check_scan
2024-12-01 01:58:43,547 - 離開函式：check_scan
2024-12-01 01:58:45,891 - 進入函式：check_scan
2024-12-01 01:58:46,242 - 離開函式：check_scan
2024-12-01 01:58:47,507 - === 時間戳記 2024-12-01 01:58:47.507114 ===
目前執行函式：wait_for_scan_complete

2024-12-01 01:58:48,584 - 進入函式：check_scan
2024-12-01 01:58:48,934 - 離開函式：check_scan
2024-12-01 01:58:51,278 - 進入函式：check_scan
2024-12-01 01:58:51,628 - 離開函式：check_scan
2024-12-01 01:58:52,512 - === 時間戳記 2024-12-01 01:58:52.512039 ===
目前執行函式：wait_for_scan_complete

2024-12-01 01:58:53,972 - 進入函式：check_scan
2024-12-01 01:58:54,321 - 離開函式：check_scan
2024-12-01 01:58:56,665 - 進入函式：check_scan
2024-12-01 01:58:57,015 - 離開函式：check_scan
2024-12-01 01:58:57,516 - === 時間戳記 2024-12-01 01:58:57.516560 ===
目前執行函式：wait_for_scan_complete

2024-12-01 01:58:59,358 - 進入函式：check_scan
2024-12-01 01:58:59,710 - 離開函式：check_scan
2024-12-01 01:59:02,051 - 進入函式：check_scan
2024-12-01 01:59:02,401 - 離開函式：check_scan
2024-12-01 01:59:02,522 - === 時間戳記 2024-12-01 01:59:02.522635 ===
目前執行函式：wait_for_scan_complete

2024-12-01 01:59:04,745 - 進入函式：check_scan
2024-12-01 01:59:05,097 - 離開函式：check_scan
2024-12-01 01:59:07,440 - 進入函式：check_scan
2024-12-01 01:59:07,528 - === 時間戳記 2024-12-01 01:59:07.528657 ===
目前執行函式：wait_for_scan_complete -> check_scan

2024-12-01 01:59:07,789 - 離開函式：check_scan
2024-12-01 01:59:10,135 - 進入函式：check_scan
2024-12-01 01:59:10,483 - 離開函式：check_scan
2024-12-01 01:59:12,535 - === 時間戳記 2024-12-01 01:59:12.535103 ===
目前執行函式：wait_for_scan_complete

2024-12-01 01:59:12,827 - 進入函式：check_scan
2024-12-01 01:59:13,177 - 離開函式：check_scan
2024-12-01 01:59:15,523 - 進入函式：check_scan
2024-12-01 01:59:15,871 - 離開函式：check_scan
2024-12-01 01:59:17,540 - === 時間戳記 2024-12-01 01:59:17.540685 ===
目前執行函式：wait_for_scan_complete

2024-12-01 01:59:18,215 - 進入函式：check_scan
2024-12-01 01:59:18,565 - 離開函式：check_scan
2024-12-01 01:59:20,909 - 進入函式：check_scan
2024-12-01 01:59:21,258 - 離開函式：check_scan
2024-12-01 01:59:22,546 - === 時間戳記 2024-12-01 01:59:22.546116 ===
目前執行函式：wait_for_scan_complete

2024-12-01 01:59:23,604 - 進入函式：check_scan
2024-12-01 01:59:23,953 - 離開函式：check_scan
2024-12-01 01:59:26,297 - 進入函式：check_scan
2024-12-01 01:59:26,645 - 離開函式：check_scan
2024-12-01 01:59:27,551 - === 時間戳記 2024-12-01 01:59:27.551445 ===
目前執行函式：wait_for_scan_complete

2024-12-01 01:59:28,990 - 進入函式：check_scan
2024-12-01 01:59:29,339 - 離開函式：check_scan
2024-12-01 01:59:31,682 - 進入函式：check_scan
2024-12-01 01:59:32,034 - 離開函式：check_scan
2024-12-01 01:59:32,557 - === 時間戳記 2024-12-01 01:59:32.557041 ===
目前執行函式：wait_for_scan_complete

2024-12-01 01:59:34,377 - 進入函式：check_scan
2024-12-01 01:59:34,728 - 離開函式：check_scan
2024-12-01 01:59:37,071 - 進入函式：check_scan
2024-12-01 01:59:37,422 - 離開函式：check_scan
2024-12-01 01:59:37,562 - === 時間戳記 2024-12-01 01:59:37.562203 ===
目前執行函式：wait_for_scan_complete

2024-12-01 01:59:39,766 - 進入函式：check_scan
2024-12-01 01:59:40,115 - 離開函式：check_scan
2024-12-01 01:59:42,457 - 進入函式：check_scan
2024-12-01 01:59:42,568 - === 時間戳記 2024-12-01 01:59:42.568345 ===
目前執行函式：wait_for_scan_complete -> check_scan

2024-12-01 01:59:42,808 - 離開函式：check_scan
2024-12-01 01:59:45,152 - 進入函式：check_scan
2024-12-01 01:59:45,502 - 離開函式：check_scan
2024-12-01 01:59:47,573 - === 時間戳記 2024-12-01 01:59:47.573066 ===
目前執行函式：wait_for_scan_complete

2024-12-01 01:59:47,845 - 進入函式：check_scan
2024-12-01 01:59:48,195 - 離開函式：check_scan
2024-12-01 01:59:50,538 - 進入函式：check_scan
2024-12-01 01:59:50,888 - 離開函式：check_scan
2024-12-01 01:59:52,577 - === 時間戳記 2024-12-01 01:59:52.577394 ===
目前執行函式：wait_for_scan_complete

2024-12-01 01:59:53,232 - 進入函式：check_scan
2024-12-01 01:59:53,581 - 離開函式：check_scan
2024-12-01 01:59:55,925 - 進入函式：check_scan
2024-12-01 01:59:56,274 - 離開函式：check_scan
2024-12-01 01:59:57,582 - === 時間戳記 2024-12-01 01:59:57.582784 ===
目前執行函式：wait_for_scan_complete

2024-12-01 01:59:58,616 - 進入函式：check_scan
2024-12-01 01:59:58,966 - 離開函式：check_scan
2024-12-01 02:00:01,311 - 進入函式：check_scan
2024-12-01 02:00:01,659 - 離開函式：check_scan
2024-12-01 02:00:02,589 - === 時間戳記 2024-12-01 02:00:02.589158 ===
目前執行函式：wait_for_scan_complete

2024-12-01 02:00:04,004 - 進入函式：check_scan
2024-12-01 02:00:04,355 - 離開函式：check_scan
2024-12-01 02:00:06,698 - 進入函式：check_scan
2024-12-01 02:00:07,048 - 離開函式：check_scan
2024-12-01 02:00:07,595 - === 時間戳記 2024-12-01 02:00:07.595380 ===
目前執行函式：wait_for_scan_complete

2024-12-01 02:00:09,391 - 進入函式：check_scan
2024-12-01 02:00:09,741 - 離開函式：check_scan
2024-12-01 02:00:12,085 - 進入函式：check_scan
2024-12-01 02:00:12,434 - 離開函式：check_scan
2024-12-01 02:00:12,600 - === 時間戳記 2024-12-01 02:00:12.600750 ===
目前執行函式：wait_for_scan_complete

2024-12-01 02:00:14,778 - 進入函式：check_scan
2024-12-01 02:00:15,126 - 離開函式：check_scan
2024-12-01 02:00:17,471 - 進入函式：check_scan
2024-12-01 02:00:17,607 - === 時間戳記 2024-12-01 02:00:17.607238 ===
目前執行函式：wait_for_scan_complete -> check_scan

2024-12-01 02:00:17,822 - 離開函式：check_scan
2024-12-01 02:00:20,165 - 進入函式：check_scan
2024-12-01 02:00:20,513 - 離開函式：check_scan
2024-12-01 02:00:22,612 - === 時間戳記 2024-12-01 02:00:22.612029 ===
目前執行函式：wait_for_scan_complete

2024-12-01 02:00:22,859 - 進入函式：check_scan
2024-12-01 02:00:23,209 - 離開函式：check_scan
2024-12-01 02:00:25,552 - 進入函式：check_scan
2024-12-01 02:00:25,901 - 離開函式：check_scan
2024-12-01 02:00:27,617 - === 時間戳記 2024-12-01 02:00:27.617683 ===
目前執行函式：wait_for_scan_complete

2024-12-01 02:00:28,244 - 進入函式：check_scan
2024-12-01 02:00:28,585 - 離開函式：check_scan
2024-12-01 02:00:30,917 - 進入函式：check_scan
2024-12-01 02:00:31,250 - 離開函式：check_scan
2024-12-01 02:00:32,623 - === 時間戳記 2024-12-01 02:00:32.623929 ===
目前執行函式：wait_for_scan_complete

2024-12-01 02:00:33,583 - 進入函式：check_scan
2024-12-01 02:00:33,924 - 離開函式：check_scan
2024-12-01 02:00:36,254 - 進入函式：check_scan
2024-12-01 02:00:36,590 - 離開函式：check_scan
2024-12-01 02:00:37,628 - === 時間戳記 2024-12-01 02:00:37.628929 ===
目前執行函式：wait_for_scan_complete

2024-12-01 02:00:38,922 - 進入函式：check_scan
2024-12-01 02:00:39,272 - 離開函式：check_scan
2024-12-01 02:00:41,616 - 進入函式：check_scan
2024-12-01 02:00:41,962 - 離開函式：check_scan
2024-12-01 02:00:42,636 - === 時間戳記 2024-12-01 02:00:42.636035 ===
目前執行函式：wait_for_scan_complete

2024-12-01 02:00:44,298 - 進入函式：check_scan
2024-12-01 02:00:44,645 - 離開函式：check_scan
2024-12-01 02:00:46,995 - 進入函式：check_scan
2024-12-01 02:00:47,344 - 離開函式：check_scan
2024-12-01 02:00:47,642 - === 時間戳記 2024-12-01 02:00:47.642210 ===
目前執行函式：wait_for_scan_complete

2024-12-01 02:00:49,680 - 進入函式：check_scan
2024-12-01 02:00:50,031 - 離開函式：check_scan
2024-12-01 02:00:52,373 - 進入函式：check_scan
2024-12-01 02:00:52,650 - === 時間戳記 2024-12-01 02:00:52.650223 ===
目前執行函式：wait_for_scan_complete -> check_scan

2024-12-01 02:00:52,722 - 離開函式：check_scan
2024-12-01 02:00:55,065 - 進入函式：check_scan
2024-12-01 02:00:55,414 - 離開函式：check_scan
2024-12-01 02:00:57,655 - === 時間戳記 2024-12-01 02:00:57.655137 ===
目前執行函式：wait_for_scan_complete

2024-12-01 02:00:57,759 - 進入函式：check_scan
2024-12-01 02:00:58,109 - 離開函式：check_scan
2024-12-01 02:01:00,452 - 進入函式：check_scan
2024-12-01 02:01:00,803 - 離開函式：check_scan
2024-12-01 02:01:02,662 - === 時間戳記 2024-12-01 02:01:02.662060 ===
目前執行函式：wait_for_scan_complete

2024-12-01 02:01:03,146 - 進入函式：check_scan
2024-12-01 02:01:03,496 - 離開函式：check_scan
2024-12-01 02:01:05,842 - 進入函式：check_scan
2024-12-01 02:01:06,189 - 離開函式：check_scan
2024-12-01 02:01:07,667 - === 時間戳記 2024-12-01 02:01:07.667568 ===
目前執行函式：wait_for_scan_complete

2024-12-01 02:01:08,533 - 進入函式：check_scan
2024-12-01 02:01:08,882 - 離開函式：check_scan
2024-12-01 02:01:11,227 - 進入函式：check_scan
2024-12-01 02:01:11,576 - 離開函式：check_scan
2024-12-01 02:01:12,674 - === 時間戳記 2024-12-01 02:01:12.674120 ===
目前執行函式：wait_for_scan_complete

2024-12-01 02:01:13,923 - 進入函式：check_scan
2024-12-01 02:01:14,270 - 離開函式：check_scan
2024-12-01 02:01:16,614 - 進入函式：check_scan
2024-12-01 02:01:16,964 - 離開函式：check_scan
2024-12-01 02:01:17,679 - === 時間戳記 2024-12-01 02:01:17.679595 ===
目前執行函式：wait_for_scan_complete

2024-12-01 02:01:19,310 - 進入函式：check_scan
2024-12-01 02:01:19,657 - 離開函式：check_scan
2024-12-01 02:01:21,999 - 進入函式：check_scan
2024-12-01 02:01:22,344 - 離開函式：check_scan
2024-12-01 02:01:22,684 - === 時間戳記 2024-12-01 02:01:22.684705 ===
目前執行函式：wait_for_scan_complete

2024-12-01 02:01:24,691 - 進入函式：check_scan
2024-12-01 02:01:25,042 - 離開函式：check_scan
2024-12-01 02:01:27,385 - 進入函式：check_scan
2024-12-01 02:01:27,690 - === 時間戳記 2024-12-01 02:01:27.690522 ===
目前執行函式：wait_for_scan_complete -> check_scan

2024-12-01 02:01:27,735 - 離開函式：check_scan
2024-12-01 02:01:30,077 - 進入函式：check_scan
2024-12-01 02:01:30,426 - 離開函式：check_scan
2024-12-01 02:01:32,695 - === 時間戳記 2024-12-01 02:01:32.695735 ===
目前執行函式：wait_for_scan_complete

2024-12-01 02:01:32,770 - 進入函式：check_scan
2024-12-01 02:01:33,120 - 離開函式：check_scan
2024-12-01 02:01:35,462 - 進入函式：check_scan
2024-12-01 02:01:35,812 - 離開函式：check_scan
2024-12-01 02:01:37,701 - === 時間戳記 2024-12-01 02:01:37.701687 ===
目前執行函式：wait_for_scan_complete

2024-12-01 02:01:38,155 - 進入函式：check_scan
2024-12-01 02:01:38,504 - 離開函式：check_scan
2024-12-01 02:01:40,848 - 進入函式：check_scan
2024-12-01 02:01:41,198 - 離開函式：check_scan
2024-12-01 02:01:42,706 - === 時間戳記 2024-12-01 02:01:42.706857 ===
目前執行函式：wait_for_scan_complete

2024-12-01 02:01:43,541 - 進入函式：check_scan
2024-12-01 02:01:43,890 - 離開函式：check_scan
2024-12-01 02:01:46,234 - 進入函式：check_scan
2024-12-01 02:01:46,582 - 離開函式：check_scan
2024-12-01 02:01:47,712 - === 時間戳記 2024-12-01 02:01:47.712892 ===
目前執行函式：wait_for_scan_complete

2024-12-01 02:01:48,927 - 進入函式：check_scan
2024-12-01 02:01:49,276 - 離開函式：check_scan
2024-12-01 02:01:51,620 - 進入函式：check_scan
2024-12-01 02:01:51,970 - 離開函式：check_scan
2024-12-01 02:01:52,719 - === 時間戳記 2024-12-01 02:01:52.719488 ===
目前執行函式：wait_for_scan_complete

2024-12-01 02:01:54,313 - 進入函式：check_scan
2024-12-01 02:01:54,661 - 離開函式：check_scan
2024-12-01 02:01:57,004 - 進入函式：check_scan
2024-12-01 02:01:57,354 - 離開函式：check_scan
2024-12-01 02:01:57,725 - === 時間戳記 2024-12-01 02:01:57.725529 ===
目前執行函式：wait_for_scan_complete

2024-12-01 02:01:59,697 - 進入函式：check_scan
2024-12-01 02:02:00,046 - 離開函式：check_scan
2024-12-01 02:02:02,392 - 進入函式：check_scan
2024-12-01 02:02:02,732 - === 時間戳記 2024-12-01 02:02:02.732453 ===
目前執行函式：wait_for_scan_complete -> check_scan

2024-12-01 02:02:02,740 - 離開函式：check_scan
2024-12-01 02:02:05,083 - 進入函式：check_scan
2024-12-01 02:02:05,433 - 離開函式：check_scan
2024-12-01 02:02:07,737 - === 時間戳記 2024-12-01 02:02:07.737880 ===
目前執行函式：wait_for_scan_complete

2024-12-01 02:02:07,777 - 進入函式：check_scan
2024-12-01 02:02:08,125 - 離開函式：check_scan
2024-12-01 02:02:10,469 - 進入函式：check_scan
2024-12-01 02:02:10,819 - 離開函式：check_scan
2024-12-01 02:02:12,745 - === 時間戳記 2024-12-01 02:02:12.745173 ===
目前執行函式：wait_for_scan_complete

2024-12-01 02:02:13,163 - 進入函式：check_scan
2024-12-01 02:02:13,511 - 離開函式：check_scan
2024-12-01 02:02:15,856 - 進入函式：check_scan
2024-12-01 02:02:16,207 - 離開函式：check_scan
2024-12-01 02:02:17,750 - === 時間戳記 2024-12-01 02:02:17.750732 ===
目前執行函式：wait_for_scan_complete

2024-12-01 02:02:18,549 - 進入函式：check_scan
2024-12-01 02:02:18,898 - 離開函式：check_scan
2024-12-01 02:02:21,241 - 進入函式：check_scan
2024-12-01 02:02:21,591 - 離開函式：check_scan
2024-12-01 02:02:22,756 - === 時間戳記 2024-12-01 02:02:22.756530 ===
目前執行函式：wait_for_scan_complete

2024-12-01 02:02:23,935 - 進入函式：check_scan
2024-12-01 02:02:24,282 - 離開函式：check_scan
2024-12-01 02:02:26,627 - 進入函式：check_scan
2024-12-01 02:02:26,977 - 離開函式：check_scan
2024-12-01 02:02:27,762 - === 時間戳記 2024-12-01 02:02:27.762566 ===
目前執行函式：wait_for_scan_complete

2024-12-01 02:02:29,320 - 進入函式：check_scan
2024-12-01 02:02:29,671 - 離開函式：check_scan
2024-12-01 02:02:32,015 - 進入函式：check_scan
2024-12-01 02:02:32,364 - 離開函式：check_scan
2024-12-01 02:02:32,768 - === 時間戳記 2024-12-01 02:02:32.768654 ===
目前執行函式：wait_for_scan_complete

2024-12-01 02:02:34,707 - 進入函式：check_scan
2024-12-01 02:02:35,058 - 離開函式：check_scan
2024-12-01 02:02:37,401 - 進入函式：check_scan
2024-12-01 02:02:37,751 - 離開函式：check_scan
2024-12-01 02:02:37,774 - === 時間戳記 2024-12-01 02:02:37.774276 ===
目前執行函式：wait_for_scan_complete

2024-12-01 02:02:40,094 - 進入函式：check_scan
2024-12-01 02:02:40,441 - 離開函式：check_scan
2024-12-01 02:02:42,780 - === 時間戳記 2024-12-01 02:02:42.780201 ===
目前執行函式：wait_for_scan_complete

2024-12-01 02:02:42,785 - 進入函式：check_scan
2024-12-01 02:02:43,135 - 離開函式：check_scan
2024-12-01 02:02:45,480 - 進入函式：check_scan
2024-12-01 02:02:45,829 - 離開函式：check_scan
2024-12-01 02:02:47,785 - === 時間戳記 2024-12-01 02:02:47.785674 ===
目前執行函式：wait_for_scan_complete

2024-12-01 02:02:48,173 - 進入函式：check_scan
2024-12-01 02:02:48,524 - 離開函式：check_scan
2024-12-01 02:02:50,865 - 進入函式：check_scan
2024-12-01 02:02:51,214 - 離開函式：check_scan
2024-12-01 02:02:52,790 - === 時間戳記 2024-12-01 02:02:52.790943 ===
目前執行函式：wait_for_scan_complete

2024-12-01 02:02:53,559 - 進入函式：check_scan
2024-12-01 02:02:53,908 - 離開函式：check_scan
2024-12-01 02:02:56,251 - 進入函式：check_scan
2024-12-01 02:02:56,601 - 離開函式：check_scan
2024-12-01 02:02:57,797 - === 時間戳記 2024-12-01 02:02:57.797009 ===
目前執行函式：wait_for_scan_complete

2024-12-01 02:02:58,944 - 進入函式：check_scan
2024-12-01 02:02:59,294 - 離開函式：check_scan
2024-12-01 02:03:01,637 - 進入函式：check_scan
2024-12-01 02:03:01,987 - 離開函式：check_scan
2024-12-01 02:03:02,802 - === 時間戳記 2024-12-01 02:03:02.802039 ===
目前執行函式：wait_for_scan_complete

2024-12-01 02:03:04,332 - 進入函式：check_scan
2024-12-01 02:03:04,680 - 離開函式：check_scan
2024-12-01 02:03:07,025 - 進入函式：check_scan
2024-12-01 02:03:07,374 - 離開函式：check_scan
2024-12-01 02:03:07,806 - === 時間戳記 2024-12-01 02:03:07.806964 ===
目前執行函式：wait_for_scan_complete

2024-12-01 02:03:09,717 - 進入函式：check_scan
2024-12-01 02:03:10,061 - 離開函式：check_scan
2024-12-01 02:03:12,392 - 進入函式：check_scan
2024-12-01 02:03:12,729 - 離開函式：check_scan
2024-12-01 02:03:12,812 - === 時間戳記 2024-12-01 02:03:12.812444 ===
目前執行函式：wait_for_scan_complete

2024-12-01 02:03:15,068 - 進入函式：check_scan
2024-12-01 02:03:15,417 - 離開函式：check_scan
2024-12-01 02:03:17,762 - 進入函式：check_scan
2024-12-01 02:03:17,818 - === 時間戳記 2024-12-01 02:03:17.818597 ===
目前執行函式：wait_for_scan_complete -> check_scan

2024-12-01 02:03:18,109 - 離開函式：check_scan
2024-12-01 02:03:20,453 - 進入函式：check_scan
2024-12-01 02:03:20,802 - 離開函式：check_scan
2024-12-01 02:03:22,823 - === 時間戳記 2024-12-01 02:03:22.823569 ===
目前執行函式：wait_for_scan_complete

2024-12-01 02:03:23,146 - 進入函式：check_scan
2024-12-01 02:03:23,494 - 離開函式：check_scan
2024-12-01 02:03:25,837 - 進入函式：check_scan
2024-12-01 02:03:26,187 - 離開函式：check_scan
2024-12-01 02:03:27,829 - === 時間戳記 2024-12-01 02:03:27.829917 ===
目前執行函式：wait_for_scan_complete

2024-12-01 02:03:28,531 - 進入函式：check_scan
2024-12-01 02:03:28,879 - 離開函式：check_scan
2024-12-01 02:03:31,223 - 進入函式：check_scan
2024-12-01 02:03:31,224 - 離開函式：check_scan
2024-12-01 02:03:31,224 - 離開函式：wait_for_scan_complete
2024-12-01 02:03:50,267 - 進入函式：wait_for_scan_complete
2024-12-01 02:03:50,267 - 進入函式：check_scan
2024-12-01 02:03:52,199 - 離開函式：check_scan
2024-12-01 02:03:52,852 - === 時間戳記 2024-12-01 02:03:52.852586 ===
目前執行函式：wait_for_scan_complete

2024-12-01 02:03:54,545 - 進入函式：check_scan
2024-12-01 02:03:54,892 - 離開函式：check_scan
2024-12-01 02:03:57,237 - 進入函式：check_scan
2024-12-01 02:03:57,585 - 離開函式：check_scan
2024-12-01 02:03:57,858 - === 時間戳記 2024-12-01 02:03:57.858182 ===
目前執行函式：wait_for_scan_complete

2024-12-01 02:03:59,928 - 進入函式：check_scan
2024-12-01 02:04:00,276 - 離開函式：check_scan
2024-12-01 02:04:02,620 - 進入函式：check_scan
2024-12-01 02:04:02,863 - === 時間戳記 2024-12-01 02:04:02.863645 ===
目前執行函式：wait_for_scan_complete -> check_scan

2024-12-01 02:04:02,970 - 離開函式：check_scan
2024-12-01 02:04:05,315 - 進入函式：check_scan
2024-12-01 02:04:05,662 - 離開函式：check_scan
2024-12-01 02:04:07,869 - === 時間戳記 2024-12-01 02:04:07.869907 ===
目前執行函式：wait_for_scan_complete

2024-12-01 02:04:08,005 - 進入函式：check_scan
2024-12-01 02:04:08,353 - 離開函式：check_scan
2024-12-01 02:04:10,696 - 進入函式：check_scan
2024-12-01 02:04:11,044 - 離開函式：check_scan
2024-12-01 02:04:12,874 - === 時間戳記 2024-12-01 02:04:12.874723 ===
目前執行函式：wait_for_scan_complete

2024-12-01 02:04:13,388 - 進入函式：check_scan
2024-12-01 02:04:13,736 - 離開函式：check_scan
2024-12-01 02:04:16,082 - 進入函式：check_scan
2024-12-01 02:04:16,432 - 離開函式：check_scan
2024-12-01 02:04:17,880 - === 時間戳記 2024-12-01 02:04:17.880076 ===
目前執行函式：wait_for_scan_complete

2024-12-01 02:04:18,775 - 進入函式：check_scan
2024-12-01 02:04:19,123 - 離開函式：check_scan
2024-12-01 02:04:21,467 - 進入函式：check_scan
2024-12-01 02:04:21,818 - 離開函式：check_scan
2024-12-01 02:04:22,885 - === 時間戳記 2024-12-01 02:04:22.885041 ===
目前執行函式：wait_for_scan_complete

2024-12-01 02:04:24,159 - 進入函式：check_scan
2024-12-01 02:04:24,508 - 離開函式：check_scan
2024-12-01 02:04:26,852 - 進入函式：check_scan
2024-12-01 02:04:27,200 - 離開函式：check_scan
2024-12-01 02:04:27,889 - === 時間戳記 2024-12-01 02:04:27.889567 ===
目前執行函式：wait_for_scan_complete

2024-12-01 02:04:29,544 - 進入函式：check_scan
2024-12-01 02:04:29,893 - 離開函式：check_scan
2024-12-01 02:04:32,237 - 進入函式：check_scan
2024-12-01 02:04:32,586 - 離開函式：check_scan
2024-12-01 02:04:32,895 - === 時間戳記 2024-12-01 02:04:32.895005 ===
目前執行函式：wait_for_scan_complete

2024-12-01 02:04:34,930 - 進入函式：check_scan
2024-12-01 02:04:35,280 - 離開函式：check_scan
2024-12-01 02:04:37,623 - 進入函式：check_scan
2024-12-01 02:04:37,900 - === 時間戳記 2024-12-01 02:04:37.900108 ===
目前執行函式：wait_for_scan_complete -> check_scan

2024-12-01 02:04:37,973 - 離開函式：check_scan
2024-12-01 02:04:40,317 - 進入函式：check_scan
2024-12-01 02:04:40,666 - 離開函式：check_scan
2024-12-01 02:04:42,905 - === 時間戳記 2024-12-01 02:04:42.905004 ===
目前執行函式：wait_for_scan_complete

2024-12-01 02:04:43,010 - 進入函式：check_scan
2024-12-01 02:04:43,360 - 離開函式：check_scan
2024-12-01 02:04:45,704 - 進入函式：check_scan
2024-12-01 02:04:46,052 - 離開函式：check_scan
2024-12-01 02:04:47,911 - === 時間戳記 2024-12-01 02:04:47.911046 ===
目前執行函式：wait_for_scan_complete

2024-12-01 02:04:48,398 - 進入函式：check_scan
2024-12-01 02:04:48,745 - 離開函式：check_scan
2024-12-01 02:04:51,087 - 進入函式：check_scan
2024-12-01 02:04:51,444 - 離開函式：check_scan
2024-12-01 02:04:52,918 - === 時間戳記 2024-12-01 02:04:52.918004 ===
目前執行函式：wait_for_scan_complete

2024-12-01 02:04:53,787 - 進入函式：check_scan
2024-12-01 02:04:54,134 - 離開函式：check_scan
2024-12-01 02:04:56,478 - 進入函式：check_scan
2024-12-01 02:04:56,827 - 離開函式：check_scan
2024-12-01 02:04:57,924 - === 時間戳記 2024-12-01 02:04:57.924902 ===
目前執行函式：wait_for_scan_complete

2024-12-01 02:04:59,170 - 進入函式：check_scan
2024-12-01 02:04:59,171 - 離開函式：check_scan
2024-12-01 02:04:59,172 - 離開函式：wait_for_scan_complete
2024-12-01 02:05:18,193 - 進入函式：wait_for_scan_complete
2024-12-01 02:05:18,193 - 進入函式：check_scan
2024-12-01 02:05:20,123 - 離開函式：check_scan
2024-12-01 02:05:22,466 - 進入函式：check_scan
2024-12-01 02:05:22,816 - 離開函式：check_scan
2024-12-01 02:05:22,949 - === 時間戳記 2024-12-01 02:05:22.949008 ===
目前執行函式：wait_for_scan_complete

2024-12-01 02:05:25,160 - 進入函式：check_scan
2024-12-01 02:05:25,507 - 離開函式：check_scan
2024-12-01 02:05:27,852 - 進入函式：check_scan
2024-12-01 02:05:27,955 - === 時間戳記 2024-12-01 02:05:27.955687 ===
目前執行函式：wait_for_scan_complete -> check_scan

2024-12-01 02:05:28,200 - 離開函式：check_scan
2024-12-01 02:05:30,544 - 進入函式：check_scan
2024-12-01 02:05:30,892 - 離開函式：check_scan
2024-12-01 02:05:32,960 - === 時間戳記 2024-12-01 02:05:32.960286 ===
目前執行函式：wait_for_scan_complete

2024-12-01 02:05:33,237 - 進入函式：check_scan
2024-12-01 02:05:33,587 - 離開函式：check_scan
2024-12-01 02:05:35,931 - 進入函式：check_scan
2024-12-01 02:05:36,281 - 離開函式：check_scan
2024-12-01 02:05:37,966 - === 時間戳記 2024-12-01 02:05:37.966826 ===
目前執行函式：wait_for_scan_complete

2024-12-01 02:05:38,624 - 進入函式：check_scan
2024-12-01 02:05:38,973 - 離開函式：check_scan
2024-12-01 02:05:41,317 - 進入函式：check_scan
2024-12-01 02:05:41,668 - 離開函式：check_scan
2024-12-01 02:05:42,972 - === 時間戳記 2024-12-01 02:05:42.972247 ===
目前執行函式：wait_for_scan_complete

2024-12-01 02:05:44,011 - 進入函式：check_scan
2024-12-01 02:05:44,360 - 離開函式：check_scan
2024-12-01 02:05:46,704 - 進入函式：check_scan
2024-12-01 02:05:47,054 - 離開函式：check_scan
2024-12-01 02:05:47,977 - === 時間戳記 2024-12-01 02:05:47.977491 ===
目前執行函式：wait_for_scan_complete

2024-12-01 02:05:49,398 - 進入函式：check_scan
2024-12-01 02:05:49,748 - 離開函式：check_scan
2024-12-01 02:05:52,092 - 進入函式：check_scan
2024-12-01 02:05:52,442 - 離開函式：check_scan
2024-12-01 02:05:52,984 - === 時間戳記 2024-12-01 02:05:52.984083 ===
目前執行函式：wait_for_scan_complete

2024-12-01 02:05:54,784 - 進入函式：check_scan
2024-12-01 02:05:55,133 - 離開函式：check_scan
2024-12-01 02:05:57,478 - 進入函式：check_scan
2024-12-01 02:05:57,826 - 離開函式：check_scan
2024-12-01 02:05:57,988 - === 時間戳記 2024-12-01 02:05:57.988477 ===
目前執行函式：wait_for_scan_complete

2024-12-01 02:06:00,169 - 進入函式：check_scan
2024-12-01 02:06:00,519 - 離開函式：check_scan
2024-12-01 02:06:02,861 - 進入函式：check_scan
2024-12-01 02:06:02,994 - === 時間戳記 2024-12-01 02:06:02.994636 ===
目前執行函式：wait_for_scan_complete -> check_scan

2024-12-01 02:06:03,208 - 離開函式：check_scan
2024-12-01 02:06:05,552 - 進入函式：check_scan
2024-12-01 02:06:05,900 - 離開函式：check_scan
2024-12-01 02:06:08,000 - === 時間戳記 2024-12-01 02:06:08.000354 ===
目前執行函式：wait_for_scan_complete

2024-12-01 02:06:08,244 - 進入函式：check_scan
2024-12-01 02:06:08,593 - 離開函式：check_scan
2024-12-01 02:06:10,936 - 進入函式：check_scan
2024-12-01 02:06:11,285 - 離開函式：check_scan
2024-12-01 02:06:13,006 - === 時間戳記 2024-12-01 02:06:13.006024 ===
目前執行函式：wait_for_scan_complete

2024-12-01 02:06:13,629 - 進入函式：check_scan
2024-12-01 02:06:13,978 - 離開函式：check_scan
2024-12-01 02:06:16,322 - 進入函式：check_scan
2024-12-01 02:06:16,672 - 離開函式：check_scan
2024-12-01 02:06:18,011 - === 時間戳記 2024-12-01 02:06:18.011385 ===
目前執行函式：wait_for_scan_complete

2024-12-01 02:06:19,015 - 進入函式：check_scan
2024-12-01 02:06:19,364 - 離開函式：check_scan
2024-12-01 02:06:21,708 - 進入函式：check_scan
2024-12-01 02:06:22,057 - 離開函式：check_scan
2024-12-01 02:06:23,019 - === 時間戳記 2024-12-01 02:06:23.019478 ===
目前執行函式：wait_for_scan_complete

2024-12-01 02:06:24,404 - 進入函式：check_scan
2024-12-01 02:06:24,752 - 離開函式：check_scan
2024-12-01 02:06:27,095 - 進入函式：check_scan
2024-12-01 02:06:27,096 - 離開函式：check_scan
2024-12-01 02:06:27,096 - 離開函式：wait_for_scan_complete
2024-12-01 02:06:46,142 - 進入函式：wait_for_scan_complete
2024-12-01 02:06:46,142 - 進入函式：check_scan
2024-12-01 02:06:48,043 - === 時間戳記 2024-12-01 02:06:48.043437 ===
目前執行函式：wait_for_scan_complete -> check_scan

2024-12-01 02:06:48,052 - 離開函式：check_scan
2024-12-01 02:06:50,384 - 進入函式：check_scan
2024-12-01 02:06:50,727 - 離開函式：check_scan
2024-12-01 02:06:53,050 - === 時間戳記 2024-12-01 02:06:53.050118 ===
目前執行函式：wait_for_scan_complete

2024-12-01 02:06:53,069 - 進入函式：check_scan
2024-12-01 02:06:53,419 - 離開函式：check_scan
2024-12-01 02:06:55,763 - 進入函式：check_scan
2024-12-01 02:06:56,114 - 離開函式：check_scan
2024-12-01 02:06:58,056 - === 時間戳記 2024-12-01 02:06:58.056343 ===
目前執行函式：wait_for_scan_complete

2024-12-01 02:06:58,457 - 進入函式：check_scan
2024-12-01 02:06:58,806 - 離開函式：check_scan
2024-12-01 02:07:01,150 - 進入函式：check_scan
2024-12-01 02:07:01,501 - 離開函式：check_scan
2024-12-01 02:07:03,062 - === 時間戳記 2024-12-01 02:07:03.062286 ===
目前執行函式：wait_for_scan_complete

2024-12-01 02:07:03,847 - 進入函式：check_scan
2024-12-01 02:07:04,196 - 離開函式：check_scan
2024-12-01 02:07:06,540 - 進入函式：check_scan
2024-12-01 02:07:06,890 - 離開函式：check_scan
2024-12-01 02:07:08,068 - === 時間戳記 2024-12-01 02:07:08.068890 ===
目前執行函式：wait_for_scan_complete

2024-12-01 02:07:09,234 - 進入函式：check_scan
2024-12-01 02:07:09,585 - 離開函式：check_scan
2024-12-01 02:07:11,929 - 進入函式：check_scan
2024-12-01 02:07:12,280 - 離開函式：check_scan
2024-12-01 02:07:13,075 - === 時間戳記 2024-12-01 02:07:13.075877 ===
目前執行函式：wait_for_scan_complete

2024-12-01 02:07:14,625 - 進入函式：check_scan
2024-12-01 02:07:14,983 - 離開函式：check_scan
2024-12-01 02:07:17,325 - 進入函式：check_scan
2024-12-01 02:07:17,674 - 離開函式：check_scan
2024-12-01 02:07:18,083 - === 時間戳記 2024-12-01 02:07:18.083682 ===
目前執行函式：wait_for_scan_complete

2024-12-01 02:07:20,027 - 進入函式：check_scan
2024-12-01 02:07:20,377 - 離開函式：check_scan
2024-12-01 02:07:22,721 - 進入函式：check_scan
2024-12-01 02:07:23,071 - 離開函式：check_scan
2024-12-01 02:07:23,088 - === 時間戳記 2024-12-01 02:07:23.088227 ===
目前執行函式：wait_for_scan_complete

2024-12-01 02:07:25,409 - 進入函式：check_scan
2024-12-01 02:07:25,760 - 離開函式：check_scan
2024-12-01 02:07:28,093 - === 時間戳記 2024-12-01 02:07:28.093002 ===
目前執行函式：wait_for_scan_complete

2024-12-01 02:07:28,096 - 進入函式：check_scan
2024-12-01 02:07:28,435 - 離開函式：check_scan
2024-12-01 02:07:30,763 - 進入函式：check_scan
2024-12-01 02:07:31,102 - 離開函式：check_scan
2024-12-01 02:07:33,099 - === 時間戳記 2024-12-01 02:07:33.099626 ===
目前執行函式：wait_for_scan_complete

2024-12-01 02:07:33,433 - 進入函式：check_scan
2024-12-01 02:07:33,773 - 離開函式：check_scan
2024-12-01 02:07:36,114 - 進入函式：check_scan
2024-12-01 02:07:36,449 - 離開函式：check_scan
2024-12-01 02:07:38,104 - === 時間戳記 2024-12-01 02:07:38.104093 ===
目前執行函式：wait_for_scan_complete

2024-12-01 02:07:38,781 - 進入函式：check_scan
2024-12-01 02:07:39,119 - 離開函式：check_scan
2024-12-01 02:07:41,451 - 進入函式：check_scan
2024-12-01 02:07:41,793 - 離開函式：check_scan
2024-12-01 02:07:43,108 - === 時間戳記 2024-12-01 02:07:43.108092 ===
目前執行函式：wait_for_scan_complete

2024-12-01 02:07:44,120 - 進入函式：check_scan
2024-12-01 02:07:44,457 - 離開函式：check_scan
2024-12-01 02:07:46,788 - 進入函式：check_scan
2024-12-01 02:07:47,124 - 離開函式：check_scan
2024-12-01 02:07:48,112 - === 時間戳記 2024-12-01 02:07:48.112206 ===
目前執行函式：wait_for_scan_complete

2024-12-01 02:07:49,457 - 進入函式：check_scan
2024-12-01 02:07:49,798 - 離開函式：check_scan
2024-12-01 02:07:52,128 - 進入函式：check_scan
2024-12-01 02:07:52,465 - 離開函式：check_scan
2024-12-01 02:07:53,117 - === 時間戳記 2024-12-01 02:07:53.117038 ===
目前執行函式：wait_for_scan_complete

2024-12-01 02:07:54,796 - 進入函式：check_scan
2024-12-01 02:07:55,132 - 離開函式：check_scan
2024-12-01 02:07:57,464 - 進入函式：check_scan
2024-12-01 02:07:57,800 - 離開函式：check_scan
2024-12-01 02:07:58,121 - === 時間戳記 2024-12-01 02:07:58.121340 ===
目前執行函式：wait_for_scan_complete

2024-12-01 02:08:00,131 - 進入函式：check_scan
2024-12-01 02:08:00,467 - 離開函式：check_scan
2024-12-01 02:08:02,798 - 進入函式：check_scan
2024-12-01 02:08:03,127 - === 時間戳記 2024-12-01 02:08:03.127973 ===
目前執行函式：wait_for_scan_complete -> check_scan

2024-12-01 02:08:03,135 - 離開函式：check_scan
2024-12-01 02:08:05,466 - 進入函式：check_scan
2024-12-01 02:08:05,802 - 離開函式：check_scan
2024-12-01 02:08:08,132 - === 時間戳記 2024-12-01 02:08:08.132388 ===
目前執行函式：wait_for_scan_complete

2024-12-01 02:08:08,134 - 進入函式：check_scan
2024-12-01 02:08:08,470 - 離開函式：check_scan
2024-12-01 02:08:10,801 - 進入函式：check_scan
2024-12-01 02:08:11,143 - 離開函式：check_scan
2024-12-01 02:08:13,136 - === 時間戳記 2024-12-01 02:08:13.136558 ===
目前執行函式：wait_for_scan_complete

2024-12-01 02:08:13,471 - 進入函式：check_scan
2024-12-01 02:08:13,808 - 離開函式：check_scan
2024-12-01 02:08:16,138 - 進入函式：check_scan
2024-12-01 02:08:16,475 - 離開函式：check_scan
2024-12-01 02:08:18,141 - === 時間戳記 2024-12-01 02:08:18.141651 ===
目前執行函式：wait_for_scan_complete

2024-12-01 02:08:18,806 - 進入函式：check_scan
2024-12-01 02:08:19,147 - 離開函式：check_scan
2024-12-01 02:08:21,476 - 進入函式：check_scan
2024-12-01 02:08:21,813 - 離開函式：check_scan
2024-12-01 02:08:23,145 - === 時間戳記 2024-12-01 02:08:23.145871 ===
目前執行函式：wait_for_scan_complete

2024-12-01 02:08:24,143 - 進入函式：check_scan
2024-12-01 02:08:24,480 - 離開函式：check_scan
2024-12-01 02:08:26,811 - 進入函式：check_scan
2024-12-01 02:08:27,152 - 離開函式：check_scan
2024-12-01 02:08:28,150 - === 時間戳記 2024-12-01 02:08:28.150644 ===
目前執行函式：wait_for_scan_complete

2024-12-01 02:08:29,481 - 進入函式：check_scan
2024-12-01 02:08:29,817 - 離開函式：check_scan
2024-12-01 02:08:32,148 - 進入函式：check_scan
2024-12-01 02:08:32,486 - 離開函式：check_scan
2024-12-01 02:08:33,155 - === 時間戳記 2024-12-01 02:08:33.155132 ===
目前執行函式：wait_for_scan_complete

2024-12-01 02:08:34,816 - 進入函式：check_scan
2024-12-01 02:08:35,152 - 離開函式：check_scan
2024-12-01 02:08:37,486 - 進入函式：check_scan
2024-12-01 02:08:37,821 - 離開函式：check_scan
2024-12-01 02:08:38,158 - === 時間戳記 2024-12-01 02:08:38.158984 ===
目前執行函式：wait_for_scan_complete

2024-12-01 02:08:40,153 - 進入函式：check_scan
2024-12-01 02:08:40,489 - 離開函式：check_scan
2024-12-01 02:08:42,820 - 進入函式：check_scan
2024-12-01 02:08:43,162 - 離開函式：check_scan
2024-12-01 02:08:43,163 - === 時間戳記 2024-12-01 02:08:43.163124 ===
目前執行函式：wait_for_scan_complete

2024-12-01 02:08:45,490 - 進入函式：check_scan
2024-12-01 02:08:45,828 - 離開函式：check_scan
2024-12-01 02:08:48,158 - 進入函式：check_scan
2024-12-01 02:08:48,167 - === 時間戳記 2024-12-01 02:08:48.167296 ===
目前執行函式：wait_for_scan_complete -> check_scan

2024-12-01 02:08:48,495 - 離開函式：check_scan
2024-12-01 02:08:50,827 - 進入函式：check_scan
2024-12-01 02:08:51,164 - 離開函式：check_scan
2024-12-01 02:08:53,170 - === 時間戳記 2024-12-01 02:08:53.170897 ===
目前執行函式：wait_for_scan_complete

2024-12-01 02:08:53,496 - 進入函式：check_scan
2024-12-01 02:08:53,830 - 離開函式：check_scan
2024-12-01 02:08:56,161 - 進入函式：check_scan
2024-12-01 02:08:56,498 - 離開函式：check_scan
2024-12-01 02:08:58,175 - === 時間戳記 2024-12-01 02:08:58.175578 ===
目前執行函式：wait_for_scan_complete

2024-12-01 02:08:58,828 - 進入函式：check_scan
2024-12-01 02:08:59,165 - 離開函式：check_scan
2024-12-01 02:09:01,500 - 進入函式：check_scan
2024-12-01 02:09:01,834 - 離開函式：check_scan
2024-12-01 02:09:03,179 - === 時間戳記 2024-12-01 02:09:03.179522 ===
目前執行函式：wait_for_scan_complete

2024-12-01 02:09:04,165 - 進入函式：check_scan
2024-12-01 02:09:04,501 - 離開函式：check_scan
2024-12-01 02:09:06,833 - 進入函式：check_scan
2024-12-01 02:09:07,172 - 離開函式：check_scan
2024-12-01 02:09:08,183 - === 時間戳記 2024-12-01 02:09:08.183952 ===
目前執行函式：wait_for_scan_complete

2024-12-01 02:09:09,501 - 進入函式：check_scan
2024-12-01 02:09:09,838 - 離開函式：check_scan
2024-12-01 02:09:12,169 - 進入函式：check_scan
2024-12-01 02:09:12,507 - 離開函式：check_scan
2024-12-01 02:09:13,187 - === 時間戳記 2024-12-01 02:09:13.187728 ===
目前執行函式：wait_for_scan_complete

2024-12-01 02:09:14,838 - 進入函式：check_scan
2024-12-01 02:09:15,174 - 離開函式：check_scan
2024-12-01 02:09:17,505 - 進入函式：check_scan
2024-12-01 02:09:17,842 - 離開函式：check_scan
2024-12-01 02:09:18,192 - === 時間戳記 2024-12-01 02:09:18.192580 ===
目前執行函式：wait_for_scan_complete

2024-12-01 02:09:20,172 - 進入函式：check_scan
2024-12-01 02:09:20,510 - 離開函式：check_scan
2024-12-01 02:09:22,840 - 進入函式：check_scan
2024-12-01 02:09:23,176 - 離開函式：check_scan
2024-12-01 02:09:23,196 - === 時間戳記 2024-12-01 02:09:23.196874 ===
目前執行函式：wait_for_scan_complete

2024-12-01 02:09:25,507 - 進入函式：check_scan
2024-12-01 02:09:25,844 - 離開函式：check_scan
2024-12-01 02:09:28,175 - 進入函式：check_scan
2024-12-01 02:09:28,201 - === 時間戳記 2024-12-01 02:09:28.201202 ===
目前執行函式：wait_for_scan_complete -> check_scan

2024-12-01 02:09:28,511 - 離開函式：check_scan
2024-12-01 02:09:30,842 - 進入函式：check_scan
2024-12-01 02:09:31,181 - 離開函式：check_scan
2024-12-01 02:09:33,205 - === 時間戳記 2024-12-01 02:09:33.205977 ===
目前執行函式：wait_for_scan_complete

2024-12-01 02:09:33,511 - 進入函式：check_scan
2024-12-01 02:09:33,847 - 離開函式：check_scan
2024-12-01 02:09:36,178 - 進入函式：check_scan
2024-12-01 02:09:36,515 - 離開函式：check_scan
2024-12-01 02:09:38,210 - === 時間戳記 2024-12-01 02:09:38.210376 ===
目前執行函式：wait_for_scan_complete

2024-12-01 02:09:38,846 - 進入函式：check_scan
2024-12-01 02:09:39,183 - 離開函式：check_scan
2024-12-01 02:09:41,513 - 進入函式：check_scan
2024-12-01 02:09:41,849 - 離開函式：check_scan
2024-12-01 02:09:43,215 - === 時間戳記 2024-12-01 02:09:43.215291 ===
目前執行函式：wait_for_scan_complete

2024-12-01 02:09:44,181 - 進入函式：check_scan
2024-12-01 02:09:44,518 - 離開函式：check_scan
2024-12-01 02:09:46,850 - 進入函式：check_scan
2024-12-01 02:09:47,186 - 離開函式：check_scan
2024-12-01 02:09:48,219 - === 時間戳記 2024-12-01 02:09:48.219477 ===
目前執行函式：wait_for_scan_complete

2024-12-01 02:09:49,516 - 進入函式：check_scan
2024-12-01 02:09:49,853 - 離開函式：check_scan
2024-12-01 02:09:52,184 - 進入函式：check_scan
2024-12-01 02:09:52,520 - 離開函式：check_scan
2024-12-01 02:09:53,223 - === 時間戳記 2024-12-01 02:09:53.223478 ===
目前執行函式：wait_for_scan_complete

2024-12-01 02:09:54,851 - 進入函式：check_scan
2024-12-01 02:09:55,188 - 離開函式：check_scan
2024-12-01 02:09:57,519 - 進入函式：check_scan
2024-12-01 02:09:57,857 - 離開函式：check_scan
2024-12-01 02:09:58,228 - === 時間戳記 2024-12-01 02:09:58.228597 ===
目前執行函式：wait_for_scan_complete

2024-12-01 02:10:00,188 - 進入函式：check_scan
2024-12-01 02:10:00,524 - 離開函式：check_scan
2024-12-01 02:10:02,855 - 進入函式：check_scan
2024-12-01 02:10:03,192 - 離開函式：check_scan
2024-12-01 02:10:03,232 - === 時間戳記 2024-12-01 02:10:03.232768 ===
目前執行函式：wait_for_scan_complete

2024-12-01 02:10:05,523 - 進入函式：check_scan
2024-12-01 02:10:05,860 - 離開函式：check_scan
2024-12-01 02:10:08,191 - 進入函式：check_scan
2024-12-01 02:10:08,236 - === 時間戳記 2024-12-01 02:10:08.236937 ===
目前執行函式：wait_for_scan_complete -> check_scan

2024-12-01 02:10:08,528 - 離開函式：check_scan
2024-12-01 02:10:10,858 - 進入函式：check_scan
2024-12-01 02:10:11,194 - 離開函式：check_scan
2024-12-01 02:10:13,242 - === 時間戳記 2024-12-01 02:10:13.242896 ===
目前執行函式：wait_for_scan_complete

2024-12-01 02:10:13,525 - 進入函式：check_scan
2024-12-01 02:10:13,861 - 離開函式：check_scan
2024-12-01 02:10:16,192 - 進入函式：check_scan
2024-12-01 02:10:16,530 - 離開函式：check_scan
2024-12-01 02:10:18,247 - === 時間戳記 2024-12-01 02:10:18.247282 ===
目前執行函式：wait_for_scan_complete

2024-12-01 02:10:18,860 - 進入函式：check_scan
2024-12-01 02:10:19,198 - 離開函式：check_scan
2024-12-01 02:10:21,528 - 進入函式：check_scan
2024-12-01 02:10:21,866 - 離開函式：check_scan
2024-12-01 02:10:23,251 - === 時間戳記 2024-12-01 02:10:23.251196 ===
目前執行函式：wait_for_scan_complete

2024-12-01 02:10:24,197 - 進入函式：check_scan
2024-12-01 02:10:24,533 - 離開函式：check_scan
2024-12-01 02:10:26,864 - 進入函式：check_scan
2024-12-01 02:10:27,200 - 離開函式：check_scan
2024-12-01 02:10:28,255 - === 時間戳記 2024-12-01 02:10:28.255489 ===
目前執行函式：wait_for_scan_complete

2024-12-01 02:10:29,531 - 進入函式：check_scan
2024-12-01 02:10:29,868 - 離開函式：check_scan
2024-12-01 02:10:32,199 - 進入函式：check_scan
2024-12-01 02:10:32,536 - 離開函式：check_scan
2024-12-01 02:10:33,259 - === 時間戳記 2024-12-01 02:10:33.259755 ===
目前執行函式：wait_for_scan_complete

2024-12-01 02:10:34,866 - 進入函式：check_scan
2024-12-01 02:10:35,203 - 離開函式：check_scan
2024-12-01 02:10:37,535 - 進入函式：check_scan
2024-12-01 02:10:37,870 - 離開函式：check_scan
2024-12-01 02:10:38,263 - === 時間戳記 2024-12-01 02:10:38.263579 ===
目前執行函式：wait_for_scan_complete

2024-12-01 02:10:40,201 - 進入函式：check_scan
2024-12-01 02:10:40,538 - 離開函式：check_scan
2024-12-01 02:10:42,869 - 進入函式：check_scan
2024-12-01 02:10:43,206 - 離開函式：check_scan
2024-12-01 02:10:43,268 - === 時間戳記 2024-12-01 02:10:43.268108 ===
目前執行函式：wait_for_scan_complete

2024-12-01 02:10:45,537 - 進入函式：check_scan
2024-12-01 02:10:45,873 - 離開函式：check_scan
2024-12-01 02:10:48,204 - 進入函式：check_scan
2024-12-01 02:10:48,273 - === 時間戳記 2024-12-01 02:10:48.273044 ===
目前執行函式：wait_for_scan_complete -> check_scan

2024-12-01 02:10:48,540 - 離開函式：check_scan
2024-12-01 02:10:50,873 - 進入函式：check_scan
2024-12-01 02:10:51,209 - 離開函式：check_scan
2024-12-01 02:10:53,279 - === 時間戳記 2024-12-01 02:10:53.279132 ===
目前執行函式：wait_for_scan_complete

2024-12-01 02:10:53,540 - 進入函式：check_scan
2024-12-01 02:10:53,876 - 離開函式：check_scan
2024-12-01 02:10:56,206 - 進入函式：check_scan
2024-12-01 02:10:56,543 - 離開函式：check_scan
2024-12-01 02:10:58,283 - === 時間戳記 2024-12-01 02:10:58.283046 ===
目前執行函式：wait_for_scan_complete

2024-12-01 02:10:58,873 - 進入函式：check_scan
2024-12-01 02:10:59,212 - 離開函式：check_scan
2024-12-01 02:11:01,544 - 進入函式：check_scan
2024-12-01 02:11:01,879 - 離開函式：check_scan
2024-12-01 02:11:03,289 - === 時間戳記 2024-12-01 02:11:03.289474 ===
目前執行函式：wait_for_scan_complete

2024-12-01 02:11:04,210 - 進入函式：check_scan
2024-12-01 02:11:04,546 - 離開函式：check_scan
2024-12-01 02:11:06,877 - 進入函式：check_scan
2024-12-01 02:11:07,214 - 離開函式：check_scan
2024-12-01 02:11:08,293 - === 時間戳記 2024-12-01 02:11:08.293326 ===
目前執行函式：wait_for_scan_complete

2024-12-01 02:11:09,545 - 進入函式：check_scan
2024-12-01 02:11:09,882 - 離開函式：check_scan
2024-12-01 02:11:12,213 - 進入函式：check_scan
2024-12-01 02:11:12,549 - 離開函式：check_scan
2024-12-01 02:11:13,297 - === 時間戳記 2024-12-01 02:11:13.297744 ===
目前執行函式：wait_for_scan_complete

2024-12-01 02:11:14,880 - 進入函式：check_scan
2024-12-01 02:11:15,217 - 離開函式：check_scan
2024-12-01 02:11:17,549 - 進入函式：check_scan
2024-12-01 02:11:17,885 - 離開函式：check_scan
2024-12-01 02:11:18,302 - === 時間戳記 2024-12-01 02:11:18.302837 ===
目前執行函式：wait_for_scan_complete

2024-12-01 02:11:20,216 - 進入函式：check_scan
2024-12-01 02:11:20,554 - 離開函式：check_scan
2024-12-01 02:11:22,884 - 進入函式：check_scan
2024-12-01 02:11:23,222 - 離開函式：check_scan
2024-12-01 02:11:23,307 - === 時間戳記 2024-12-01 02:11:23.307205 ===
目前執行函式：wait_for_scan_complete

2024-12-01 02:11:25,556 - 進入函式：check_scan
2024-12-01 02:11:25,896 - 離開函式：check_scan
2024-12-01 02:11:28,229 - 進入函式：check_scan
2024-12-01 02:11:28,313 - === 時間戳記 2024-12-01 02:11:28.313017 ===
目前執行函式：wait_for_scan_complete -> check_scan

2024-12-01 02:11:28,570 - 離開函式：check_scan
2024-12-01 02:11:30,904 - 進入函式：check_scan
2024-12-01 02:11:31,244 - 離開函式：check_scan
2024-12-01 02:11:33,318 - === 時間戳記 2024-12-01 02:11:33.318723 ===
目前執行函式：wait_for_scan_complete

2024-12-01 02:11:33,578 - 進入函式：check_scan
2024-12-01 02:11:33,917 - 離開函式：check_scan
2024-12-01 02:11:36,248 - 進入函式：check_scan
2024-12-01 02:11:36,585 - 離開函式：check_scan
2024-12-01 02:11:38,323 - === 時間戳記 2024-12-01 02:11:38.323366 ===
目前執行函式：wait_for_scan_complete

2024-12-01 02:11:38,918 - 進入函式：check_scan
2024-12-01 02:11:39,256 - 離開函式：check_scan
2024-12-01 02:11:41,587 - 進入函式：check_scan
2024-12-01 02:11:41,927 - 離開函式：check_scan
2024-12-01 02:11:43,328 - === 時間戳記 2024-12-01 02:11:43.328920 ===
目前執行函式：wait_for_scan_complete

2024-12-01 02:11:44,258 - 進入函式：check_scan
2024-12-01 02:11:44,595 - 離開函式：check_scan
2024-12-01 02:11:46,928 - 進入函式：check_scan
2024-12-01 02:11:47,265 - 離開函式：check_scan
2024-12-01 02:11:48,333 - === 時間戳記 2024-12-01 02:11:48.333273 ===
目前執行函式：wait_for_scan_complete

2024-12-01 02:11:49,596 - 進入函式：check_scan
2024-12-01 02:11:49,932 - 離開函式：check_scan
2024-12-01 02:11:52,263 - 進入函式：check_scan
2024-12-01 02:11:52,601 - 離開函式：check_scan
2024-12-01 02:11:53,337 - === 時間戳記 2024-12-01 02:11:53.337729 ===
目前執行函式：wait_for_scan_complete

2024-12-01 02:11:54,934 - 進入函式：check_scan
2024-12-01 02:11:55,272 - 離開函式：check_scan
2024-12-01 02:11:57,602 - 進入函式：check_scan
2024-12-01 02:11:57,937 - 離開函式：check_scan
2024-12-01 02:11:58,342 - === 時間戳記 2024-12-01 02:11:58.342731 ===
目前執行函式：wait_for_scan_complete

2024-12-01 02:12:00,268 - 進入函式：check_scan
2024-12-01 02:12:00,606 - 離開函式：check_scan
2024-12-01 02:12:02,937 - 進入函式：check_scan
2024-12-01 02:12:03,275 - 離開函式：check_scan
2024-12-01 02:12:03,347 - === 時間戳記 2024-12-01 02:12:03.347151 ===
目前執行函式：wait_for_scan_complete

2024-12-01 02:12:05,606 - 進入函式：check_scan
2024-12-01 02:12:05,941 - 離開函式：check_scan
2024-12-01 02:12:08,272 - 進入函式：check_scan
2024-12-01 02:12:08,352 - === 時間戳記 2024-12-01 02:12:08.352107 ===
目前執行函式：wait_for_scan_complete -> check_scan

2024-12-01 02:12:08,609 - 離開函式：check_scan
2024-12-01 02:12:10,940 - 進入函式：check_scan
2024-12-01 02:12:11,278 - 離開函式：check_scan
2024-12-01 02:12:13,356 - === 時間戳記 2024-12-01 02:12:13.356648 ===
目前執行函式：wait_for_scan_complete

2024-12-01 02:12:13,608 - 進入函式：check_scan
2024-12-01 02:12:13,946 - 離開函式：check_scan
2024-12-01 02:12:16,276 - 進入函式：check_scan
2024-12-01 02:12:16,612 - 離開函式：check_scan
2024-12-01 02:12:18,361 - === 時間戳記 2024-12-01 02:12:18.361653 ===
目前執行函式：wait_for_scan_complete

2024-12-01 02:12:18,944 - 進入函式：check_scan
2024-12-01 02:12:19,281 - 離開函式：check_scan
2024-12-01 02:12:21,611 - 進入函式：check_scan
2024-12-01 02:12:21,948 - 離開函式：check_scan
2024-12-01 02:12:23,365 - === 時間戳記 2024-12-01 02:12:23.365923 ===
目前執行函式：wait_for_scan_complete

2024-12-01 02:12:24,280 - 進入函式：check_scan
2024-12-01 02:12:24,617 - 離開函式：check_scan
2024-12-01 02:12:26,949 - 進入函式：check_scan
2024-12-01 02:12:27,284 - 離開函式：check_scan
2024-12-01 02:12:28,370 - === 時間戳記 2024-12-01 02:12:28.370776 ===
目前執行函式：wait_for_scan_complete

2024-12-01 02:12:29,616 - 進入函式：check_scan
2024-12-01 02:12:29,952 - 離開函式：check_scan
2024-12-01 02:12:32,282 - 進入函式：check_scan
2024-12-01 02:12:32,618 - 離開函式：check_scan
2024-12-01 02:12:33,376 - === 時間戳記 2024-12-01 02:12:33.376488 ===
目前執行函式：wait_for_scan_complete

2024-12-01 02:12:34,948 - 進入函式：check_scan
2024-12-01 02:12:35,287 - 離開函式：check_scan
2024-12-01 02:12:37,618 - 進入函式：check_scan
2024-12-01 02:12:37,955 - 離開函式：check_scan
2024-12-01 02:12:38,381 - === 時間戳記 2024-12-01 02:12:38.381653 ===
目前執行函式：wait_for_scan_complete

2024-12-01 02:12:40,284 - 進入函式：check_scan
2024-12-01 02:12:40,621 - 離開函式：check_scan
2024-12-01 02:12:42,950 - 進入函式：check_scan
2024-12-01 02:12:43,290 - 離開函式：check_scan
2024-12-01 02:12:43,387 - === 時間戳記 2024-12-01 02:12:43.387911 ===
目前執行函式：wait_for_scan_complete

2024-12-01 02:12:45,622 - 進入函式：check_scan
2024-12-01 02:12:45,960 - 離開函式：check_scan
2024-12-01 02:12:48,294 - 進入函式：check_scan
2024-12-01 02:12:48,393 - === 時間戳記 2024-12-01 02:12:48.393237 ===
目前執行函式：wait_for_scan_complete -> check_scan

2024-12-01 02:12:48,631 - 離開函式：check_scan
2024-12-01 02:12:50,964 - 進入函式：check_scan
2024-12-01 02:12:51,302 - 離開函式：check_scan
2024-12-01 02:12:53,399 - === 時間戳記 2024-12-01 02:12:53.399757 ===
目前執行函式：wait_for_scan_complete

2024-12-01 02:12:53,633 - 進入函式：check_scan
2024-12-01 02:12:53,968 - 離開函式：check_scan
2024-12-01 02:12:56,301 - 進入函式：check_scan
2024-12-01 02:12:56,639 - 離開函式：check_scan
2024-12-01 02:12:58,404 - === 時間戳記 2024-12-01 02:12:58.404163 ===
目前執行函式：wait_for_scan_complete

2024-12-01 02:12:58,973 - 進入函式：check_scan
2024-12-01 02:12:59,312 - 離開函式：check_scan
2024-12-01 02:13:01,643 - 進入函式：check_scan
2024-12-01 02:13:01,982 - 離開函式：check_scan
2024-12-01 02:13:03,408 - === 時間戳記 2024-12-01 02:13:03.408571 ===
目前執行函式：wait_for_scan_complete

2024-12-01 02:13:04,312 - 進入函式：check_scan
2024-12-01 02:13:04,649 - 離開函式：check_scan
2024-12-01 02:13:06,980 - 進入函式：check_scan
2024-12-01 02:13:07,316 - 離開函式：check_scan
2024-12-01 02:13:08,413 - === 時間戳記 2024-12-01 02:13:08.413483 ===
目前執行函式：wait_for_scan_complete

2024-12-01 02:13:09,648 - 進入函式：check_scan
2024-12-01 02:13:09,985 - 離開函式：check_scan
2024-12-01 02:13:12,316 - 進入函式：check_scan
2024-12-01 02:13:12,652 - 離開函式：check_scan
2024-12-01 02:13:13,418 - === 時間戳記 2024-12-01 02:13:13.418005 ===
目前執行函式：wait_for_scan_complete

2024-12-01 02:13:14,983 - 進入函式：check_scan
2024-12-01 02:13:15,319 - 離開函式：check_scan
2024-12-01 02:13:17,651 - 進入函式：check_scan
2024-12-01 02:13:17,988 - 離開函式：check_scan
2024-12-01 02:13:18,423 - === 時間戳記 2024-12-01 02:13:18.423390 ===
目前執行函式：wait_for_scan_complete

2024-12-01 02:13:20,318 - 進入函式：check_scan
2024-12-01 02:13:20,660 - 離開函式：check_scan
2024-12-01 02:13:22,995 - 進入函式：check_scan
2024-12-01 02:13:23,333 - 離開函式：check_scan
2024-12-01 02:13:23,428 - === 時間戳記 2024-12-01 02:13:23.428529 ===
目前執行函式：wait_for_scan_complete

2024-12-01 02:13:25,664 - 進入函式：check_scan
2024-12-01 02:13:26,000 - 離開函式：check_scan
2024-12-01 02:13:28,331 - 進入函式：check_scan
2024-12-01 02:13:28,432 - === 時間戳記 2024-12-01 02:13:28.432772 ===
目前執行函式：wait_for_scan_complete -> check_scan

2024-12-01 02:13:28,668 - 離開函式：check_scan
2024-12-01 02:13:31,002 - 進入函式：check_scan
2024-12-01 02:13:31,338 - 離開函式：check_scan
2024-12-01 02:13:33,437 - === 時間戳記 2024-12-01 02:13:33.437993 ===
目前執行函式：wait_for_scan_complete

2024-12-01 02:13:33,667 - 進入函式：check_scan
2024-12-01 02:13:34,008 - 離開函式：check_scan
2024-12-01 02:13:36,343 - 進入函式：check_scan
2024-12-01 02:13:36,690 - 離開函式：check_scan
2024-12-01 02:13:38,444 - === 時間戳記 2024-12-01 02:13:38.444501 ===
目前執行函式：wait_for_scan_complete

2024-12-01 02:13:39,025 - 進入函式：check_scan
2024-12-01 02:13:39,373 - 離開函式：check_scan
2024-12-01 02:13:41,709 - 進入函式：check_scan
2024-12-01 02:13:42,050 - 離開函式：check_scan
2024-12-01 02:13:43,450 - === 時間戳記 2024-12-01 02:13:43.450865 ===
目前執行函式：wait_for_scan_complete

2024-12-01 02:13:44,383 - 進入函式：check_scan
2024-12-01 02:13:44,722 - 離開函式：check_scan
2024-12-01 02:13:47,054 - 進入函式：check_scan
2024-12-01 02:13:47,394 - 離開函式：check_scan
2024-12-01 02:13:48,456 - === 時間戳記 2024-12-01 02:13:48.456122 ===
目前執行函式：wait_for_scan_complete

2024-12-01 02:13:49,724 - 進入函式：check_scan
2024-12-01 02:13:50,063 - 離開函式：check_scan
2024-12-01 02:13:52,397 - 進入函式：check_scan
2024-12-01 02:13:52,737 - 離開函式：check_scan
2024-12-01 02:13:53,461 - === 時間戳記 2024-12-01 02:13:53.461133 ===
目前執行函式：wait_for_scan_complete

2024-12-01 02:13:55,068 - 進入函式：check_scan
2024-12-01 02:13:55,406 - 離開函式：check_scan
2024-12-01 02:13:57,738 - 進入函式：check_scan
2024-12-01 02:13:58,073 - 離開函式：check_scan
2024-12-01 02:13:58,465 - === 時間戳記 2024-12-01 02:13:58.465176 ===
目前執行函式：wait_for_scan_complete

2024-12-01 02:14:00,408 - 進入函式：check_scan
2024-12-01 02:14:00,746 - 離開函式：check_scan
2024-12-01 02:14:03,080 - 進入函式：check_scan
2024-12-01 02:14:03,420 - 離開函式：check_scan
2024-12-01 02:14:03,470 - === 時間戳記 2024-12-01 02:14:03.470242 ===
目前執行函式：wait_for_scan_complete

2024-12-01 02:14:05,753 - 進入函式：check_scan
2024-12-01 02:14:06,090 - 離開函式：check_scan
2024-12-01 02:14:08,421 - 進入函式：check_scan
2024-12-01 02:14:08,474 - === 時間戳記 2024-12-01 02:14:08.474632 ===
目前執行函式：wait_for_scan_complete -> check_scan

2024-12-01 02:14:08,756 - 離開函式：check_scan
2024-12-01 02:14:11,086 - 進入函式：check_scan
2024-12-01 02:14:11,422 - 離開函式：check_scan
2024-12-01 02:14:13,480 - === 時間戳記 2024-12-01 02:14:13.480010 ===
目前執行函式：wait_for_scan_complete

2024-12-01 02:14:13,765 - 進入函式：check_scan
2024-12-01 02:14:14,104 - 離開函式：check_scan
2024-12-01 02:14:16,439 - 進入函式：check_scan
2024-12-01 02:14:16,782 - 離開函式：check_scan
2024-12-01 02:14:18,484 - === 時間戳記 2024-12-01 02:14:18.484819 ===
目前執行函式：wait_for_scan_complete

2024-12-01 02:14:19,115 - 進入函式：check_scan
2024-12-01 02:14:19,455 - 離開函式：check_scan
2024-12-01 02:14:21,789 - 進入函式：check_scan
2024-12-01 02:14:22,125 - 離開函式：check_scan
2024-12-01 02:14:23,490 - === 時間戳記 2024-12-01 02:14:23.490401 ===
目前執行函式：wait_for_scan_complete

2024-12-01 02:14:24,457 - 進入函式：check_scan
2024-12-01 02:14:24,794 - 離開函式：check_scan
2024-12-01 02:14:27,124 - 進入函式：check_scan
2024-12-01 02:14:27,460 - 離開函式：check_scan
2024-12-01 02:14:28,495 - === 時間戳記 2024-12-01 02:14:28.495003 ===
目前執行函式：wait_for_scan_complete

2024-12-01 02:14:29,793 - 進入函式：check_scan
2024-12-01 02:14:30,132 - 離開函式：check_scan
2024-12-01 02:14:32,463 - 進入函式：check_scan
2024-12-01 02:14:32,802 - 離開函式：check_scan
2024-12-01 02:14:33,501 - === 時間戳記 2024-12-01 02:14:33.501876 ===
目前執行函式：wait_for_scan_complete

2024-12-01 02:14:35,135 - 進入函式：check_scan
2024-12-01 02:14:35,472 - 離開函式：check_scan
2024-12-01 02:14:37,805 - 進入函式：check_scan
2024-12-01 02:14:38,143 - 離開函式：check_scan
2024-12-01 02:14:38,507 - === 時間戳記 2024-12-01 02:14:38.507701 ===
目前執行函式：wait_for_scan_complete

2024-12-01 02:14:40,475 - 進入函式：check_scan
2024-12-01 02:14:40,814 - 離開函式：check_scan
2024-12-01 02:14:43,147 - 進入函式：check_scan
2024-12-01 02:14:43,486 - 離開函式：check_scan
2024-12-01 02:14:43,513 - === 時間戳記 2024-12-01 02:14:43.513802 ===
目前執行函式：wait_for_scan_complete

2024-12-01 02:14:45,818 - 進入函式：check_scan
2024-12-01 02:14:46,158 - 離開函式：check_scan
2024-12-01 02:14:48,489 - 進入函式：check_scan
2024-12-01 02:14:48,518 - === 時間戳記 2024-12-01 02:14:48.518240 ===
目前執行函式：wait_for_scan_complete -> check_scan

2024-12-01 02:14:48,828 - 離開函式：check_scan
2024-12-01 02:14:51,157 - 進入函式：check_scan
2024-12-01 02:14:51,494 - 離開函式：check_scan
2024-12-01 02:14:53,522 - === 時間戳記 2024-12-01 02:14:53.522905 ===
目前執行函式：wait_for_scan_complete

2024-12-01 02:14:53,826 - 進入函式：check_scan
2024-12-01 02:14:54,163 - 離開函式：check_scan
2024-12-01 02:14:56,495 - 進入函式：check_scan
2024-12-01 02:14:56,833 - 離開函式：check_scan
2024-12-01 02:14:58,528 - === 時間戳記 2024-12-01 02:14:58.528669 ===
目前執行函式：wait_for_scan_complete

2024-12-01 02:14:59,165 - 進入函式：check_scan
2024-12-01 02:14:59,502 - 離開函式：check_scan
2024-12-01 02:15:01,835 - 進入函式：check_scan
2024-12-01 02:15:02,172 - 離開函式：check_scan
2024-12-01 02:15:03,535 - === 時間戳記 2024-12-01 02:15:03.535238 ===
目前執行函式：wait_for_scan_complete

2024-12-01 02:15:04,505 - 進入函式：check_scan
2024-12-01 02:15:04,842 - 離開函式：check_scan
2024-12-01 02:15:07,173 - 進入函式：check_scan
2024-12-01 02:15:07,514 - 離開函式：check_scan
2024-12-01 02:15:08,539 - === 時間戳記 2024-12-01 02:15:08.539526 ===
目前執行函式：wait_for_scan_complete

2024-12-01 02:15:09,846 - 進入函式：check_scan
2024-12-01 02:15:10,184 - 離開函式：check_scan
2024-12-01 02:15:12,516 - 進入函式：check_scan
2024-12-01 02:15:12,856 - 離開函式：check_scan
2024-12-01 02:15:13,544 - === 時間戳記 2024-12-01 02:15:13.544707 ===
目前執行函式：wait_for_scan_complete

2024-12-01 02:15:15,187 - 進入函式：check_scan
2024-12-01 02:15:15,526 - 離開函式：check_scan
2024-12-01 02:15:17,861 - 進入函式：check_scan
2024-12-01 02:15:18,196 - 離開函式：check_scan
2024-12-01 02:15:18,552 - === 時間戳記 2024-12-01 02:15:18.552171 ===
目前執行函式：wait_for_scan_complete

2024-12-01 02:15:20,528 - 進入函式：check_scan
2024-12-01 02:15:20,868 - 離開函式：check_scan
2024-12-01 02:15:23,203 - 進入函式：check_scan
2024-12-01 02:15:23,541 - 離開函式：check_scan
2024-12-01 02:15:23,557 - === 時間戳記 2024-12-01 02:15:23.557525 ===
目前執行函式：wait_for_scan_complete

2024-12-01 02:15:25,872 - 進入函式：check_scan
2024-12-01 02:15:26,211 - 離開函式：check_scan
2024-12-01 02:15:28,542 - 進入函式：check_scan
2024-12-01 02:15:28,562 - === 時間戳記 2024-12-01 02:15:28.562438 ===
目前執行函式：wait_for_scan_complete -> check_scan

2024-12-01 02:15:28,880 - 離開函式：check_scan
2024-12-01 02:15:31,212 - 進入函式：check_scan
2024-12-01 02:15:31,548 - 離開函式：check_scan
2024-12-01 02:15:33,567 - === 時間戳記 2024-12-01 02:15:33.567546 ===
目前執行函式：wait_for_scan_complete

2024-12-01 02:15:33,880 - 進入函式：check_scan
2024-12-01 02:15:34,217 - 離開函式：check_scan
2024-12-01 02:15:36,549 - 進入函式：check_scan
2024-12-01 02:15:36,887 - 離開函式：check_scan
2024-12-01 02:15:38,572 - === 時間戳記 2024-12-01 02:15:38.572233 ===
目前執行函式：wait_for_scan_complete

2024-12-01 02:15:39,218 - 進入函式：check_scan
2024-12-01 02:15:39,555 - 離開函式：check_scan
2024-12-01 02:15:41,889 - 進入函式：check_scan
2024-12-01 02:15:42,227 - 離開函式：check_scan
2024-12-01 02:15:43,576 - === 時間戳記 2024-12-01 02:15:43.576840 ===
目前執行函式：wait_for_scan_complete

2024-12-01 02:15:44,559 - 進入函式：check_scan
2024-12-01 02:15:44,895 - 離開函式：check_scan
2024-12-01 02:15:47,225 - 進入函式：check_scan
2024-12-01 02:15:47,563 - 離開函式：check_scan
2024-12-01 02:15:48,582 - === 時間戳記 2024-12-01 02:15:48.582315 ===
目前執行函式：wait_for_scan_complete

2024-12-01 02:15:49,896 - 進入函式：check_scan
2024-12-01 02:15:50,233 - 離開函式：check_scan
2024-12-01 02:15:52,565 - 進入函式：check_scan
2024-12-01 02:15:52,904 - 離開函式：check_scan
2024-12-01 02:15:53,587 - === 時間戳記 2024-12-01 02:15:53.587130 ===
目前執行函式：wait_for_scan_complete

2024-12-01 02:15:55,238 - 進入函式：check_scan
2024-12-01 02:15:55,575 - 離開函式：check_scan
2024-12-01 02:15:57,909 - 進入函式：check_scan
2024-12-01 02:15:58,247 - 離開函式：check_scan
2024-12-01 02:15:58,591 - === 時間戳記 2024-12-01 02:15:58.591657 ===
目前執行函式：wait_for_scan_complete

2024-12-01 02:16:00,579 - 進入函式：check_scan
2024-12-01 02:16:00,919 - 離開函式：check_scan
2024-12-01 02:16:03,252 - 進入函式：check_scan
2024-12-01 02:16:03,590 - 離開函式：check_scan
2024-12-01 02:16:03,598 - === 時間戳記 2024-12-01 02:16:03.598009 ===
目前執行函式：wait_for_scan_complete

2024-12-01 02:16:05,923 - 進入函式：check_scan
2024-12-01 02:16:06,261 - 離開函式：check_scan
2024-12-01 02:16:08,595 - 進入函式：check_scan
2024-12-01 02:16:08,603 - === 時間戳記 2024-12-01 02:16:08.603658 ===
目前執行函式：wait_for_scan_complete -> check_scan

2024-12-01 02:16:08,931 - 離開函式：check_scan
2024-12-01 02:16:11,264 - 進入函式：check_scan
2024-12-01 02:16:11,604 - 離開函式：check_scan
2024-12-01 02:16:13,609 - === 時間戳記 2024-12-01 02:16:13.609003 ===
目前執行函式：wait_for_scan_complete

2024-12-01 02:16:13,939 - 進入函式：check_scan
2024-12-01 02:16:14,276 - 離開函式：check_scan
2024-12-01 02:16:16,610 - 進入函式：check_scan
2024-12-01 02:16:16,948 - 離開函式：check_scan
2024-12-01 02:16:18,616 - === 時間戳記 2024-12-01 02:16:18.616132 ===
目前執行函式：wait_for_scan_complete

2024-12-01 02:16:19,280 - 進入函式：check_scan
2024-12-01 02:16:19,619 - 離開函式：check_scan
2024-12-01 02:16:21,950 - 進入函式：check_scan
2024-12-01 02:16:22,288 - 離開函式：check_scan
2024-12-01 02:16:23,620 - === 時間戳記 2024-12-01 02:16:23.620956 ===
目前執行函式：wait_for_scan_complete

2024-12-01 02:16:24,620 - 進入函式：check_scan
2024-12-01 02:16:24,959 - 離開函式：check_scan
2024-12-01 02:16:27,293 - 進入函式：check_scan
2024-12-01 02:16:27,629 - 離開函式：check_scan
2024-12-01 02:16:28,626 - === 時間戳記 2024-12-01 02:16:28.626301 ===
目前執行函式：wait_for_scan_complete

2024-12-01 02:16:29,961 - 進入函式：check_scan
2024-12-01 02:16:30,298 - 離開函式：check_scan
2024-12-01 02:16:32,632 - 進入函式：check_scan
2024-12-01 02:16:32,972 - 離開函式：check_scan
2024-12-01 02:16:33,632 - === 時間戳記 2024-12-01 02:16:33.632709 ===
目前執行函式：wait_for_scan_complete

2024-12-01 02:16:35,303 - 進入函式：check_scan
2024-12-01 02:16:35,642 - 離開函式：check_scan
2024-12-01 02:16:37,974 - 進入函式：check_scan
2024-12-01 02:16:38,311 - 離開函式：check_scan
2024-12-01 02:16:38,637 - === 時間戳記 2024-12-01 02:16:38.637961 ===
目前執行函式：wait_for_scan_complete

2024-12-01 02:16:40,642 - 進入函式：check_scan
2024-12-01 02:16:40,979 - 離開函式：check_scan
2024-12-01 02:16:43,314 - 進入函式：check_scan
2024-12-01 02:16:43,643 - === 時間戳記 2024-12-01 02:16:43.643575 ===
目前執行函式：wait_for_scan_complete -> check_scan

2024-12-01 02:16:43,653 - 離開函式：check_scan
2024-12-01 02:16:45,984 - 進入函式：check_scan
2024-12-01 02:16:46,322 - 離開函式：check_scan
2024-12-01 02:16:48,648 - === 時間戳記 2024-12-01 02:16:48.648971 ===
目前執行函式：wait_for_scan_complete

2024-12-01 02:16:48,653 - 進入函式：check_scan
2024-12-01 02:16:48,993 - 離開函式：check_scan
2024-12-01 02:16:51,325 - 進入函式：check_scan
2024-12-01 02:16:51,661 - 離開函式：check_scan
2024-12-01 02:16:53,653 - === 時間戳記 2024-12-01 02:16:53.653434 ===
目前執行函式：wait_for_scan_complete

2024-12-01 02:16:53,993 - 進入函式：check_scan
2024-12-01 02:16:54,331 - 離開函式：check_scan
2024-12-01 02:16:56,662 - 進入函式：check_scan
2024-12-01 02:16:57,000 - 離開函式：check_scan
2024-12-01 02:16:58,657 - === 時間戳記 2024-12-01 02:16:58.657823 ===
目前執行函式：wait_for_scan_complete

2024-12-01 02:16:59,332 - 進入函式：check_scan
2024-12-01 02:16:59,668 - 離開函式：check_scan
2024-12-01 02:17:01,999 - 進入函式：check_scan
2024-12-01 02:17:02,340 - 離開函式：check_scan
2024-12-01 02:17:03,662 - === 時間戳記 2024-12-01 02:17:03.662840 ===
目前執行函式：wait_for_scan_complete

2024-12-01 02:17:04,671 - 進入函式：check_scan
2024-12-01 02:17:05,008 - 離開函式：check_scan
2024-12-01 02:17:07,341 - 進入函式：check_scan
2024-12-01 02:17:07,680 - 離開函式：check_scan
2024-12-01 02:17:08,668 - === 時間戳記 2024-12-01 02:17:08.668774 ===
目前執行函式：wait_for_scan_complete

2024-12-01 02:17:10,013 - 進入函式：check_scan
2024-12-01 02:17:10,351 - 離開函式：check_scan
2024-12-01 02:17:12,687 - 進入函式：check_scan
2024-12-01 02:17:13,025 - 離開函式：check_scan
2024-12-01 02:17:13,674 - === 時間戳記 2024-12-01 02:17:13.674273 ===
目前執行函式：wait_for_scan_complete

2024-12-01 02:17:15,357 - 進入函式：check_scan
2024-12-01 02:17:15,695 - 離開函式：check_scan
2024-12-01 02:17:18,028 - 進入函式：check_scan
2024-12-01 02:17:18,366 - 離開函式：check_scan
2024-12-01 02:17:18,679 - === 時間戳記 2024-12-01 02:17:18.679721 ===
目前執行函式：wait_for_scan_complete

2024-12-01 02:17:20,697 - 進入函式：check_scan
2024-12-01 02:17:21,034 - 離開函式：check_scan
2024-12-01 02:17:23,367 - 進入函式：check_scan
2024-12-01 02:17:23,685 - === 時間戳記 2024-12-01 02:17:23.685071 ===
目前執行函式：wait_for_scan_complete -> check_scan

2024-12-01 02:17:23,704 - 離開函式：check_scan
2024-12-01 02:17:26,038 - 進入函式：check_scan
2024-12-01 02:17:26,380 - 離開函式：check_scan
2024-12-01 02:17:28,689 - === 時間戳記 2024-12-01 02:17:28.689965 ===
目前執行函式：wait_for_scan_complete

2024-12-01 02:17:28,713 - 進入函式：check_scan
2024-12-01 02:17:29,052 - 離開函式：check_scan
2024-12-01 02:17:31,386 - 進入函式：check_scan
2024-12-01 02:17:31,724 - 離開函式：check_scan
2024-12-01 02:17:33,695 - === 時間戳記 2024-12-01 02:17:33.695825 ===
目前執行函式：wait_for_scan_complete

2024-12-01 02:17:34,057 - 進入函式：check_scan
2024-12-01 02:17:34,395 - 離開函式：check_scan
2024-12-01 02:17:36,727 - 進入函式：check_scan
2024-12-01 02:17:37,069 - 離開函式：check_scan
2024-12-01 02:17:38,700 - === 時間戳記 2024-12-01 02:17:38.700953 ===
目前執行函式：wait_for_scan_complete

2024-12-01 02:17:39,402 - 進入函式：check_scan
2024-12-01 02:17:39,740 - 離開函式：check_scan
2024-12-01 02:17:42,076 - 進入函式：check_scan
2024-12-01 02:17:42,413 - 離開函式：check_scan
2024-12-01 02:17:43,706 - === 時間戳記 2024-12-01 02:17:43.706249 ===
目前執行函式：wait_for_scan_complete

2024-12-01 02:17:44,745 - 進入函式：check_scan
2024-12-01 02:17:45,081 - 離開函式：check_scan
2024-12-01 02:17:47,413 - 進入函式：check_scan
2024-12-01 02:17:47,751 - 離開函式：check_scan
2024-12-01 02:17:48,710 - === 時間戳記 2024-12-01 02:17:48.710851 ===
目前執行函式：wait_for_scan_complete

2024-12-01 02:17:50,082 - 進入函式：check_scan
2024-12-01 02:17:50,419 - 離開函式：check_scan
2024-12-01 02:17:52,751 - 進入函式：check_scan
2024-12-01 02:17:53,089 - 離開函式：check_scan
2024-12-01 02:17:53,714 - === 時間戳記 2024-12-01 02:17:53.714834 ===
目前執行函式：wait_for_scan_complete

2024-12-01 02:17:55,420 - 進入函式：check_scan
2024-12-01 02:17:55,420 - 離開函式：check_scan
2024-12-01 02:17:55,421 - 離開函式：wait_for_scan_complete
