2024-12-01 02:21:48,259 - 進入函式：wait_for_scan_complete
2024-12-01 02:21:48,259 - 進入函式：check_scan
2024-12-01 02:21:49,437 - 離開函式：check_scan
2024-12-01 02:21:51,767 - 進入函式：check_scan
2024-12-01 02:21:52,102 - 離開函式：check_scan
2024-12-01 02:21:53,264 - === 時間戳記 2024-12-01 02:21:53.264743 ===
目前執行函式：wait_for_scan_complete

2024-12-01 02:21:54,433 - 進入函式：check_scan
2024-12-01 02:21:54,778 - 離開函式：check_scan
2024-12-01 02:21:57,121 - 進入函式：check_scan
2024-12-01 02:21:57,470 - 離開函式：check_scan
2024-12-01 02:21:58,270 - === 時間戳記 2024-12-01 02:21:58.270629 ===
目前執行函式：wait_for_scan_complete

2024-12-01 02:21:59,814 - 進入函式：check_scan
2024-12-01 02:22:00,161 - 離開函式：check_scan
2024-12-01 02:22:02,506 - 進入函式：check_scan
2024-12-01 02:22:02,854 - 離開函式：check_scan
2024-12-01 02:22:03,275 - === 時間戳記 2024-12-01 02:22:03.275903 ===
目前執行函式：wait_for_scan_complete

2024-12-01 02:22:05,196 - 進入函式：check_scan
2024-12-01 02:22:05,544 - 離開函式：check_scan
2024-12-01 02:22:07,887 - 進入函式：check_scan
2024-12-01 02:22:08,234 - 離開函式：check_scan
2024-12-01 02:22:08,281 - === 時間戳記 2024-12-01 02:22:08.281884 ===
目前執行函式：wait_for_scan_complete

2024-12-01 02:22:10,579 - 進入函式：check_scan
2024-12-01 02:22:10,930 - 離開函式：check_scan
2024-12-01 02:22:13,273 - 進入函式：check_scan
2024-12-01 02:22:13,287 - === 時間戳記 2024-12-01 02:22:13.287055 ===
目前執行函式：check_scan -> wait_for_scan_complete

2024-12-01 02:22:13,629 - 離開函式：check_scan
2024-12-01 02:22:15,972 - 進入函式：check_scan
2024-12-01 02:22:16,319 - 離開函式：check_scan
2024-12-01 02:22:18,293 - === 時間戳記 2024-12-01 02:22:18.293071 ===
目前執行函式：wait_for_scan_complete

2024-12-01 02:22:18,664 - 進入函式：check_scan
2024-12-01 02:22:19,014 - 離開函式：check_scan
2024-12-01 02:22:21,358 - 進入函式：check_scan
2024-12-01 02:22:21,708 - 離開函式：check_scan
2024-12-01 02:22:23,299 - === 時間戳記 2024-12-01 02:22:23.299761 ===
目前執行函式：wait_for_scan_complete

2024-12-01 02:22:24,053 - 進入函式：check_scan
2024-12-01 02:22:24,403 - 離開函式：check_scan
2024-12-01 02:22:26,747 - 進入函式：check_scan
2024-12-01 02:22:27,097 - 離開函式：check_scan
2024-12-01 02:22:28,304 - === 時間戳記 2024-12-01 02:22:28.304474 ===
目前執行函式：wait_for_scan_complete

2024-12-01 02:22:29,443 - 進入函式：check_scan
2024-12-01 02:22:29,793 - 離開函式：check_scan
2024-12-01 02:22:32,142 - 進入函式：check_scan
2024-12-01 02:22:32,491 - 離開函式：check_scan
2024-12-01 02:22:33,310 - === 時間戳記 2024-12-01 02:22:33.310692 ===
目前執行函式：wait_for_scan_complete

2024-12-01 02:22:34,835 - 進入函式：check_scan
2024-12-01 02:22:35,184 - 離開函式：check_scan
2024-12-01 02:22:37,533 - 進入函式：check_scan
2024-12-01 02:22:37,880 - 離開函式：check_scan
2024-12-01 02:22:38,317 - === 時間戳記 2024-12-01 02:22:38.317178 ===
目前執行函式：wait_for_scan_complete

2024-12-01 02:22:40,224 - 進入函式：check_scan
2024-12-01 02:22:40,579 - 離開函式：check_scan
2024-12-01 02:22:42,921 - 進入函式：check_scan
2024-12-01 02:22:43,272 - 離開函式：check_scan
2024-12-01 02:22:43,323 - === 時間戳記 2024-12-01 02:22:43.323122 ===
目前執行函式：wait_for_scan_complete

2024-12-01 02:22:45,618 - 進入函式：check_scan
2024-12-01 02:22:45,966 - 離開函式：check_scan
2024-12-01 02:22:48,309 - 進入函式：check_scan
2024-12-01 02:22:48,329 - === 時間戳記 2024-12-01 02:22:48.329245 ===
目前執行函式：check_scan -> wait_for_scan_complete

2024-12-01 02:22:48,658 - 離開函式：check_scan
2024-12-01 02:22:51,001 - 進入函式：check_scan
2024-12-01 02:22:51,349 - 離開函式：check_scan
2024-12-01 02:22:53,334 - === 時間戳記 2024-12-01 02:22:53.334610 ===
目前執行函式：wait_for_scan_complete

2024-12-01 02:22:53,692 - 進入函式：check_scan
2024-12-01 02:22:54,041 - 離開函式：check_scan
2024-12-01 02:22:56,384 - 進入函式：check_scan
2024-12-01 02:22:56,731 - 離開函式：check_scan
2024-12-01 02:22:58,341 - === 時間戳記 2024-12-01 02:22:58.341114 ===
目前執行函式：wait_for_scan_complete

2024-12-01 02:22:59,074 - 進入函式：check_scan
2024-12-01 02:22:59,421 - 離開函式：check_scan
2024-12-01 02:23:01,765 - 進入函式：check_scan
2024-12-01 02:23:02,114 - 離開函式：check_scan
2024-12-01 02:23:03,346 - === 時間戳記 2024-12-01 02:23:03.346448 ===
目前執行函式：wait_for_scan_complete

2024-12-01 02:23:04,457 - 進入函式：check_scan
2024-12-01 02:23:04,805 - 離開函式：check_scan
2024-12-01 02:23:07,154 - 進入函式：check_scan
2024-12-01 02:23:07,501 - 離開函式：check_scan
2024-12-01 02:23:08,353 - === 時間戳記 2024-12-01 02:23:08.353363 ===
目前執行函式：wait_for_scan_complete

2024-12-01 02:23:09,844 - 進入函式：check_scan
2024-12-01 02:23:10,192 - 離開函式：check_scan
2024-12-01 02:23:12,537 - 進入函式：check_scan
2024-12-01 02:23:12,886 - 離開函式：check_scan
2024-12-01 02:23:13,360 - === 時間戳記 2024-12-01 02:23:13.360593 ===
目前執行函式：wait_for_scan_complete

2024-12-01 02:23:15,228 - 進入函式：check_scan
2024-12-01 02:23:15,578 - 離開函式：check_scan
2024-12-01 02:23:17,920 - 進入函式：check_scan
2024-12-01 02:23:18,270 - 離開函式：check_scan
2024-12-01 02:23:18,366 - === 時間戳記 2024-12-01 02:23:18.366651 ===
目前執行函式：wait_for_scan_complete

2024-12-01 02:23:20,613 - 進入函式：check_scan
2024-12-01 02:23:20,966 - 離開函式：check_scan
2024-12-01 02:23:23,307 - 進入函式：check_scan
2024-12-01 02:23:23,373 - === 時間戳記 2024-12-01 02:23:23.373201 ===
目前執行函式：check_scan -> wait_for_scan_complete

2024-12-01 02:23:23,656 - 離開函式：check_scan
2024-12-01 02:23:26,000 - 進入函式：check_scan
2024-12-01 02:23:26,349 - 離開函式：check_scan
2024-12-01 02:23:28,380 - === 時間戳記 2024-12-01 02:23:28.380760 ===
目前執行函式：wait_for_scan_complete

2024-12-01 02:23:28,693 - 進入函式：check_scan
2024-12-01 02:23:29,041 - 離開函式：check_scan
2024-12-01 02:23:31,383 - 進入函式：check_scan
2024-12-01 02:23:31,733 - 離開函式：check_scan
2024-12-01 02:23:33,386 - === 時間戳記 2024-12-01 02:23:33.386609 ===
目前執行函式：wait_for_scan_complete

2024-12-01 02:23:34,076 - 進入函式：check_scan
2024-12-01 02:23:34,424 - 離開函式：check_scan
2024-12-01 02:23:36,768 - 進入函式：check_scan
2024-12-01 02:23:37,117 - 離開函式：check_scan
2024-12-01 02:23:38,392 - === 時間戳記 2024-12-01 02:23:38.392947 ===
目前執行函式：wait_for_scan_complete

2024-12-01 02:23:39,460 - 進入函式：check_scan
2024-12-01 02:23:39,808 - 離開函式：check_scan
2024-12-01 02:23:42,151 - 進入函式：check_scan
2024-12-01 02:23:42,500 - 離開函式：check_scan
2024-12-01 02:23:43,398 - === 時間戳記 2024-12-01 02:23:43.398940 ===
目前執行函式：wait_for_scan_complete

2024-12-01 02:23:44,843 - 進入函式：check_scan
2024-12-01 02:23:45,192 - 離開函式：check_scan
2024-12-01 02:23:47,535 - 進入函式：check_scan
2024-12-01 02:23:47,884 - 離開函式：check_scan
2024-12-01 02:23:48,404 - === 時間戳記 2024-12-01 02:23:48.404519 ===
目前執行函式：wait_for_scan_complete

2024-12-01 02:23:50,227 - 進入函式：check_scan
2024-12-01 02:23:50,575 - 離開函式：check_scan
2024-12-01 02:23:52,918 - 進入函式：check_scan
2024-12-01 02:23:53,266 - 離開函式：check_scan
2024-12-01 02:23:53,411 - === 時間戳記 2024-12-01 02:23:53.411067 ===
目前執行函式：wait_for_scan_complete

2024-12-01 02:23:55,607 - 進入函式：check_scan
2024-12-01 02:23:55,958 - 離開函式：check_scan
2024-12-01 02:23:58,300 - 進入函式：check_scan
2024-12-01 02:23:58,415 - === 時間戳記 2024-12-01 02:23:58.415716 ===
目前執行函式：check_scan -> wait_for_scan_complete

2024-12-01 02:23:58,648 - 離開函式：check_scan
2024-12-01 02:24:00,991 - 進入函式：check_scan
2024-12-01 02:24:01,341 - 離開函式：check_scan
2024-12-01 02:24:03,421 - === 時間戳記 2024-12-01 02:24:03.421210 ===
目前執行函式：wait_for_scan_complete

2024-12-01 02:24:03,684 - 進入函式：check_scan
2024-12-01 02:24:04,032 - 離開函式：check_scan
2024-12-01 02:24:06,374 - 進入函式：check_scan
2024-12-01 02:24:06,724 - 離開函式：check_scan
2024-12-01 02:24:08,426 - === 時間戳記 2024-12-01 02:24:08.426402 ===
目前執行函式：wait_for_scan_complete

2024-12-01 02:24:09,065 - 進入函式：check_scan
2024-12-01 02:24:09,413 - 離開函式：check_scan
2024-12-01 02:24:11,760 - 進入函式：check_scan
2024-12-01 02:24:12,107 - 離開函式：check_scan
2024-12-01 02:24:13,431 - === 時間戳記 2024-12-01 02:24:13.431358 ===
目前執行函式：wait_for_scan_complete

2024-12-01 02:24:14,450 - 進入函式：check_scan
2024-12-01 02:24:14,801 - 離開函式：check_scan
2024-12-01 02:24:17,144 - 進入函式：check_scan
2024-12-01 02:24:17,493 - 離開函式：check_scan
2024-12-01 02:24:18,437 - === 時間戳記 2024-12-01 02:24:18.437343 ===
目前執行函式：wait_for_scan_complete

2024-12-01 02:24:19,839 - 進入函式：check_scan
2024-12-01 02:24:20,186 - 離開函式：check_scan
2024-12-01 02:24:22,529 - 進入函式：check_scan
2024-12-01 02:24:22,880 - 離開函式：check_scan
2024-12-01 02:24:23,442 - === 時間戳記 2024-12-01 02:24:23.442727 ===
目前執行函式：wait_for_scan_complete

2024-12-01 02:24:25,221 - 進入函式：check_scan
2024-12-01 02:24:25,568 - 離開函式：check_scan
2024-12-01 02:24:27,913 - 進入函式：check_scan
2024-12-01 02:24:28,262 - 離開函式：check_scan
2024-12-01 02:24:28,448 - === 時間戳記 2024-12-01 02:24:28.448726 ===
目前執行函式：wait_for_scan_complete

2024-12-01 02:24:30,602 - 進入函式：check_scan
2024-12-01 02:24:30,951 - 離開函式：check_scan
2024-12-01 02:24:33,293 - 進入函式：check_scan
2024-12-01 02:24:33,454 - === 時間戳記 2024-12-01 02:24:33.454775 ===
目前執行函式：check_scan -> wait_for_scan_complete

2024-12-01 02:24:33,641 - 離開函式：check_scan
2024-12-01 02:24:35,985 - 進入函式：check_scan
2024-12-01 02:24:36,334 - 離開函式：check_scan
2024-12-01 02:24:38,460 - === 時間戳記 2024-12-01 02:24:38.460231 ===
目前執行函式：wait_for_scan_complete

2024-12-01 02:24:38,680 - 進入函式：check_scan
2024-12-01 02:24:39,028 - 離開函式：check_scan
2024-12-01 02:24:41,371 - 進入函式：check_scan
2024-12-01 02:24:41,720 - 離開函式：check_scan
2024-12-01 02:24:43,464 - === 時間戳記 2024-12-01 02:24:43.464874 ===
目前執行函式：wait_for_scan_complete

2024-12-01 02:24:44,063 - 進入函式：check_scan
2024-12-01 02:24:44,412 - 離開函式：check_scan
2024-12-01 02:24:46,754 - 進入函式：check_scan
2024-12-01 02:24:47,104 - 離開函式：check_scan
2024-12-01 02:24:48,470 - === 時間戳記 2024-12-01 02:24:48.470715 ===
目前執行函式：wait_for_scan_complete

2024-12-01 02:24:49,447 - 進入函式：check_scan
2024-12-01 02:24:49,794 - 離開函式：check_scan
2024-12-01 02:24:52,138 - 進入函式：check_scan
2024-12-01 02:24:52,487 - 離開函式：check_scan
2024-12-01 02:24:53,477 - === 時間戳記 2024-12-01 02:24:53.477488 ===
目前執行函式：wait_for_scan_complete

2024-12-01 02:24:54,830 - 進入函式：check_scan
2024-12-01 02:24:55,180 - 離開函式：check_scan
2024-12-01 02:24:57,524 - 進入函式：check_scan
2024-12-01 02:24:57,871 - 離開函式：check_scan
2024-12-01 02:24:58,483 - === 時間戳記 2024-12-01 02:24:58.483401 ===
目前執行函式：wait_for_scan_complete

2024-12-01 02:25:00,214 - 進入函式：check_scan
2024-12-01 02:25:00,565 - 離開函式：check_scan
2024-12-01 02:25:02,908 - 進入函式：check_scan
2024-12-01 02:25:03,256 - 離開函式：check_scan
2024-12-01 02:25:03,489 - === 時間戳記 2024-12-01 02:25:03.489991 ===
目前執行函式：wait_for_scan_complete

2024-12-01 02:25:05,599 - 進入函式：check_scan
2024-12-01 02:25:05,946 - 離開函式：check_scan
2024-12-01 02:25:08,290 - 進入函式：check_scan
2024-12-01 02:25:08,495 - === 時間戳記 2024-12-01 02:25:08.495041 ===
目前執行函式：check_scan -> wait_for_scan_complete

2024-12-01 02:25:08,639 - 離開函式：check_scan
2024-12-01 02:25:10,981 - 進入函式：check_scan
2024-12-01 02:25:11,329 - 離開函式：check_scan
2024-12-01 02:25:13,500 - === 時間戳記 2024-12-01 02:25:13.500486 ===
目前執行函式：wait_for_scan_complete

2024-12-01 02:25:13,673 - 進入函式：check_scan
2024-12-01 02:25:14,021 - 離開函式：check_scan
2024-12-01 02:25:16,367 - 進入函式：check_scan
2024-12-01 02:25:16,717 - 離開函式：check_scan
2024-12-01 02:25:18,506 - === 時間戳記 2024-12-01 02:25:18.506355 ===
目前執行函式：wait_for_scan_complete

2024-12-01 02:25:19,059 - 進入函式：check_scan
2024-12-01 02:25:19,408 - 離開函式：check_scan
2024-12-01 02:25:21,752 - 進入函式：check_scan
2024-12-01 02:25:22,100 - 離開函式：check_scan
2024-12-01 02:25:23,512 - === 時間戳記 2024-12-01 02:25:23.512198 ===
目前執行函式：wait_for_scan_complete

2024-12-01 02:25:24,443 - 進入函式：check_scan
2024-12-01 02:25:24,790 - 離開函式：check_scan
2024-12-01 02:25:27,133 - 進入函式：check_scan
2024-12-01 02:25:27,482 - 離開函式：check_scan
2024-12-01 02:25:28,517 - === 時間戳記 2024-12-01 02:25:28.517709 ===
目前執行函式：wait_for_scan_complete

2024-12-01 02:25:29,824 - 進入函式：check_scan
2024-12-01 02:25:30,172 - 離開函式：check_scan
2024-12-01 02:25:32,515 - 進入函式：check_scan
2024-12-01 02:25:32,864 - 離開函式：check_scan
2024-12-01 02:25:33,522 - === 時間戳記 2024-12-01 02:25:33.522414 ===
目前執行函式：wait_for_scan_complete

2024-12-01 02:25:35,208 - 進入函式：check_scan
2024-12-01 02:25:35,557 - 離開函式：check_scan
2024-12-01 02:25:37,900 - 進入函式：check_scan
2024-12-01 02:25:38,250 - 離開函式：check_scan
2024-12-01 02:25:38,528 - === 時間戳記 2024-12-01 02:25:38.528336 ===
目前執行函式：wait_for_scan_complete

2024-12-01 02:25:40,592 - 進入函式：check_scan
2024-12-01 02:25:40,941 - 離開函式：check_scan
2024-12-01 02:25:43,283 - 進入函式：check_scan
2024-12-01 02:25:43,535 - === 時間戳記 2024-12-01 02:25:43.535995 ===
目前執行函式：check_scan -> wait_for_scan_complete

2024-12-01 02:25:43,632 - 離開函式：check_scan
2024-12-01 02:25:45,973 - 進入函式：check_scan
2024-12-01 02:25:46,321 - 離開函式：check_scan
2024-12-01 02:25:48,541 - === 時間戳記 2024-12-01 02:25:48.541572 ===
目前執行函式：wait_for_scan_complete

2024-12-01 02:25:48,665 - 進入函式：check_scan
2024-12-01 02:25:49,014 - 離開函式：check_scan
2024-12-01 02:25:51,357 - 進入函式：check_scan
2024-12-01 02:25:51,704 - 離開函式：check_scan
2024-12-01 02:25:53,546 - === 時間戳記 2024-12-01 02:25:53.546694 ===
目前執行函式：wait_for_scan_complete

2024-12-01 02:25:54,048 - 進入函式：check_scan
2024-12-01 02:25:54,396 - 離開函式：check_scan
2024-12-01 02:25:56,740 - 進入函式：check_scan
2024-12-01 02:25:57,089 - 離開函式：check_scan
2024-12-01 02:25:58,552 - === 時間戳記 2024-12-01 02:25:58.552375 ===
目前執行函式：wait_for_scan_complete

2024-12-01 02:25:59,432 - 進入函式：check_scan
2024-12-01 02:25:59,782 - 離開函式：check_scan
2024-12-01 02:26:02,124 - 進入函式：check_scan
2024-12-01 02:26:02,474 - 離開函式：check_scan
2024-12-01 02:26:03,557 - === 時間戳記 2024-12-01 02:26:03.557671 ===
目前執行函式：wait_for_scan_complete

2024-12-01 02:26:04,817 - 進入函式：check_scan
2024-12-01 02:26:05,167 - 離開函式：check_scan
2024-12-01 02:26:07,510 - 進入函式：check_scan
2024-12-01 02:26:07,859 - 離開函式：check_scan
2024-12-01 02:26:08,563 - === 時間戳記 2024-12-01 02:26:08.563474 ===
目前執行函式：wait_for_scan_complete

2024-12-01 02:26:10,202 - 進入函式：check_scan
2024-12-01 02:26:10,550 - 離開函式：check_scan
2024-12-01 02:26:12,892 - 進入函式：check_scan
2024-12-01 02:26:13,241 - 離開函式：check_scan
2024-12-01 02:26:13,568 - === 時間戳記 2024-12-01 02:26:13.568998 ===
目前執行函式：wait_for_scan_complete

2024-12-01 02:26:15,584 - 進入函式：check_scan
2024-12-01 02:26:15,932 - 離開函式：check_scan
2024-12-01 02:26:18,275 - 進入函式：check_scan
2024-12-01 02:26:18,574 - === 時間戳記 2024-12-01 02:26:18.574856 ===
目前執行函式：check_scan -> wait_for_scan_complete

2024-12-01 02:26:18,624 - 離開函式：check_scan
2024-12-01 02:26:20,967 - 進入函式：check_scan
2024-12-01 02:26:21,315 - 離開函式：check_scan
2024-12-01 02:26:23,579 - === 時間戳記 2024-12-01 02:26:23.579522 ===
目前執行函式：wait_for_scan_complete

2024-12-01 02:26:23,658 - 進入函式：check_scan
2024-12-01 02:26:24,007 - 離開函式：check_scan
2024-12-01 02:26:26,350 - 進入函式：check_scan
2024-12-01 02:26:26,698 - 離開函式：check_scan
2024-12-01 02:26:28,584 - === 時間戳記 2024-12-01 02:26:28.584493 ===
目前執行函式：wait_for_scan_complete

2024-12-01 02:26:29,041 - 進入函式：check_scan
2024-12-01 02:26:29,392 - 離開函式：check_scan
2024-12-01 02:26:31,734 - 進入函式：check_scan
2024-12-01 02:26:32,083 - 離開函式：check_scan
2024-12-01 02:26:33,590 - === 時間戳記 2024-12-01 02:26:33.590398 ===
目前執行函式：wait_for_scan_complete

2024-12-01 02:26:34,427 - 進入函式：check_scan
2024-12-01 02:26:34,776 - 離開函式：check_scan
2024-12-01 02:26:37,119 - 進入函式：check_scan
2024-12-01 02:26:37,468 - 離開函式：check_scan
2024-12-01 02:26:38,595 - === 時間戳記 2024-12-01 02:26:38.595641 ===
目前執行函式：wait_for_scan_complete

2024-12-01 02:26:39,810 - 進入函式：check_scan
2024-12-01 02:26:40,158 - 離開函式：check_scan
2024-12-01 02:26:42,502 - 進入函式：check_scan
2024-12-01 02:26:42,850 - 離開函式：check_scan
2024-12-01 02:26:43,601 - === 時間戳記 2024-12-01 02:26:43.601119 ===
目前執行函式：wait_for_scan_complete

2024-12-01 02:26:45,193 - 進入函式：check_scan
2024-12-01 02:26:45,543 - 離開函式：check_scan
2024-12-01 02:26:47,886 - 進入函式：check_scan
2024-12-01 02:26:48,235 - 離開函式：check_scan
2024-12-01 02:26:48,607 - === 時間戳記 2024-12-01 02:26:48.607321 ===
目前執行函式：wait_for_scan_complete

2024-12-01 02:26:50,577 - 進入函式：check_scan
2024-12-01 02:26:50,926 - 離開函式：check_scan
2024-12-01 02:26:53,269 - 進入函式：check_scan
2024-12-01 02:26:53,613 - === 時間戳記 2024-12-01 02:26:53.613643 ===
目前執行函式：check_scan -> wait_for_scan_complete

2024-12-01 02:26:53,617 - 離開函式：check_scan
2024-12-01 02:26:55,960 - 進入函式：check_scan
2024-12-01 02:26:56,309 - 離開函式：check_scan
2024-12-01 02:26:58,618 - === 時間戳記 2024-12-01 02:26:58.618960 ===
目前執行函式：wait_for_scan_complete

2024-12-01 02:26:58,651 - 進入函式：check_scan
2024-12-01 02:26:59,001 - 離開函式：check_scan
2024-12-01 02:27:01,344 - 進入函式：check_scan
2024-12-01 02:27:01,693 - 離開函式：check_scan
2024-12-01 02:27:03,625 - === 時間戳記 2024-12-01 02:27:03.625684 ===
目前執行函式：wait_for_scan_complete

2024-12-01 02:27:04,037 - 進入函式：check_scan
2024-12-01 02:27:04,385 - 離開函式：check_scan
2024-12-01 02:27:06,728 - 進入函式：check_scan
2024-12-01 02:27:07,076 - 離開函式：check_scan
2024-12-01 02:27:08,632 - === 時間戳記 2024-12-01 02:27:08.632564 ===
目前執行函式：wait_for_scan_complete

2024-12-01 02:27:09,419 - 進入函式：check_scan
2024-12-01 02:27:09,767 - 離開函式：check_scan
2024-12-01 02:27:12,109 - 進入函式：check_scan
2024-12-01 02:27:12,457 - 離開函式：check_scan
2024-12-01 02:27:13,637 - === 時間戳記 2024-12-01 02:27:13.637884 ===
目前執行函式：wait_for_scan_complete

2024-12-01 02:27:14,799 - 進入函式：check_scan
2024-12-01 02:27:15,148 - 離開函式：check_scan
2024-12-01 02:27:17,490 - 進入函式：check_scan
2024-12-01 02:27:17,839 - 離開函式：check_scan
2024-12-01 02:27:18,643 - === 時間戳記 2024-12-01 02:27:18.643521 ===
目前執行函式：wait_for_scan_complete

2024-12-01 02:27:20,182 - 進入函式：check_scan
2024-12-01 02:27:20,533 - 離開函式：check_scan
2024-12-01 02:27:22,875 - 進入函式：check_scan
2024-12-01 02:27:23,225 - 離開函式：check_scan
2024-12-01 02:27:23,649 - === 時間戳記 2024-12-01 02:27:23.649678 ===
目前執行函式：wait_for_scan_complete

2024-12-01 02:27:25,567 - 進入函式：check_scan
2024-12-01 02:27:25,917 - 離開函式：check_scan
2024-12-01 02:27:28,260 - 進入函式：check_scan
2024-12-01 02:27:28,610 - 離開函式：check_scan
2024-12-01 02:27:28,657 - === 時間戳記 2024-12-01 02:27:28.657363 ===
目前執行函式：wait_for_scan_complete

2024-12-01 02:27:30,954 - 進入函式：check_scan
2024-12-01 02:27:31,305 - 離開函式：check_scan
2024-12-01 02:27:33,650 - 進入函式：check_scan
2024-12-01 02:27:33,663 - === 時間戳記 2024-12-01 02:27:33.663010 ===
目前執行函式：check_scan -> wait_for_scan_complete

2024-12-01 02:27:33,996 - 離開函式：check_scan
2024-12-01 02:27:36,326 - 進入函式：check_scan
2024-12-01 02:27:36,667 - 離開函式：check_scan
2024-12-01 02:27:38,668 - === 時間戳記 2024-12-01 02:27:38.668909 ===
目前執行函式：wait_for_scan_complete

2024-12-01 02:27:39,012 - 進入函式：check_scan
2024-12-01 02:27:39,366 - 離開函式：check_scan
2024-12-01 02:27:41,710 - 進入函式：check_scan
2024-12-01 02:27:42,062 - 離開函式：check_scan
2024-12-01 02:27:43,675 - === 時間戳記 2024-12-01 02:27:43.675092 ===
目前執行函式：wait_for_scan_complete

2024-12-01 02:27:44,408 - 進入函式：check_scan
2024-12-01 02:27:44,757 - 離開函式：check_scan
2024-12-01 02:27:47,100 - 進入函式：check_scan
2024-12-01 02:27:47,449 - 離開函式：check_scan
2024-12-01 02:27:48,682 - === 時間戳記 2024-12-01 02:27:48.682957 ===
目前執行函式：wait_for_scan_complete

2024-12-01 02:27:49,792 - 進入函式：check_scan
2024-12-01 02:27:50,141 - 離開函式：check_scan
2024-12-01 02:27:52,483 - 進入函式：check_scan
2024-12-01 02:27:52,833 - 離開函式：check_scan
2024-12-01 02:27:53,689 - === 時間戳記 2024-12-01 02:27:53.689478 ===
目前執行函式：wait_for_scan_complete

2024-12-01 02:27:55,175 - 進入函式：check_scan
2024-12-01 02:27:55,523 - 離開函式：check_scan
2024-12-01 02:27:57,867 - 進入函式：check_scan
2024-12-01 02:27:58,216 - 離開函式：check_scan
2024-12-01 02:27:58,694 - === 時間戳記 2024-12-01 02:27:58.694957 ===
目前執行函式：wait_for_scan_complete

2024-12-01 02:28:00,559 - 進入函式：check_scan
2024-12-01 02:28:00,907 - 離開函式：check_scan
2024-12-01 02:28:03,253 - 進入函式：check_scan
2024-12-01 02:28:03,600 - 離開函式：check_scan
2024-12-01 02:28:03,699 - === 時間戳記 2024-12-01 02:28:03.699846 ===
目前執行函式：wait_for_scan_complete

2024-12-01 02:28:05,943 - 進入函式：check_scan
2024-12-01 02:28:06,292 - 離開函式：check_scan
2024-12-01 02:28:08,636 - 進入函式：check_scan
2024-12-01 02:28:08,704 - === 時間戳記 2024-12-01 02:28:08.704958 ===
目前執行函式：check_scan -> wait_for_scan_complete

2024-12-01 02:28:08,983 - 離開函式：check_scan
2024-12-01 02:28:11,325 - 進入函式：check_scan
2024-12-01 02:28:11,674 - 離開函式：check_scan
2024-12-01 02:28:13,711 - === 時間戳記 2024-12-01 02:28:13.711716 ===
目前執行函式：wait_for_scan_complete

2024-12-01 02:28:14,016 - 進入函式：check_scan
2024-12-01 02:28:14,364 - 離開函式：check_scan
2024-12-01 02:28:16,707 - 進入函式：check_scan
2024-12-01 02:28:17,056 - 離開函式：check_scan
2024-12-01 02:28:18,717 - === 時間戳記 2024-12-01 02:28:18.717078 ===
目前執行函式：wait_for_scan_complete

2024-12-01 02:28:19,399 - 進入函式：check_scan
2024-12-01 02:28:19,748 - 離開函式：check_scan
2024-12-01 02:28:22,091 - 進入函式：check_scan
2024-12-01 02:28:22,440 - 離開函式：check_scan
2024-12-01 02:28:23,723 - === 時間戳記 2024-12-01 02:28:23.723030 ===
目前執行函式：wait_for_scan_complete

2024-12-01 02:28:24,782 - 進入函式：check_scan
2024-12-01 02:28:25,130 - 離開函式：check_scan
2024-12-01 02:28:27,475 - 進入函式：check_scan
2024-12-01 02:28:27,822 - 離開函式：check_scan
2024-12-01 02:28:28,728 - === 時間戳記 2024-12-01 02:28:28.728656 ===
目前執行函式：wait_for_scan_complete

2024-12-01 02:28:30,165 - 進入函式：check_scan
2024-12-01 02:28:30,513 - 離開函式：check_scan
2024-12-01 02:28:32,857 - 進入函式：check_scan
2024-12-01 02:28:33,204 - 離開函式：check_scan
2024-12-01 02:28:33,734 - === 時間戳記 2024-12-01 02:28:33.734365 ===
目前執行函式：wait_for_scan_complete

2024-12-01 02:28:35,547 - 進入函式：check_scan
2024-12-01 02:28:35,896 - 離開函式：check_scan
2024-12-01 02:28:38,239 - 進入函式：check_scan
2024-12-01 02:28:38,586 - 離開函式：check_scan
2024-12-01 02:28:38,739 - === 時間戳記 2024-12-01 02:28:38.739680 ===
目前執行函式：wait_for_scan_complete

2024-12-01 02:28:40,931 - 進入函式：check_scan
2024-12-01 02:28:41,278 - 離開函式：check_scan
2024-12-01 02:28:43,621 - 進入函式：check_scan
2024-12-01 02:28:43,744 - === 時間戳記 2024-12-01 02:28:43.744696 ===
目前執行函式：check_scan -> wait_for_scan_complete

2024-12-01 02:28:43,970 - 離開函式：check_scan
2024-12-01 02:28:46,312 - 進入函式：check_scan
2024-12-01 02:28:46,661 - 離開函式：check_scan
2024-12-01 02:28:48,750 - === 時間戳記 2024-12-01 02:28:48.750256 ===
目前執行函式：wait_for_scan_complete

2024-12-01 02:28:49,004 - 進入函式：check_scan
2024-12-01 02:28:49,355 - 離開函式：check_scan
2024-12-01 02:28:51,696 - 進入函式：check_scan
2024-12-01 02:28:52,044 - 離開函式：check_scan
2024-12-01 02:28:53,755 - === 時間戳記 2024-12-01 02:28:53.755824 ===
目前執行函式：wait_for_scan_complete

2024-12-01 02:28:54,389 - 進入函式：check_scan
2024-12-01 02:28:54,737 - 離開函式：check_scan
2024-12-01 02:28:57,079 - 進入函式：check_scan
2024-12-01 02:28:57,429 - 離開函式：check_scan
2024-12-01 02:28:58,761 - === 時間戳記 2024-12-01 02:28:58.761360 ===
目前執行函式：wait_for_scan_complete

2024-12-01 02:28:59,771 - 進入函式：check_scan
2024-12-01 02:29:00,119 - 離開函式：check_scan
2024-12-01 02:29:02,462 - 進入函式：check_scan
2024-12-01 02:29:02,813 - 離開函式：check_scan
2024-12-01 02:29:03,767 - === 時間戳記 2024-12-01 02:29:03.767244 ===
目前執行函式：wait_for_scan_complete

2024-12-01 02:29:05,158 - 進入函式：check_scan
2024-12-01 02:29:05,511 - 離開函式：check_scan
2024-12-01 02:29:07,848 - 進入函式：check_scan
2024-12-01 02:29:08,184 - 離開函式：check_scan
2024-12-01 02:29:08,772 - === 時間戳記 2024-12-01 02:29:08.772755 ===
目前執行函式：wait_for_scan_complete

2024-12-01 02:29:10,515 - 進入函式：check_scan
2024-12-01 02:29:10,856 - 離開函式：check_scan
2024-12-01 02:29:13,191 - 進入函式：check_scan
2024-12-01 02:29:13,527 - 離開函式：check_scan
2024-12-01 02:29:13,779 - === 時間戳記 2024-12-01 02:29:13.779195 ===
目前執行函式：wait_for_scan_complete

2024-12-01 02:29:15,857 - 進入函式：check_scan
2024-12-01 02:29:16,193 - 離開函式：check_scan
2024-12-01 02:29:18,527 - 進入函式：check_scan
2024-12-01 02:29:18,785 - === 時間戳記 2024-12-01 02:29:18.785105 ===
目前執行函式：check_scan -> wait_for_scan_complete

2024-12-01 02:29:18,873 - 離開函式：check_scan
2024-12-01 02:29:21,213 - 進入函式：check_scan
2024-12-01 02:29:21,558 - 離開函式：check_scan
2024-12-01 02:29:23,790 - === 時間戳記 2024-12-01 02:29:23.790772 ===
目前執行函式：wait_for_scan_complete

2024-12-01 02:29:23,897 - 進入函式：check_scan
2024-12-01 02:29:24,241 - 離開函式：check_scan
2024-12-01 02:29:26,581 - 進入函式：check_scan
2024-12-01 02:29:26,926 - 離開函式：check_scan
2024-12-01 02:29:28,796 - === 時間戳記 2024-12-01 02:29:28.796760 ===
目前執行函式：wait_for_scan_complete

2024-12-01 02:29:29,266 - 進入函式：check_scan
2024-12-01 02:29:29,612 - 離開函式：check_scan
2024-12-01 02:29:31,950 - 進入函式：check_scan
2024-12-01 02:29:32,296 - 離開函式：check_scan
2024-12-01 02:29:33,803 - === 時間戳記 2024-12-01 02:29:33.803028 ===
目前執行函式：wait_for_scan_complete

2024-12-01 02:29:34,634 - 進入函式：check_scan
2024-12-01 02:29:34,978 - 離開函式：check_scan
2024-12-01 02:29:37,318 - 進入函式：check_scan
2024-12-01 02:29:37,663 - 離開函式：check_scan
2024-12-01 02:29:38,808 - === 時間戳記 2024-12-01 02:29:38.808032 ===
目前執行函式：wait_for_scan_complete

2024-12-01 02:29:40,003 - 進入函式：check_scan
2024-12-01 02:29:40,347 - 離開函式：check_scan
2024-12-01 02:29:42,687 - 進入函式：check_scan
2024-12-01 02:29:43,032 - 離開函式：check_scan
2024-12-01 02:29:43,813 - === 時間戳記 2024-12-01 02:29:43.813557 ===
目前執行函式：wait_for_scan_complete

2024-12-01 02:29:45,372 - 進入函式：check_scan
2024-12-01 02:29:45,717 - 離開函式：check_scan
2024-12-01 02:29:48,057 - 進入函式：check_scan
2024-12-01 02:29:48,402 - 離開函式：check_scan
2024-12-01 02:29:48,818 - === 時間戳記 2024-12-01 02:29:48.818962 ===
目前執行函式：wait_for_scan_complete

2024-12-01 02:29:50,741 - 進入函式：check_scan
2024-12-01 02:29:51,086 - 離開函式：check_scan
2024-12-01 02:29:53,426 - 進入函式：check_scan
2024-12-01 02:29:53,770 - 離開函式：check_scan
2024-12-01 02:29:53,824 - === 時間戳記 2024-12-01 02:29:53.824422 ===
目前執行函式：wait_for_scan_complete

2024-12-01 02:29:56,109 - 進入函式：check_scan
2024-12-01 02:29:56,453 - 離開函式：check_scan
2024-12-01 02:29:58,793 - 進入函式：check_scan
2024-12-01 02:29:58,830 - === 時間戳記 2024-12-01 02:29:58.830075 ===
目前執行函式：check_scan -> wait_for_scan_complete

2024-12-01 02:29:59,139 - 離開函式：check_scan
2024-12-01 02:30:01,479 - 進入函式：check_scan
2024-12-01 02:30:01,824 - 離開函式：check_scan
2024-12-01 02:30:03,835 - === 時間戳記 2024-12-01 02:30:03.835746 ===
目前執行函式：wait_for_scan_complete

2024-12-01 02:30:04,163 - 進入函式：check_scan
2024-12-01 02:30:04,506 - 離開函式：check_scan
2024-12-01 02:30:06,847 - 進入函式：check_scan
2024-12-01 02:30:07,192 - 離開函式：check_scan
2024-12-01 02:30:08,842 - === 時間戳記 2024-12-01 02:30:08.842649 ===
目前執行函式：wait_for_scan_complete

2024-12-01 02:30:09,530 - 進入函式：check_scan
2024-12-01 02:30:09,876 - 離開函式：check_scan
2024-12-01 02:30:12,217 - 進入函式：check_scan
2024-12-01 02:30:12,562 - 離開函式：check_scan
2024-12-01 02:30:13,849 - === 時間戳記 2024-12-01 02:30:13.849420 ===
目前執行函式：wait_for_scan_complete

2024-12-01 02:30:14,901 - 進入函式：check_scan
2024-12-01 02:30:15,246 - 離開函式：check_scan
2024-12-01 02:30:17,584 - 進入函式：check_scan
2024-12-01 02:30:17,930 - 離開函式：check_scan
2024-12-01 02:30:18,855 - === 時間戳記 2024-12-01 02:30:18.855465 ===
目前執行函式：wait_for_scan_complete

2024-12-01 02:30:20,269 - 進入函式：check_scan
2024-12-01 02:30:20,613 - 離開函式：check_scan
2024-12-01 02:30:22,952 - 進入函式：check_scan
2024-12-01 02:30:23,297 - 離開函式：check_scan
2024-12-01 02:30:23,860 - === 時間戳記 2024-12-01 02:30:23.860824 ===
目前執行函式：wait_for_scan_complete

2024-12-01 02:30:25,637 - 進入函式：check_scan
2024-12-01 02:30:25,981 - 離開函式：check_scan
2024-12-01 02:30:28,320 - 進入函式：check_scan
2024-12-01 02:30:28,666 - 離開函式：check_scan
2024-12-01 02:30:28,866 - === 時間戳記 2024-12-01 02:30:28.866214 ===
目前執行函式：wait_for_scan_complete

2024-12-01 02:30:31,005 - 進入函式：check_scan
2024-12-01 02:30:31,351 - 離開函式：check_scan
2024-12-01 02:30:33,692 - 進入函式：check_scan
2024-12-01 02:30:33,870 - === 時間戳記 2024-12-01 02:30:33.870815 ===
目前執行函式：check_scan -> wait_for_scan_complete

2024-12-01 02:30:34,037 - 離開函式：check_scan
2024-12-01 02:30:36,377 - 進入函式：check_scan
2024-12-01 02:30:36,723 - 離開函式：check_scan
2024-12-01 02:30:38,875 - === 時間戳記 2024-12-01 02:30:38.875982 ===
目前執行函式：wait_for_scan_complete

2024-12-01 02:30:39,061 - 進入函式：check_scan
2024-12-01 02:30:39,407 - 離開函式：check_scan
2024-12-01 02:30:41,747 - 進入函式：check_scan
2024-12-01 02:30:42,092 - 離開函式：check_scan
2024-12-01 02:30:43,882 - === 時間戳記 2024-12-01 02:30:43.882323 ===
目前執行函式：wait_for_scan_complete

2024-12-01 02:30:44,431 - 進入函式：check_scan
2024-12-01 02:30:44,778 - 離開函式：check_scan
2024-12-01 02:30:47,117 - 進入函式：check_scan
2024-12-01 02:30:47,462 - 離開函式：check_scan
2024-12-01 02:30:48,888 - === 時間戳記 2024-12-01 02:30:48.888939 ===
目前執行函式：wait_for_scan_complete

2024-12-01 02:30:49,802 - 進入函式：check_scan
2024-12-01 02:30:50,147 - 離開函式：check_scan
2024-12-01 02:30:52,487 - 進入函式：check_scan
2024-12-01 02:30:52,833 - 離開函式：check_scan
2024-12-01 02:30:53,893 - === 時間戳記 2024-12-01 02:30:53.893712 ===
目前執行函式：wait_for_scan_complete

2024-12-01 02:30:55,173 - 進入函式：check_scan
2024-12-01 02:30:55,519 - 離開函式：check_scan
2024-12-01 02:30:57,859 - 進入函式：check_scan
2024-12-01 02:30:58,205 - 離開函式：check_scan
2024-12-01 02:30:58,898 - === 時間戳記 2024-12-01 02:30:58.898843 ===
目前執行函式：wait_for_scan_complete

2024-12-01 02:31:00,544 - 進入函式：check_scan
2024-12-01 02:31:00,888 - 離開函式：check_scan
2024-12-01 02:31:03,228 - 進入函式：check_scan
2024-12-01 02:31:03,571 - 離開函式：check_scan
2024-12-01 02:31:03,905 - === 時間戳記 2024-12-01 02:31:03.905252 ===
目前執行函式：wait_for_scan_complete

2024-12-01 02:31:05,910 - 進入函式：check_scan
2024-12-01 02:31:06,255 - 離開函式：check_scan
2024-12-01 02:31:08,594 - 進入函式：check_scan
2024-12-01 02:31:08,911 - === 時間戳記 2024-12-01 02:31:08.911353 ===
目前執行函式：check_scan -> wait_for_scan_complete

2024-12-01 02:31:08,940 - 離開函式：check_scan
2024-12-01 02:31:11,281 - 進入函式：check_scan
2024-12-01 02:31:11,627 - 離開函式：check_scan
2024-12-01 02:31:13,916 - === 時間戳記 2024-12-01 02:31:13.916492 ===
目前執行函式：wait_for_scan_complete

2024-12-01 02:31:13,967 - 進入函式：check_scan
2024-12-01 02:31:14,311 - 離開函式：check_scan
2024-12-01 02:31:16,650 - 進入函式：check_scan
2024-12-01 02:31:16,996 - 離開函式：check_scan
2024-12-01 02:31:18,922 - === 時間戳記 2024-12-01 02:31:18.922162 ===
目前執行函式：wait_for_scan_complete

2024-12-01 02:31:19,336 - 進入函式：check_scan
2024-12-01 02:31:19,682 - 離開函式：check_scan
2024-12-01 02:31:22,020 - 進入函式：check_scan
2024-12-01 02:31:22,366 - 離開函式：check_scan
2024-12-01 02:31:23,926 - === 時間戳記 2024-12-01 02:31:23.926499 ===
目前執行函式：wait_for_scan_complete

2024-12-01 02:31:24,706 - 進入函式：check_scan
2024-12-01 02:31:25,051 - 離開函式：check_scan
2024-12-01 02:31:27,392 - 進入函式：check_scan
2024-12-01 02:31:27,737 - 離開函式：check_scan
2024-12-01 02:31:28,932 - === 時間戳記 2024-12-01 02:31:28.932685 ===
目前執行函式：wait_for_scan_complete

2024-12-01 02:31:30,077 - 進入函式：check_scan
2024-12-01 02:31:30,422 - 離開函式：check_scan
2024-12-01 02:31:32,763 - 進入函式：check_scan
2024-12-01 02:31:33,106 - 離開函式：check_scan
2024-12-01 02:31:33,937 - === 時間戳記 2024-12-01 02:31:33.937564 ===
目前執行函式：wait_for_scan_complete

2024-12-01 02:31:35,446 - 進入函式：check_scan
2024-12-01 02:31:35,792 - 離開函式：check_scan
2024-12-01 02:31:38,131 - 進入函式：check_scan
2024-12-01 02:31:38,475 - 離開函式：check_scan
2024-12-01 02:31:38,943 - === 時間戳記 2024-12-01 02:31:38.943349 ===
目前執行函式：wait_for_scan_complete

2024-12-01 02:31:40,815 - 進入函式：check_scan
2024-12-01 02:31:41,160 - 離開函式：check_scan
2024-12-01 02:31:43,502 - 進入函式：check_scan
2024-12-01 02:31:43,845 - 離開函式：check_scan
2024-12-01 02:31:43,949 - === 時間戳記 2024-12-01 02:31:43.949593 ===
目前執行函式：wait_for_scan_complete

2024-12-01 02:31:46,185 - 進入函式：check_scan
2024-12-01 02:31:46,528 - 離開函式：check_scan
2024-12-01 02:31:48,868 - 進入函式：check_scan
2024-12-01 02:31:48,954 - === 時間戳記 2024-12-01 02:31:48.954177 ===
目前執行函式：check_scan -> wait_for_scan_complete

2024-12-01 02:31:49,214 - 離開函式：check_scan
2024-12-01 02:31:51,554 - 進入函式：check_scan
2024-12-01 02:31:51,900 - 離開函式：check_scan
2024-12-01 02:31:53,959 - === 時間戳記 2024-12-01 02:31:53.959466 ===
目前執行函式：wait_for_scan_complete

2024-12-01 02:31:54,239 - 進入函式：check_scan
2024-12-01 02:31:54,584 - 離開函式：check_scan
2024-12-01 02:31:56,924 - 進入函式：check_scan
2024-12-01 02:31:57,268 - 離開函式：check_scan
2024-12-01 02:31:58,965 - === 時間戳記 2024-12-01 02:31:58.965256 ===
目前執行函式：wait_for_scan_complete

2024-12-01 02:31:59,609 - 進入函式：check_scan
2024-12-01 02:31:59,953 - 離開函式：check_scan
2024-12-01 02:32:02,293 - 進入函式：check_scan
2024-12-01 02:32:02,638 - 離開函式：check_scan
2024-12-01 02:32:03,970 - === 時間戳記 2024-12-01 02:32:03.970469 ===
目前執行函式：wait_for_scan_complete

2024-12-01 02:32:04,978 - 進入函式：check_scan
2024-12-01 02:32:05,323 - 離開函式：check_scan
2024-12-01 02:32:07,661 - 進入函式：check_scan
2024-12-01 02:32:08,005 - 離開函式：check_scan
2024-12-01 02:32:08,975 - === 時間戳記 2024-12-01 02:32:08.975634 ===
目前執行函式：wait_for_scan_complete

2024-12-01 02:32:10,347 - 進入函式：check_scan
2024-12-01 02:32:10,692 - 離開函式：check_scan
2024-12-01 02:32:13,032 - 進入函式：check_scan
2024-12-01 02:32:13,375 - 離開函式：check_scan
2024-12-01 02:32:13,980 - === 時間戳記 2024-12-01 02:32:13.980903 ===
目前執行函式：wait_for_scan_complete

2024-12-01 02:32:15,714 - 進入函式：check_scan
2024-12-01 02:32:16,059 - 離開函式：check_scan
2024-12-01 02:32:18,398 - 進入函式：check_scan
2024-12-01 02:32:18,744 - 離開函式：check_scan
2024-12-01 02:32:18,986 - === 時間戳記 2024-12-01 02:32:18.986503 ===
目前執行函式：wait_for_scan_complete

2024-12-01 02:32:21,084 - 進入函式：check_scan
2024-12-01 02:32:21,428 - 離開函式：check_scan
2024-12-01 02:32:23,768 - 進入函式：check_scan
2024-12-01 02:32:23,992 - === 時間戳記 2024-12-01 02:32:23.992282 ===
目前執行函式：check_scan -> wait_for_scan_complete

2024-12-01 02:32:24,114 - 離開函式：check_scan
2024-12-01 02:32:26,453 - 進入函式：check_scan
2024-12-01 02:32:26,797 - 離開函式：check_scan
2024-12-01 02:32:28,998 - === 時間戳記 2024-12-01 02:32:28.998525 ===
目前執行函式：wait_for_scan_complete

2024-12-01 02:32:29,136 - 進入函式：check_scan
2024-12-01 02:32:29,481 - 離開函式：check_scan
2024-12-01 02:32:31,821 - 進入函式：check_scan
2024-12-01 02:32:32,164 - 離開函式：check_scan
2024-12-01 02:32:34,004 - === 時間戳記 2024-12-01 02:32:34.004395 ===
目前執行函式：wait_for_scan_complete

2024-12-01 02:32:34,504 - 進入函式：check_scan
2024-12-01 02:32:34,851 - 離開函式：check_scan
2024-12-01 02:32:37,189 - 進入函式：check_scan
2024-12-01 02:32:37,534 - 離開函式：check_scan
2024-12-01 02:32:39,009 - === 時間戳記 2024-12-01 02:32:39.009359 ===
目前執行函式：wait_for_scan_complete

2024-12-01 02:32:39,875 - 進入函式：check_scan
2024-12-01 02:32:40,220 - 離開函式：check_scan
2024-12-01 02:32:42,560 - 進入函式：check_scan
2024-12-01 02:32:42,905 - 離開函式：check_scan
2024-12-01 02:32:44,014 - === 時間戳記 2024-12-01 02:32:44.014905 ===
目前執行函式：wait_for_scan_complete

2024-12-01 02:32:45,244 - 進入函式：check_scan
2024-12-01 02:32:45,590 - 離開函式：check_scan
2024-12-01 02:32:47,928 - 進入函式：check_scan
2024-12-01 02:32:48,273 - 離開函式：check_scan
2024-12-01 02:32:49,020 - === 時間戳記 2024-12-01 02:32:49.020806 ===
目前執行函式：wait_for_scan_complete

2024-12-01 02:32:50,614 - 進入函式：check_scan
2024-12-01 02:32:50,959 - 離開函式：check_scan
2024-12-01 02:32:53,299 - 進入函式：check_scan
2024-12-01 02:32:53,643 - 離開函式：check_scan
2024-12-01 02:32:54,026 - === 時間戳記 2024-12-01 02:32:54.026817 ===
目前執行函式：wait_for_scan_complete

2024-12-01 02:32:55,983 - 進入函式：check_scan
2024-12-01 02:32:56,327 - 離開函式：check_scan
2024-12-01 02:32:58,667 - 進入函式：check_scan
2024-12-01 02:32:59,013 - 離開函式：check_scan
2024-12-01 02:32:59,033 - === 時間戳記 2024-12-01 02:32:59.033443 ===
目前執行函式：wait_for_scan_complete

2024-12-01 02:33:01,353 - 進入函式：check_scan
2024-12-01 02:33:01,354 - 離開函式：check_scan
2024-12-01 02:33:01,354 - 離開函式：wait_for_scan_complete
2024-12-01 02:33:54,373 - 進入函式：wait_for_scan_complete
2024-12-01 02:33:54,373 - 進入函式：check_scan
2024-12-01 02:33:56,400 - 離開函式：check_scan
2024-12-01 02:33:58,739 - 進入函式：check_scan
2024-12-01 02:33:59,086 - 離開函式：check_scan
2024-12-01 02:33:59,102 - === 時間戳記 2024-12-01 02:33:59.102690 ===
目前執行函式：wait_for_scan_complete

2024-12-01 02:34:01,426 - 進入函式：check_scan
2024-12-01 02:34:01,771 - 離開函式：check_scan
2024-12-01 02:34:04,109 - === 時間戳記 2024-12-01 02:34:04.109210 ===
目前執行函式：wait_for_scan_complete

2024-12-01 02:34:04,111 - 進入函式：check_scan
2024-12-01 02:34:04,461 - 離開函式：check_scan
2024-12-01 02:34:06,798 - 進入函式：check_scan
2024-12-01 02:34:07,143 - 離開函式：check_scan
2024-12-01 02:34:09,115 - === 時間戳記 2024-12-01 02:34:09.115781 ===
目前執行函式：wait_for_scan_complete

2024-12-01 02:34:09,483 - 進入函式：check_scan
2024-12-01 02:34:09,827 - 離開函式：check_scan
2024-12-01 02:34:12,167 - 進入函式：check_scan
2024-12-01 02:34:12,513 - 離開函式：check_scan
2024-12-01 02:34:14,122 - === 時間戳記 2024-12-01 02:34:14.122664 ===
目前執行函式：wait_for_scan_complete

2024-12-01 02:34:14,856 - 進入函式：check_scan
2024-12-01 02:34:15,194 - 離開函式：check_scan
2024-12-01 02:34:17,524 - 進入函式：check_scan
2024-12-01 02:34:17,860 - 離開函式：check_scan
2024-12-01 02:34:19,127 - === 時間戳記 2024-12-01 02:34:19.127964 ===
目前執行函式：wait_for_scan_complete

2024-12-01 02:34:20,191 - 進入函式：check_scan
2024-12-01 02:34:20,539 - 離開函式：check_scan
2024-12-01 02:34:22,876 - 進入函式：check_scan
2024-12-01 02:34:23,220 - 離開函式：check_scan
2024-12-01 02:34:24,132 - === 時間戳記 2024-12-01 02:34:24.132382 ===
目前執行函式：wait_for_scan_complete

2024-12-01 02:34:25,557 - 進入函式：check_scan
2024-12-01 02:34:25,900 - 離開函式：check_scan
2024-12-01 02:34:28,238 - 進入函式：check_scan
2024-12-01 02:34:28,582 - 離開函式：check_scan
2024-12-01 02:34:29,137 - === 時間戳記 2024-12-01 02:34:29.137726 ===
目前執行函式：wait_for_scan_complete

2024-12-01 02:34:30,920 - 進入函式：check_scan
2024-12-01 02:34:31,263 - 離開函式：check_scan
2024-12-01 02:34:33,602 - 進入函式：check_scan
2024-12-01 02:34:33,945 - 離開函式：check_scan
2024-12-01 02:34:34,142 - === 時間戳記 2024-12-01 02:34:34.142572 ===
目前執行函式：wait_for_scan_complete

2024-12-01 02:34:36,284 - 進入函式：check_scan
2024-12-01 02:34:36,629 - 離開函式：check_scan
2024-12-01 02:34:38,964 - 進入函式：check_scan
2024-12-01 02:34:39,148 - === 時間戳記 2024-12-01 02:34:39.148234 ===
目前執行函式：check_scan -> wait_for_scan_complete

2024-12-01 02:34:39,299 - 離開函式：check_scan
2024-12-01 02:34:41,630 - 進入函式：check_scan
2024-12-01 02:34:41,971 - 離開函式：check_scan
2024-12-01 02:34:44,152 - === 時間戳記 2024-12-01 02:34:44.152516 ===
目前執行函式：wait_for_scan_complete

2024-12-01 02:34:44,300 - 進入函式：check_scan
2024-12-01 02:34:44,635 - 離開函式：check_scan
2024-12-01 02:34:46,966 - 進入函式：check_scan
2024-12-01 02:34:47,307 - 離開函式：check_scan
2024-12-01 02:34:49,157 - === 時間戳記 2024-12-01 02:34:49.157950 ===
目前執行函式：wait_for_scan_complete

2024-12-01 02:34:49,644 - 進入函式：check_scan
2024-12-01 02:34:49,996 - 離開函式：check_scan
2024-12-01 02:34:52,332 - 進入函式：check_scan
2024-12-01 02:34:52,677 - 離開函式：check_scan
2024-12-01 02:34:54,162 - === 時間戳記 2024-12-01 02:34:54.162800 ===
目前執行函式：wait_for_scan_complete

2024-12-01 02:34:55,016 - 進入函式：check_scan
2024-12-01 02:34:55,358 - 離開函式：check_scan
2024-12-01 02:34:57,690 - 進入函式：check_scan
2024-12-01 02:34:58,027 - 離開函式：check_scan
2024-12-01 02:34:59,167 - === 時間戳記 2024-12-01 02:34:59.167739 ===
目前執行函式：wait_for_scan_complete

2024-12-01 02:35:00,358 - 進入函式：check_scan
2024-12-01 02:35:00,696 - 離開函式：check_scan
2024-12-01 02:35:03,026 - 進入函式：check_scan
2024-12-01 02:35:03,364 - 離開函式：check_scan
2024-12-01 02:35:04,172 - === 時間戳記 2024-12-01 02:35:04.172972 ===
目前執行函式：wait_for_scan_complete

2024-12-01 02:35:05,695 - 進入函式：check_scan
2024-12-01 02:35:06,029 - 離開函式：check_scan
2024-12-01 02:35:08,363 - 進入函式：check_scan
2024-12-01 02:35:08,697 - 離開函式：check_scan
2024-12-01 02:35:09,178 - === 時間戳記 2024-12-01 02:35:09.178158 ===
目前執行函式：wait_for_scan_complete

2024-12-01 02:35:11,028 - 進入函式：check_scan
2024-12-01 02:35:11,363 - 離開函式：check_scan
2024-12-01 02:35:13,707 - 進入函式：check_scan
2024-12-01 02:35:14,045 - 離開函式：check_scan
2024-12-01 02:35:14,184 - === 時間戳記 2024-12-01 02:35:14.184651 ===
目前執行函式：wait_for_scan_complete

2024-12-01 02:35:16,380 - 進入函式：check_scan
2024-12-01 02:35:16,720 - 離開函式：check_scan
2024-12-01 02:35:19,054 - 進入函式：check_scan
2024-12-01 02:35:19,190 - === 時間戳記 2024-12-01 02:35:19.190083 ===
目前執行函式：check_scan -> wait_for_scan_complete

2024-12-01 02:35:19,391 - 離開函式：check_scan
2024-12-01 02:35:21,724 - 進入函式：check_scan
2024-12-01 02:35:22,060 - 離開函式：check_scan
2024-12-01 02:35:24,195 - === 時間戳記 2024-12-01 02:35:24.195023 ===
目前執行函式：wait_for_scan_complete

2024-12-01 02:35:24,391 - 進入函式：check_scan
2024-12-01 02:35:24,728 - 離開函式：check_scan
2024-12-01 02:35:27,061 - 進入函式：check_scan
2024-12-01 02:35:27,395 - 離開函式：check_scan
2024-12-01 02:35:29,199 - === 時間戳記 2024-12-01 02:35:29.199264 ===
目前執行函式：wait_for_scan_complete

2024-12-01 02:35:29,726 - 進入函式：check_scan
2024-12-01 02:35:30,063 - 離開函式：check_scan
2024-12-01 02:35:32,394 - 進入函式：check_scan
2024-12-01 02:35:32,732 - 離開函式：check_scan
2024-12-01 02:35:34,203 - === 時間戳記 2024-12-01 02:35:34.203956 ===
目前執行函式：wait_for_scan_complete

2024-12-01 02:35:35,061 - 進入函式：check_scan
2024-12-01 02:35:35,397 - 離開函式：check_scan
2024-12-01 02:35:37,728 - 進入函式：check_scan
2024-12-01 02:35:38,064 - 離開函式：check_scan
2024-12-01 02:35:39,209 - === 時間戳記 2024-12-01 02:35:39.209873 ===
目前執行函式：wait_for_scan_complete

2024-12-01 02:35:40,395 - 進入函式：check_scan
2024-12-01 02:35:40,733 - 離開函式：check_scan
2024-12-01 02:35:43,063 - 進入函式：check_scan
2024-12-01 02:35:43,401 - 離開函式：check_scan
2024-12-01 02:35:44,214 - === 時間戳記 2024-12-01 02:35:44.214826 ===
目前執行函式：wait_for_scan_complete

2024-12-01 02:35:45,731 - 進入函式：check_scan
2024-12-01 02:35:46,067 - 離開函式：check_scan
2024-12-01 02:35:48,398 - 進入函式：check_scan
2024-12-01 02:35:48,740 - 離開函式：check_scan
2024-12-01 02:35:49,220 - === 時間戳記 2024-12-01 02:35:49.220148 ===
目前執行函式：wait_for_scan_complete

2024-12-01 02:35:51,070 - 進入函式：check_scan
2024-12-01 02:35:51,407 - 離開函式：check_scan
2024-12-01 02:35:53,738 - 進入函式：check_scan
2024-12-01 02:35:54,075 - 離開函式：check_scan
2024-12-01 02:35:54,225 - === 時間戳記 2024-12-01 02:35:54.225225 ===
目前執行函式：wait_for_scan_complete

2024-12-01 02:35:56,407 - 進入函式：check_scan
2024-12-01 02:35:56,742 - 離開函式：check_scan
2024-12-01 02:35:59,075 - 進入函式：check_scan
2024-12-01 02:35:59,229 - === 時間戳記 2024-12-01 02:35:59.229771 ===
目前執行函式：check_scan -> wait_for_scan_complete

2024-12-01 02:35:59,410 - 離開函式：check_scan
2024-12-01 02:36:01,741 - 進入函式：check_scan
2024-12-01 02:36:02,077 - 離開函式：check_scan
2024-12-01 02:36:04,234 - === 時間戳記 2024-12-01 02:36:04.234731 ===
目前執行函式：wait_for_scan_complete

2024-12-01 02:36:04,408 - 進入函式：check_scan
2024-12-01 02:36:04,748 - 離開函式：check_scan
2024-12-01 02:36:07,076 - 進入函式：check_scan
2024-12-01 02:36:07,413 - 離開函式：check_scan
2024-12-01 02:36:09,239 - === 時間戳記 2024-12-01 02:36:09.239053 ===
目前執行函式：wait_for_scan_complete

2024-12-01 02:36:09,743 - 進入函式：check_scan
2024-12-01 02:36:09,743 - 離開函式：check_scan
2024-12-01 02:36:09,744 - 離開函式：wait_for_scan_complete
2024-12-01 02:37:03,056 - 進入函式：wait_for_scan_complete
2024-12-01 02:37:03,056 - 進入函式：check_scan
2024-12-01 02:37:04,288 - === 時間戳記 2024-12-01 02:37:04.288111 ===
目前執行函式：check_scan -> wait_for_scan_complete

2024-12-01 02:37:05,071 - 離開函式：check_scan
2024-12-01 02:37:07,402 - 進入函式：check_scan
2024-12-01 02:37:07,739 - 離開函式：check_scan
2024-12-01 02:37:09,293 - === 時間戳記 2024-12-01 02:37:09.293150 ===
目前執行函式：wait_for_scan_complete

2024-12-01 02:37:10,069 - 進入函式：check_scan
2024-12-01 02:37:10,406 - 離開函式：check_scan
2024-12-01 02:37:12,736 - 進入函式：check_scan
2024-12-01 02:37:13,073 - 離開函式：check_scan
2024-12-01 02:37:14,297 - === 時間戳記 2024-12-01 02:37:14.297194 ===
目前執行函式：wait_for_scan_complete

2024-12-01 02:37:15,404 - 進入函式：check_scan
2024-12-01 02:37:15,740 - 離開函式：check_scan
2024-12-01 02:37:18,071 - 進入函式：check_scan
2024-12-01 02:37:18,409 - 離開函式：check_scan
2024-12-01 02:37:19,301 - === 時間戳記 2024-12-01 02:37:19.301893 ===
目前執行函式：wait_for_scan_complete

2024-12-01 02:37:20,743 - 進入函式：check_scan
2024-12-01 02:37:21,084 - 離開函式：check_scan
2024-12-01 02:37:23,416 - 進入函式：check_scan
2024-12-01 02:37:23,752 - 離開函式：check_scan
2024-12-01 02:37:24,307 - === 時間戳記 2024-12-01 02:37:24.307357 ===
目前執行函式：wait_for_scan_complete

2024-12-01 02:37:26,084 - 進入函式：check_scan
2024-12-01 02:37:26,423 - 離開函式：check_scan
2024-12-01 02:37:28,754 - 進入函式：check_scan
2024-12-01 02:37:29,092 - 離開函式：check_scan
2024-12-01 02:37:29,312 - === 時間戳記 2024-12-01 02:37:29.312273 ===
目前執行函式：wait_for_scan_complete

2024-12-01 02:37:31,424 - 進入函式：check_scan
2024-12-01 02:37:31,760 - 離開函式：check_scan
2024-12-01 02:37:34,093 - 進入函式：check_scan
2024-12-01 02:37:34,316 - === 時間戳記 2024-12-01 02:37:34.316624 ===
目前執行函式：check_scan -> wait_for_scan_complete

2024-12-01 02:37:34,430 - 離開函式：check_scan
2024-12-01 02:37:36,762 - 進入函式：check_scan
2024-12-01 02:37:37,099 - 離開函式：check_scan
2024-12-01 02:37:39,321 - === 時間戳記 2024-12-01 02:37:39.321049 ===
目前執行函式：wait_for_scan_complete

2024-12-01 02:37:39,429 - 進入函式：check_scan
2024-12-01 02:37:39,766 - 離開函式：check_scan
2024-12-01 02:37:42,097 - 進入函式：check_scan
2024-12-01 02:37:42,434 - 離開函式：check_scan
2024-12-01 02:37:44,327 - === 時間戳記 2024-12-01 02:37:44.327325 ===
目前執行函式：wait_for_scan_complete

2024-12-01 02:37:44,767 - 進入函式：check_scan
2024-12-01 02:37:45,105 - 離開函式：check_scan
2024-12-01 02:37:47,437 - 進入函式：check_scan
2024-12-01 02:37:47,774 - 離開函式：check_scan
2024-12-01 02:37:49,332 - === 時間戳記 2024-12-01 02:37:49.332123 ===
目前執行函式：wait_for_scan_complete

2024-12-01 02:37:50,105 - 進入函式：check_scan
2024-12-01 02:37:50,441 - 離開函式：check_scan
2024-12-01 02:37:52,781 - 進入函式：check_scan
2024-12-01 02:37:53,116 - 離開函式：check_scan
2024-12-01 02:37:54,336 - === 時間戳記 2024-12-01 02:37:54.336471 ===
目前執行函式：wait_for_scan_complete

2024-12-01 02:37:55,447 - 進入函式：check_scan
2024-12-01 02:37:55,786 - 離開函式：check_scan
2024-12-01 02:37:58,117 - 進入函式：check_scan
2024-12-01 02:37:58,454 - 離開函式：check_scan
2024-12-01 02:37:59,340 - === 時間戳記 2024-12-01 02:37:59.340857 ===
目前執行函式：wait_for_scan_complete

2024-12-01 02:38:00,790 - 進入函式：check_scan
2024-12-01 02:38:01,127 - 離開函式：check_scan
2024-12-01 02:38:03,459 - 進入函式：check_scan
2024-12-01 02:38:03,796 - 離開函式：check_scan
2024-12-01 02:38:04,345 - === 時間戳記 2024-12-01 02:38:04.345415 ===
目前執行函式：wait_for_scan_complete

2024-12-01 02:38:06,126 - 進入函式：check_scan
2024-12-01 02:38:06,467 - 離開函式：check_scan
2024-12-01 02:38:08,797 - 進入函式：check_scan
2024-12-01 02:38:09,140 - 離開函式：check_scan
2024-12-01 02:38:09,350 - === 時間戳記 2024-12-01 02:38:09.350214 ===
目前執行函式：wait_for_scan_complete

2024-12-01 02:38:11,479 - 進入函式：check_scan
2024-12-01 02:38:11,824 - 離開函式：check_scan
2024-12-01 02:38:14,163 - 進入函式：check_scan
2024-12-01 02:38:14,356 - === 時間戳記 2024-12-01 02:38:14.356535 ===
目前執行函式：check_scan -> wait_for_scan_complete

2024-12-01 02:38:14,509 - 離開函式：check_scan
2024-12-01 02:38:16,849 - 進入函式：check_scan
2024-12-01 02:38:17,193 - 離開函式：check_scan
2024-12-01 02:38:19,361 - === 時間戳記 2024-12-01 02:38:19.361925 ===
目前執行函式：wait_for_scan_complete

2024-12-01 02:38:19,533 - 進入函式：check_scan
2024-12-01 02:38:19,877 - 離開函式：check_scan
2024-12-01 02:38:22,216 - 進入函式：check_scan
2024-12-01 02:38:22,562 - 離開函式：check_scan
2024-12-01 02:38:24,367 - === 時間戳記 2024-12-01 02:38:24.367896 ===
目前執行函式：wait_for_scan_complete

2024-12-01 02:38:24,900 - 進入函式：check_scan
2024-12-01 02:38:25,246 - 離開函式：check_scan
2024-12-01 02:38:27,584 - 進入函式：check_scan
2024-12-01 02:38:27,930 - 離開函式：check_scan
2024-12-01 02:38:29,373 - === 時間戳記 2024-12-01 02:38:29.373860 ===
目前執行函式：wait_for_scan_complete

2024-12-01 02:38:30,275 - 進入函式：check_scan
2024-12-01 02:38:30,619 - 離開函式：check_scan
2024-12-01 02:38:32,958 - 進入函式：check_scan
2024-12-01 02:38:33,302 - 離開函式：check_scan
2024-12-01 02:38:34,379 - === 時間戳記 2024-12-01 02:38:34.379822 ===
目前執行函式：wait_for_scan_complete

2024-12-01 02:38:35,647 - 進入函式：check_scan
2024-12-01 02:38:35,990 - 離開函式：check_scan
2024-12-01 02:38:38,330 - 進入函式：check_scan
2024-12-01 02:38:38,674 - 離開函式：check_scan
2024-12-01 02:38:39,385 - === 時間戳記 2024-12-01 02:38:39.385999 ===
目前執行函式：wait_for_scan_complete

2024-12-01 02:38:41,013 - 進入函式：check_scan
2024-12-01 02:38:41,356 - 離開函式：check_scan
2024-12-01 02:38:43,696 - 進入函式：check_scan
2024-12-01 02:38:44,043 - 離開函式：check_scan
2024-12-01 02:38:44,391 - === 時間戳記 2024-12-01 02:38:44.391582 ===
目前執行函式：wait_for_scan_complete

2024-12-01 02:38:46,388 - 進入函式：check_scan
2024-12-01 02:38:46,731 - 離開函式：check_scan
2024-12-01 02:38:49,068 - 進入函式：check_scan
2024-12-01 02:38:49,397 - === 時間戳記 2024-12-01 02:38:49.397429 ===
目前執行函式：check_scan -> wait_for_scan_complete

2024-12-01 02:38:49,413 - 離開函式：check_scan
2024-12-01 02:38:51,753 - 進入函式：check_scan
2024-12-01 02:38:52,097 - 離開函式：check_scan
2024-12-01 02:38:54,402 - === 時間戳記 2024-12-01 02:38:54.402884 ===
目前執行函式：wait_for_scan_complete

2024-12-01 02:38:54,434 - 進入函式：check_scan
2024-12-01 02:38:54,779 - 離開函式：check_scan
2024-12-01 02:38:57,119 - 進入函式：check_scan
2024-12-01 02:38:57,463 - 離開函式：check_scan
2024-12-01 02:38:59,407 - === 時間戳記 2024-12-01 02:38:59.407514 ===
目前執行函式：wait_for_scan_complete

2024-12-01 02:38:59,802 - 進入函式：check_scan
2024-12-01 02:39:00,147 - 離開函式：check_scan
2024-12-01 02:39:02,487 - 進入函式：check_scan
2024-12-01 02:39:02,831 - 離開函式：check_scan
2024-12-01 02:39:04,413 - === 時間戳記 2024-12-01 02:39:04.413864 ===
目前執行函式：wait_for_scan_complete

2024-12-01 02:39:05,170 - 進入函式：check_scan
2024-12-01 02:39:05,515 - 離開函式：check_scan
2024-12-01 02:39:07,855 - 進入函式：check_scan
2024-12-01 02:39:08,200 - 離開函式：check_scan
2024-12-01 02:39:09,420 - === 時間戳記 2024-12-01 02:39:09.420485 ===
目前執行函式：wait_for_scan_complete

2024-12-01 02:39:10,538 - 進入函式：check_scan
2024-12-01 02:39:10,882 - 離開函式：check_scan
2024-12-01 02:39:13,224 - 進入函式：check_scan
2024-12-01 02:39:13,568 - 離開函式：check_scan
2024-12-01 02:39:14,425 - === 時間戳記 2024-12-01 02:39:14.425102 ===
目前執行函式：wait_for_scan_complete

2024-12-01 02:39:15,906 - 進入函式：check_scan
2024-12-01 02:39:16,251 - 離開函式：check_scan
2024-12-01 02:39:18,594 - 進入函式：check_scan
2024-12-01 02:39:18,595 - 離開函式：check_scan
2024-12-01 02:39:18,595 - 離開函式：wait_for_scan_complete
2024-12-01 02:40:11,734 - 進入函式：wait_for_scan_complete
2024-12-01 02:40:11,734 - 進入函式：check_scan
2024-12-01 02:40:13,761 - 離開函式：check_scan
2024-12-01 02:40:14,488 - === 時間戳記 2024-12-01 02:40:14.488429 ===
目前執行函式：wait_for_scan_complete

2024-12-01 02:40:16,099 - 進入函式：check_scan
2024-12-01 02:40:16,444 - 離開函式：check_scan
2024-12-01 02:40:18,784 - 進入函式：check_scan
2024-12-01 02:40:19,128 - 離開函式：check_scan
2024-12-01 02:40:19,494 - === 時間戳記 2024-12-01 02:40:19.494583 ===
目前執行函式：wait_for_scan_complete

2024-12-01 02:40:21,466 - 進入函式：check_scan
2024-12-01 02:40:21,812 - 離開函式：check_scan
2024-12-01 02:40:24,150 - 進入函式：check_scan
2024-12-01 02:40:24,494 - 離開函式：check_scan
2024-12-01 02:40:24,500 - === 時間戳記 2024-12-01 02:40:24.500428 ===
目前執行函式：wait_for_scan_complete

2024-12-01 02:40:26,834 - 進入函式：check_scan
2024-12-01 02:40:27,178 - 離開函式：check_scan
2024-12-01 02:40:29,505 - === 時間戳記 2024-12-01 02:40:29.505575 ===
目前執行函式：wait_for_scan_complete

2024-12-01 02:40:29,516 - 進入函式：check_scan
2024-12-01 02:40:29,859 - 離開函式：check_scan
2024-12-01 02:40:32,195 - 進入函式：check_scan
2024-12-01 02:40:32,537 - 離開函式：check_scan
2024-12-01 02:40:34,510 - === 時間戳記 2024-12-01 02:40:34.510615 ===
目前執行函式：wait_for_scan_complete

2024-12-01 02:40:34,874 - 進入函式：check_scan
2024-12-01 02:40:35,216 - 離開函式：check_scan
2024-12-01 02:40:37,554 - 進入函式：check_scan
2024-12-01 02:40:37,896 - 離開函式：check_scan
2024-12-01 02:40:39,514 - === 時間戳記 2024-12-01 02:40:39.514639 ===
目前執行函式：wait_for_scan_complete

2024-12-01 02:40:40,234 - 進入函式：check_scan
2024-12-01 02:40:40,576 - 離開函式：check_scan
2024-12-01 02:40:42,913 - 進入函式：check_scan
2024-12-01 02:40:43,256 - 離開函式：check_scan
2024-12-01 02:40:44,519 - === 時間戳記 2024-12-01 02:40:44.519811 ===
目前執行函式：wait_for_scan_complete

2024-12-01 02:40:45,593 - 進入函式：check_scan
2024-12-01 02:40:45,936 - 離開函式：check_scan
2024-12-01 02:40:48,273 - 進入函式：check_scan
2024-12-01 02:40:48,616 - 離開函式：check_scan
2024-12-01 02:40:49,523 - === 時間戳記 2024-12-01 02:40:49.523431 ===
目前執行函式：wait_for_scan_complete

2024-12-01 02:40:50,956 - 進入函式：check_scan
2024-12-01 02:40:51,297 - 離開函式：check_scan
2024-12-01 02:40:53,634 - 進入函式：check_scan
2024-12-01 02:40:53,976 - 離開函式：check_scan
2024-12-01 02:40:54,529 - === 時間戳記 2024-12-01 02:40:54.529057 ===
目前執行函式：wait_for_scan_complete

2024-12-01 02:40:56,314 - 進入函式：check_scan
2024-12-01 02:40:56,655 - 離開函式：check_scan
2024-12-01 02:40:58,992 - 進入函式：check_scan
2024-12-01 02:40:59,334 - 離開函式：check_scan
2024-12-01 02:40:59,535 - === 時間戳記 2024-12-01 02:40:59.535197 ===
目前執行函式：wait_for_scan_complete

2024-12-01 02:41:01,672 - 進入函式：check_scan
2024-12-01 02:41:02,015 - 離開函式：check_scan
2024-12-01 02:41:04,351 - 進入函式：check_scan
2024-12-01 02:41:04,540 - === 時間戳記 2024-12-01 02:41:04.540491 ===
目前執行函式：check_scan -> wait_for_scan_complete

2024-12-01 02:41:04,694 - 離開函式：check_scan
2024-12-01 02:41:07,031 - 進入函式：check_scan
2024-12-01 02:41:07,375 - 離開函式：check_scan
2024-12-01 02:41:09,544 - === 時間戳記 2024-12-01 02:41:09.544168 ===
目前執行函式：wait_for_scan_complete

2024-12-01 02:41:09,710 - 進入函式：check_scan
2024-12-01 02:41:10,054 - 離開函式：check_scan
2024-12-01 02:41:12,389 - 進入函式：check_scan
2024-12-01 02:41:12,733 - 離開函式：check_scan
2024-12-01 02:41:14,548 - === 時間戳記 2024-12-01 02:41:14.548696 ===
目前執行函式：wait_for_scan_complete

2024-12-01 02:41:15,073 - 進入函式：check_scan
2024-12-01 02:41:15,413 - 離開函式：check_scan
2024-12-01 02:41:17,750 - 進入函式：check_scan
2024-12-01 02:41:18,092 - 離開函式：check_scan
2024-12-01 02:41:19,552 - === 時間戳記 2024-12-01 02:41:19.552544 ===
目前執行函式：wait_for_scan_complete

2024-12-01 02:41:20,429 - 進入函式：check_scan
2024-12-01 02:41:20,772 - 離開函式：check_scan
2024-12-01 02:41:23,108 - 進入函式：check_scan
2024-12-01 02:41:23,451 - 離開函式：check_scan
2024-12-01 02:41:24,557 - === 時間戳記 2024-12-01 02:41:24.557208 ===
目前執行函式：wait_for_scan_complete

2024-12-01 02:41:25,788 - 進入函式：check_scan
2024-12-01 02:41:26,130 - 離開函式：check_scan
2024-12-01 02:41:28,468 - 進入函式：check_scan
2024-12-01 02:41:28,810 - 離開函式：check_scan
2024-12-01 02:41:29,561 - === 時間戳記 2024-12-01 02:41:29.561689 ===
目前執行函式：wait_for_scan_complete

2024-12-01 02:41:31,147 - 進入函式：check_scan
2024-12-01 02:41:31,489 - 離開函式：check_scan
2024-12-01 02:41:33,826 - 進入函式：check_scan
2024-12-01 02:41:34,169 - 離開函式：check_scan
2024-12-01 02:41:34,565 - === 時間戳記 2024-12-01 02:41:34.565510 ===
目前執行函式：wait_for_scan_complete

2024-12-01 02:41:36,506 - 進入函式：check_scan
2024-12-01 02:41:36,848 - 離開函式：check_scan
2024-12-01 02:41:39,184 - 進入函式：check_scan
2024-12-01 02:41:39,527 - 離開函式：check_scan
2024-12-01 02:41:39,570 - === 時間戳記 2024-12-01 02:41:39.570829 ===
目前執行函式：wait_for_scan_complete

2024-12-01 02:41:41,863 - 進入函式：check_scan
2024-12-01 02:41:42,207 - 離開函式：check_scan
2024-12-01 02:41:44,543 - 進入函式：check_scan
2024-12-01 02:41:44,575 - === 時間戳記 2024-12-01 02:41:44.575275 ===
目前執行函式：check_scan -> wait_for_scan_complete

2024-12-01 02:41:44,887 - 離開函式：check_scan
2024-12-01 02:41:47,224 - 進入函式：check_scan
2024-12-01 02:41:47,566 - 離開函式：check_scan
2024-12-01 02:41:49,578 - === 時間戳記 2024-12-01 02:41:49.578899 ===
目前執行函式：wait_for_scan_complete

2024-12-01 02:41:49,903 - 進入函式：check_scan
2024-12-01 02:41:50,246 - 離開函式：check_scan
2024-12-01 02:41:52,583 - 進入函式：check_scan
2024-12-01 02:41:52,925 - 離開函式：check_scan
2024-12-01 02:41:54,583 - === 時間戳記 2024-12-01 02:41:54.583704 ===
目前執行函式：wait_for_scan_complete

2024-12-01 02:41:55,267 - 進入函式：check_scan
2024-12-01 02:41:55,607 - 離開函式：check_scan
2024-12-01 02:41:57,944 - 進入函式：check_scan
2024-12-01 02:41:58,286 - 離開函式：check_scan
2024-12-01 02:41:59,590 - === 時間戳記 2024-12-01 02:41:59.590705 ===
目前執行函式：wait_for_scan_complete

2024-12-01 02:42:00,623 - 進入函式：check_scan
2024-12-01 02:42:00,966 - 離開函式：check_scan
2024-12-01 02:42:03,302 - 進入函式：check_scan
2024-12-01 02:42:03,644 - 離開函式：check_scan
2024-12-01 02:42:04,595 - === 時間戳記 2024-12-01 02:42:04.595053 ===
目前執行函式：wait_for_scan_complete

2024-12-01 02:42:05,981 - 進入函式：check_scan
2024-12-01 02:42:06,324 - 離開函式：check_scan
2024-12-01 02:42:08,660 - 進入函式：check_scan
2024-12-01 02:42:09,003 - 離開函式：check_scan
2024-12-01 02:42:09,599 - === 時間戳記 2024-12-01 02:42:09.599944 ===
目前執行函式：wait_for_scan_complete

2024-12-01 02:42:11,339 - 進入函式：check_scan
2024-12-01 02:42:11,681 - 離開函式：check_scan
2024-12-01 02:42:14,018 - 進入函式：check_scan
2024-12-01 02:42:14,364 - 離開函式：check_scan
2024-12-01 02:42:14,603 - === 時間戳記 2024-12-01 02:42:14.603798 ===
目前執行函式：wait_for_scan_complete

2024-12-01 02:42:16,699 - 進入函式：check_scan
2024-12-01 02:42:17,042 - 離開函式：check_scan
2024-12-01 02:42:19,379 - 進入函式：check_scan
2024-12-01 02:42:19,607 - === 時間戳記 2024-12-01 02:42:19.607928 ===
目前執行函式：check_scan -> wait_for_scan_complete

2024-12-01 02:42:19,721 - 離開函式：check_scan
2024-12-01 02:42:22,060 - 進入函式：check_scan
2024-12-01 02:42:22,401 - 離開函式：check_scan
2024-12-01 02:42:24,612 - === 時間戳記 2024-12-01 02:42:24.612848 ===
目前執行函式：wait_for_scan_complete

2024-12-01 02:42:24,738 - 進入函式：check_scan
2024-12-01 02:42:25,080 - 離開函式：check_scan
2024-12-01 02:42:27,418 - 進入函式：check_scan
2024-12-01 02:42:27,761 - 離開函式：check_scan
2024-12-01 02:42:29,616 - === 時間戳記 2024-12-01 02:42:29.616763 ===
目前執行函式：wait_for_scan_complete

2024-12-01 02:42:30,098 - 進入函式：check_scan
2024-12-01 02:42:30,441 - 離開函式：check_scan
2024-12-01 02:42:32,778 - 進入函式：check_scan
2024-12-01 02:42:33,123 - 離開函式：check_scan
2024-12-01 02:42:34,621 - === 時間戳記 2024-12-01 02:42:34.621205 ===
目前執行函式：wait_for_scan_complete

2024-12-01 02:42:35,458 - 進入函式：check_scan
2024-12-01 02:42:35,801 - 離開函式：check_scan
2024-12-01 02:42:38,138 - 進入函式：check_scan
2024-12-01 02:42:38,483 - 離開函式：check_scan
2024-12-01 02:42:39,626 - === 時間戳記 2024-12-01 02:42:39.626053 ===
目前執行函式：wait_for_scan_complete

2024-12-01 02:42:40,818 - 進入函式：check_scan
2024-12-01 02:42:41,161 - 離開函式：check_scan
2024-12-01 02:42:43,498 - 進入函式：check_scan
2024-12-01 02:42:43,842 - 離開函式：check_scan
2024-12-01 02:42:44,630 - === 時間戳記 2024-12-01 02:42:44.630749 ===
目前執行函式：wait_for_scan_complete

2024-12-01 02:42:46,177 - 進入函式：check_scan
2024-12-01 02:42:46,520 - 離開函式：check_scan
2024-12-01 02:42:48,856 - 進入函式：check_scan
2024-12-01 02:42:49,197 - 離開函式：check_scan
2024-12-01 02:42:49,635 - === 時間戳記 2024-12-01 02:42:49.635211 ===
目前執行函式：wait_for_scan_complete

2024-12-01 02:42:51,538 - 進入函式：check_scan
2024-12-01 02:42:51,878 - 離開函式：check_scan
2024-12-01 02:42:54,216 - 進入函式：check_scan
2024-12-01 02:42:54,558 - 離開函式：check_scan
2024-12-01 02:42:54,639 - === 時間戳記 2024-12-01 02:42:54.639831 ===
目前執行函式：wait_for_scan_complete

2024-12-01 02:42:56,897 - 進入函式：check_scan
2024-12-01 02:42:57,240 - 離開函式：check_scan
2024-12-01 02:42:59,576 - 進入函式：check_scan
2024-12-01 02:42:59,645 - === 時間戳記 2024-12-01 02:42:59.645342 ===
目前執行函式：check_scan -> wait_for_scan_complete

2024-12-01 02:42:59,920 - 離開函式：check_scan
2024-12-01 02:43:02,257 - 進入函式：check_scan
2024-12-01 02:43:02,600 - 離開函式：check_scan
2024-12-01 02:43:04,649 - === 時間戳記 2024-12-01 02:43:04.649024 ===
目前執行函式：wait_for_scan_complete

2024-12-01 02:43:04,938 - 進入函式：check_scan
2024-12-01 02:43:05,280 - 離開函式：check_scan
2024-12-01 02:43:07,617 - 進入函式：check_scan
2024-12-01 02:43:07,960 - 離開函式：check_scan
2024-12-01 02:43:09,653 - === 時間戳記 2024-12-01 02:43:09.653780 ===
目前執行函式：wait_for_scan_complete

2024-12-01 02:43:10,296 - 進入函式：check_scan
2024-12-01 02:43:10,637 - 離開函式：check_scan
2024-12-01 02:43:12,974 - 進入函式：check_scan
2024-12-01 02:43:13,315 - 離開函式：check_scan
2024-12-01 02:43:14,658 - === 時間戳記 2024-12-01 02:43:14.658228 ===
目前執行函式：wait_for_scan_complete

2024-12-01 02:43:15,654 - 進入函式：check_scan
2024-12-01 02:43:15,996 - 離開函式：check_scan
2024-12-01 02:43:18,332 - 進入函式：check_scan
2024-12-01 02:43:18,676 - 離開函式：check_scan
2024-12-01 02:43:19,662 - === 時間戳記 2024-12-01 02:43:19.662863 ===
目前執行函式：wait_for_scan_complete

2024-12-01 02:43:21,013 - 進入函式：check_scan
2024-12-01 02:43:21,357 - 離開函式：check_scan
2024-12-01 02:43:23,692 - 進入函式：check_scan
2024-12-01 02:43:24,034 - 離開函式：check_scan
2024-12-01 02:43:24,667 - === 時間戳記 2024-12-01 02:43:24.667807 ===
目前執行函式：wait_for_scan_complete

2024-12-01 02:43:26,371 - 進入函式：check_scan
2024-12-01 02:43:26,713 - 離開函式：check_scan
2024-12-01 02:43:29,050 - 進入函式：check_scan
2024-12-01 02:43:29,391 - 離開函式：check_scan
2024-12-01 02:43:29,672 - === 時間戳記 2024-12-01 02:43:29.672405 ===
目前執行函式：wait_for_scan_complete

2024-12-01 02:43:31,728 - 進入函式：check_scan
2024-12-01 02:43:32,071 - 離開函式：check_scan
2024-12-01 02:43:34,407 - 進入函式：check_scan
2024-12-01 02:43:34,677 - === 時間戳記 2024-12-01 02:43:34.677614 ===
目前執行函式：check_scan -> wait_for_scan_complete

2024-12-01 02:43:34,750 - 離開函式：check_scan
2024-12-01 02:43:37,087 - 進入函式：check_scan
2024-12-01 02:43:37,428 - 離開函式：check_scan
2024-12-01 02:43:39,683 - === 時間戳記 2024-12-01 02:43:39.683350 ===
目前執行函式：wait_for_scan_complete

2024-12-01 02:43:39,765 - 進入函式：check_scan
2024-12-01 02:43:40,107 - 離開函式：check_scan
2024-12-01 02:43:42,444 - 進入函式：check_scan
2024-12-01 02:43:42,787 - 離開函式：check_scan
2024-12-01 02:43:44,688 - === 時間戳記 2024-12-01 02:43:44.688049 ===
目前執行函式：wait_for_scan_complete

2024-12-01 02:43:45,123 - 進入函式：check_scan
2024-12-01 02:43:45,466 - 離開函式：check_scan
2024-12-01 02:43:47,803 - 進入函式：check_scan
2024-12-01 02:43:48,146 - 離開函式：check_scan
2024-12-01 02:43:49,693 - === 時間戳記 2024-12-01 02:43:49.693138 ===
目前執行函式：wait_for_scan_complete

2024-12-01 02:43:50,483 - 進入函式：check_scan
2024-12-01 02:43:50,825 - 離開函式：check_scan
2024-12-01 02:43:53,162 - 進入函式：check_scan
2024-12-01 02:43:53,505 - 離開函式：check_scan
2024-12-01 02:43:54,697 - === 時間戳記 2024-12-01 02:43:54.697968 ===
目前執行函式：wait_for_scan_complete

2024-12-01 02:43:55,841 - 進入函式：check_scan
2024-12-01 02:43:56,184 - 離開函式：check_scan
2024-12-01 02:43:58,521 - 進入函式：check_scan
2024-12-01 02:43:58,864 - 離開函式：check_scan
2024-12-01 02:43:59,702 - === 時間戳記 2024-12-01 02:43:59.702877 ===
目前執行函式：wait_for_scan_complete

2024-12-01 02:44:01,200 - 進入函式：check_scan
2024-12-01 02:44:01,543 - 離開函式：check_scan
2024-12-01 02:44:03,880 - 進入函式：check_scan
2024-12-01 02:44:04,224 - 離開函式：check_scan
2024-12-01 02:44:04,707 - === 時間戳記 2024-12-01 02:44:04.707832 ===
目前執行函式：wait_for_scan_complete

2024-12-01 02:44:06,560 - 進入函式：check_scan
2024-12-01 02:44:06,905 - 離開函式：check_scan
2024-12-01 02:44:09,242 - 進入函式：check_scan
2024-12-01 02:44:09,588 - 離開函式：check_scan
2024-12-01 02:44:09,712 - === 時間戳記 2024-12-01 02:44:09.712260 ===
目前執行函式：wait_for_scan_complete

2024-12-01 02:44:11,924 - 進入函式：check_scan
2024-12-01 02:44:12,267 - 離開函式：check_scan
2024-12-01 02:44:14,604 - 進入函式：check_scan
2024-12-01 02:44:14,717 - === 時間戳記 2024-12-01 02:44:14.717568 ===
目前執行函式：check_scan -> wait_for_scan_complete

2024-12-01 02:44:14,949 - 離開函式：check_scan
2024-12-01 02:44:17,285 - 進入函式：check_scan
2024-12-01 02:44:17,628 - 離開函式：check_scan
2024-12-01 02:44:19,723 - === 時間戳記 2024-12-01 02:44:19.723134 ===
目前執行函式：wait_for_scan_complete

2024-12-01 02:44:19,965 - 進入函式：check_scan
2024-12-01 02:44:20,310 - 離開函式：check_scan
2024-12-01 02:44:22,645 - 進入函式：check_scan
2024-12-01 02:44:22,988 - 離開函式：check_scan
2024-12-01 02:44:24,727 - === 時間戳記 2024-12-01 02:44:24.727809 ===
目前執行函式：wait_for_scan_complete

2024-12-01 02:44:25,325 - 進入函式：check_scan
2024-12-01 02:44:25,666 - 離開函式：check_scan
2024-12-01 02:44:28,004 - 進入函式：check_scan
2024-12-01 02:44:28,345 - 離開函式：check_scan
2024-12-01 02:44:29,732 - === 時間戳記 2024-12-01 02:44:29.732322 ===
目前執行函式：wait_for_scan_complete

2024-12-01 02:44:30,682 - 進入函式：check_scan
2024-12-01 02:44:31,025 - 離開函式：check_scan
2024-12-01 02:44:33,362 - 進入函式：check_scan
2024-12-01 02:44:33,704 - 離開函式：check_scan
2024-12-01 02:44:34,737 - === 時間戳記 2024-12-01 02:44:34.737080 ===
目前執行函式：wait_for_scan_complete

2024-12-01 02:44:36,041 - 進入函式：check_scan
2024-12-01 02:44:36,384 - 離開函式：check_scan
2024-12-01 02:44:38,721 - 進入函式：check_scan
2024-12-01 02:44:39,064 - 離開函式：check_scan
2024-12-01 02:44:39,741 - === 時間戳記 2024-12-01 02:44:39.741725 ===
目前執行函式：wait_for_scan_complete

2024-12-01 02:44:41,401 - 進入函式：check_scan
2024-12-01 02:44:41,743 - 離開函式：check_scan
2024-12-01 02:44:44,080 - 進入函式：check_scan
2024-12-01 02:44:44,424 - 離開函式：check_scan
2024-12-01 02:44:44,746 - === 時間戳記 2024-12-01 02:44:44.746456 ===
目前執行函式：wait_for_scan_complete

2024-12-01 02:44:46,759 - 進入函式：check_scan
2024-12-01 02:44:47,102 - 離開函式：check_scan
2024-12-01 02:44:49,439 - 進入函式：check_scan
2024-12-01 02:44:49,751 - === 時間戳記 2024-12-01 02:44:49.751270 ===
目前執行函式：check_scan -> wait_for_scan_complete

2024-12-01 02:44:49,781 - 離開函式：check_scan
2024-12-01 02:44:52,119 - 進入函式：check_scan
2024-12-01 02:44:52,461 - 離開函式：check_scan
2024-12-01 02:44:54,755 - === 時間戳記 2024-12-01 02:44:54.755735 ===
目前執行函式：wait_for_scan_complete

2024-12-01 02:44:54,796 - 進入函式：check_scan
2024-12-01 02:44:55,138 - 離開函式：check_scan
2024-12-01 02:44:57,476 - 進入函式：check_scan
2024-12-01 02:44:57,819 - 離開函式：check_scan
2024-12-01 02:44:59,760 - === 時間戳記 2024-12-01 02:44:59.760544 ===
目前執行函式：wait_for_scan_complete

2024-12-01 02:45:00,155 - 進入函式：check_scan
2024-12-01 02:45:00,498 - 離開函式：check_scan
2024-12-01 02:45:02,836 - 進入函式：check_scan
2024-12-01 02:45:03,179 - 離開函式：check_scan
2024-12-01 02:45:04,766 - === 時間戳記 2024-12-01 02:45:04.766167 ===
目前執行函式：wait_for_scan_complete

2024-12-01 02:45:05,516 - 進入函式：check_scan
2024-12-01 02:45:05,858 - 離開函式：check_scan
2024-12-01 02:45:08,195 - 進入函式：check_scan
2024-12-01 02:45:08,539 - 離開函式：check_scan
2024-12-01 02:45:09,771 - === 時間戳記 2024-12-01 02:45:09.771029 ===
目前執行函式：wait_for_scan_complete

2024-12-01 02:45:10,875 - 進入函式：check_scan
2024-12-01 02:45:11,219 - 離開函式：check_scan
2024-12-01 02:45:13,556 - 進入函式：check_scan
2024-12-01 02:45:13,898 - 離開函式：check_scan
2024-12-01 02:45:14,776 - === 時間戳記 2024-12-01 02:45:14.776498 ===
目前執行函式：wait_for_scan_complete

2024-12-01 02:45:16,236 - 進入函式：check_scan
2024-12-01 02:45:16,579 - 離開函式：check_scan
2024-12-01 02:45:18,916 - 進入函式：check_scan
2024-12-01 02:45:19,258 - 離開函式：check_scan
2024-12-01 02:45:19,780 - === 時間戳記 2024-12-01 02:45:19.780990 ===
目前執行函式：wait_for_scan_complete

2024-12-01 02:45:21,595 - 進入函式：check_scan
2024-12-01 02:45:21,937 - 離開函式：check_scan
2024-12-01 02:45:24,275 - 進入函式：check_scan
2024-12-01 02:45:24,618 - 離開函式：check_scan
2024-12-01 02:45:24,785 - === 時間戳記 2024-12-01 02:45:24.785438 ===
目前執行函式：wait_for_scan_complete

2024-12-01 02:45:26,954 - 進入函式：check_scan
2024-12-01 02:45:27,296 - 離開函式：check_scan
2024-12-01 02:45:29,634 - 進入函式：check_scan
2024-12-01 02:45:29,790 - === 時間戳記 2024-12-01 02:45:29.790162 ===
目前執行函式：check_scan -> wait_for_scan_complete

2024-12-01 02:45:29,976 - 離開函式：check_scan
2024-12-01 02:45:32,311 - 進入函式：check_scan
2024-12-01 02:45:32,653 - 離開函式：check_scan
2024-12-01 02:45:34,795 - === 時間戳記 2024-12-01 02:45:34.795633 ===
目前執行函式：wait_for_scan_complete

2024-12-01 02:45:34,991 - 進入函式：check_scan
2024-12-01 02:45:35,333 - 離開函式：check_scan
2024-12-01 02:45:37,670 - 進入函式：check_scan
2024-12-01 02:45:38,013 - 離開函式：check_scan
2024-12-01 02:45:39,800 - === 時間戳記 2024-12-01 02:45:39.800342 ===
目前執行函式：wait_for_scan_complete

2024-12-01 02:45:40,350 - 進入函式：check_scan
2024-12-01 02:45:40,692 - 離開函式：check_scan
2024-12-01 02:45:43,029 - 進入函式：check_scan
2024-12-01 02:45:43,372 - 離開函式：check_scan
2024-12-01 02:45:44,805 - === 時間戳記 2024-12-01 02:45:44.805510 ===
目前執行函式：wait_for_scan_complete

2024-12-01 02:45:45,709 - 進入函式：check_scan
2024-12-01 02:45:46,052 - 離開函式：check_scan
2024-12-01 02:45:48,389 - 進入函式：check_scan
2024-12-01 02:45:48,732 - 離開函式：check_scan
2024-12-01 02:45:49,810 - === 時間戳記 2024-12-01 02:45:49.810701 ===
目前執行函式：wait_for_scan_complete

2024-12-01 02:45:51,069 - 進入函式：check_scan
2024-12-01 02:45:51,413 - 離開函式：check_scan
2024-12-01 02:45:53,750 - 進入函式：check_scan
2024-12-01 02:45:54,091 - 離開函式：check_scan
2024-12-01 02:45:54,816 - === 時間戳記 2024-12-01 02:45:54.816125 ===
目前執行函式：wait_for_scan_complete

2024-12-01 02:45:56,429 - 進入函式：check_scan
2024-12-01 02:45:56,770 - 離開函式：check_scan
2024-12-01 02:45:59,108 - 進入函式：check_scan
2024-12-01 02:45:59,450 - 離開函式：check_scan
2024-12-01 02:45:59,820 - === 時間戳記 2024-12-01 02:45:59.820862 ===
目前執行函式：wait_for_scan_complete

2024-12-01 02:46:01,787 - 進入函式：check_scan
2024-12-01 02:46:02,129 - 離開函式：check_scan
2024-12-01 02:46:04,467 - 進入函式：check_scan
2024-12-01 02:46:04,809 - 離開函式：check_scan
2024-12-01 02:46:04,826 - === 時間戳記 2024-12-01 02:46:04.826337 ===
目前執行函式：wait_for_scan_complete

2024-12-01 02:46:07,147 - 進入函式：check_scan
2024-12-01 02:46:07,490 - 離開函式：check_scan
2024-12-01 02:46:09,827 - 進入函式：check_scan
2024-12-01 02:46:09,831 - === 時間戳記 2024-12-01 02:46:09.831803 ===
目前執行函式：check_scan -> wait_for_scan_complete

2024-12-01 02:46:10,169 - 離開函式：check_scan
2024-12-01 02:46:12,506 - 進入函式：check_scan
2024-12-01 02:46:12,849 - 離開函式：check_scan
2024-12-01 02:46:14,836 - === 時間戳記 2024-12-01 02:46:14.836652 ===
目前執行函式：wait_for_scan_complete

2024-12-01 02:46:15,185 - 進入函式：check_scan
2024-12-01 02:46:15,529 - 離開函式：check_scan
2024-12-01 02:46:17,867 - 進入函式：check_scan
2024-12-01 02:46:18,210 - 離開函式：check_scan
2024-12-01 02:46:19,841 - === 時間戳記 2024-12-01 02:46:19.841484 ===
目前執行函式：wait_for_scan_complete

2024-12-01 02:46:20,547 - 進入函式：check_scan
2024-12-01 02:46:20,891 - 離開函式：check_scan
2024-12-01 02:46:23,228 - 進入函式：check_scan
2024-12-01 02:46:23,571 - 離開函式：check_scan
2024-12-01 02:46:24,846 - === 時間戳記 2024-12-01 02:46:24.846091 ===
目前執行函式：wait_for_scan_complete

2024-12-01 02:46:25,908 - 進入函式：check_scan
2024-12-01 02:46:26,250 - 離開函式：check_scan
2024-12-01 02:46:28,588 - 進入函式：check_scan
2024-12-01 02:46:28,931 - 離開函式：check_scan
2024-12-01 02:46:29,851 - === 時間戳記 2024-12-01 02:46:29.851602 ===
目前執行函式：wait_for_scan_complete

2024-12-01 02:46:31,268 - 進入函式：check_scan
2024-12-01 02:46:31,611 - 離開函式：check_scan
2024-12-01 02:46:33,948 - 進入函式：check_scan
2024-12-01 02:46:34,291 - 離開函式：check_scan
2024-12-01 02:46:34,856 - === 時間戳記 2024-12-01 02:46:34.856356 ===
目前執行函式：wait_for_scan_complete

2024-12-01 02:46:36,627 - 進入函式：check_scan
2024-12-01 02:46:36,970 - 離開函式：check_scan
2024-12-01 02:46:39,307 - 進入函式：check_scan
2024-12-01 02:46:39,649 - 離開函式：check_scan
2024-12-01 02:46:39,861 - === 時間戳記 2024-12-01 02:46:39.861403 ===
目前執行函式：wait_for_scan_complete

2024-12-01 02:46:41,986 - 進入函式：check_scan
2024-12-01 02:46:42,328 - 離開函式：check_scan
2024-12-01 02:46:44,665 - 進入函式：check_scan
2024-12-01 02:46:44,866 - === 時間戳記 2024-12-01 02:46:44.866823 ===
目前執行函式：check_scan -> wait_for_scan_complete

2024-12-01 02:46:45,008 - 離開函式：check_scan
2024-12-01 02:46:47,345 - 進入函式：check_scan
2024-12-01 02:46:47,689 - 離開函式：check_scan
2024-12-01 02:46:49,870 - === 時間戳記 2024-12-01 02:46:49.870864 ===
目前執行函式：wait_for_scan_complete

2024-12-01 02:46:50,026 - 進入函式：check_scan
2024-12-01 02:46:50,368 - 離開函式：check_scan
2024-12-01 02:46:52,706 - 進入函式：check_scan
2024-12-01 02:46:53,049 - 離開函式：check_scan
2024-12-01 02:46:54,876 - === 時間戳記 2024-12-01 02:46:54.876036 ===
目前執行函式：wait_for_scan_complete

2024-12-01 02:46:55,386 - 進入函式：check_scan
2024-12-01 02:46:55,387 - 離開函式：check_scan
2024-12-01 02:46:55,387 - 離開函式：wait_for_scan_complete
