2024-11-24 14:03:06,788 - 進入函數: auto_move_scan_area
2024-11-24 14:03:11,813 - === 時間戳記 2024-11-24 14:03:11.813886 ===
目前執行堆疊: auto_move_scan_area

2024-11-24 14:03:16,839 - === 時間戳記 2024-11-24 14:03:16.839086 ===
目前執行堆疊: auto_move_scan_area

2024-11-24 14:03:21,863 - === 時間戳記 2024-11-24 14:03:21.863874 ===
目前執行堆疊: auto_move_scan_area

2024-11-24 14:03:26,888 - === 時間戳記 2024-11-24 14:03:26.888622 ===
目前執行堆疊: auto_move_scan_area

2024-11-24 14:03:31,913 - === 時間戳記 2024-11-24 14:03:31.913859 ===
目前執行堆疊: auto_move_scan_area

2024-11-24 14:03:36,939 - === 時間戳記 2024-11-24 14:03:36.939055 ===
目前執行堆疊: auto_move_scan_area

2024-11-24 14:03:41,964 - === 時間戳記 2024-11-24 14:03:41.964244 ===
目前執行堆疊: auto_move_scan_area

2024-11-24 14:03:46,989 - === 時間戳記 2024-11-24 14:03:46.989437 ===
目前執行堆疊: auto_move_scan_area

2024-11-24 14:03:52,014 - === 時間戳記 2024-11-24 14:03:52.014642 ===
目前執行堆疊: auto_move_scan_area

2024-11-24 14:03:57,039 - === 時間戳記 2024-11-24 14:03:57.039839 ===
目前執行堆疊: auto_move_scan_area

2024-11-24 14:04:02,065 - === 時間戳記 2024-11-24 14:04:02.065026 ===
目前執行堆疊: auto_move_scan_area

2024-11-24 14:04:07,089 - === 時間戳記 2024-11-24 14:04:07.089778 ===
目前執行堆疊: auto_move_scan_area

2024-11-24 14:04:12,114 - === 時間戳記 2024-11-24 14:04:12.114975 ===
目前執行堆疊: auto_move_scan_area

2024-11-24 14:04:17,140 - === 時間戳記 2024-11-24 14:04:17.140164 ===
目前執行堆疊: auto_move_scan_area

2024-11-24 14:04:22,165 - === 時間戳記 2024-11-24 14:04:22.165345 ===
目前執行堆疊: auto_move_scan_area

2024-11-24 14:04:27,190 - === 時間戳記 2024-11-24 14:04:27.190066 ===
目前執行堆疊: auto_move_scan_area

2024-11-24 14:04:32,215 - === 時間戳記 2024-11-24 14:04:32.215382 ===
目前執行堆疊: auto_move_scan_area

2024-11-24 14:04:37,239 - === 時間戳記 2024-11-24 14:04:37.239746 ===
目前執行堆疊: auto_move_scan_area

2024-11-24 14:04:42,264 - === 時間戳記 2024-11-24 14:04:42.264955 ===
目前執行堆疊: auto_move_scan_area

2024-11-24 14:04:47,290 - === 時間戳記 2024-11-24 14:04:47.290174 ===
目前執行堆疊: auto_move_scan_area

2024-11-24 14:04:52,315 - === 時間戳記 2024-11-24 14:04:52.315369 ===
目前執行堆疊: auto_move_scan_area

2024-11-24 14:04:57,340 - === 時間戳記 2024-11-24 14:04:57.340110 ===
目前執行堆疊: auto_move_scan_area

2024-11-24 14:05:02,365 - === 時間戳記 2024-11-24 14:05:02.365325 ===
目前執行堆疊: auto_move_scan_area

2024-11-24 14:05:07,389 - === 時間戳記 2024-11-24 14:05:07.389806 ===
目前執行堆疊: auto_move_scan_area

2024-11-24 14:05:12,415 - === 時間戳記 2024-11-24 14:05:12.415016 ===
目前執行堆疊: auto_move_scan_area

2024-11-24 14:05:16,966 - 離開函數: auto_move_scan_area
2024-11-24 14:05:16,966 - 進入函數: safe_shutdown
2024-11-24 14:05:17,440 - === 時間戳記 2024-11-24 14:05:17.440217 ===
目前執行堆疊: safe_shutdown

2024-11-24 14:05:17,741 - 離開函數: safe_shutdown
